#
# A fatal error has been detected by the Java Runtime Environment:
#
#  SIGSEGV (0xb) at pc=0x00007f36ee7c1f57, pid=1739, tid=139872582997760
#
# JRE version: Java(TM) SE Runtime Environment (7.0_71-b14) (build 1.7.0_71-b14)
# Java VM: Java HotSpot(TM) 64-Bit Server VM (24.71-b01 mixed mode linux-amd64 compressed oops)
# Problematic frame:
# C  [libc.so.6+0x148f57]  __nss_hosts_lookup+0x11cd7
#
# Failed to write core dump. Core dumps have been disabled. To enable core dumping, try "ulimit -c unlimited" before starting Java again
#
# If you would like to submit a bug report, please visit:
#   http://bugreport.sun.com/bugreport/crash.jsp
# The crash happened outside the Java Virtual Machine in native code.
# See problematic frame for where to report the bug.
#

---------------  T H R E A D  ---------------

Current thread (0x00007f36e90e0800):  JavaThread "Scanner-0" daemon [_thread_in_native, id=1797, stack(0x00007f369f8f9000,0x00007f369f9fa000)]

siginfo:si_signo=SIGSEGV: si_errno=0, si_code=2 (SEGV_ACCERR), si_addr=0x00007f36dd096000

Registers:
RAX=0x00007f36c022fb70, RBX=0x000000000000efd3, RCX=0x0000000000004000, RDX=0x00000000000028c3
RSP=0x00007f369f9f7c98, RBP=0x00007f369f9f7cf0, RSI=0x00007f36dd095fc9, RDI=0x00007f36c023c200
R8 =0x00007f36c022fb70, R9 =0x00007f36ee7c1f40, R10=0x00007f36c0000078, R11=0x00007f36ee7fffb0
R12=0x00007f36dd08990b, R13=0x00007f36c0019950, R14=0x00000000000005a4, R15=0x00007f36e8a85fc0
RIP=0x00007f36ee7c1f57, EFLAGS=0x0000000000010206, CSGSFS=0x0000000000000033, ERR=0x0000000000000004
  TRAPNO=0x000000000000000e

Top of Stack: (sp=0x00007f369f9f7c98)
0x00007f369f9f7c98:   00007f36e75adb07 00007f369f9f7df0
0x00007f369f9f7ca8:   28efa43600000001 000000000000efd3
0x00007f369f9f7cb8:   000000000d319874 00007f36c0019950
0x00007f369f9f7cc8:   0000000000000000 00007f36e8a85fc0
0x00007f369f9f7cd8:   00007f369f9f7df0 00007f369f9f7d50
0x00007f369f9f7ce8:   00007f36e90e0800 00007f369f9f7d10
0x00007f369f9f7cf8:   00007f36e75adfd3 00007f369f9f7dc0
0x00007f369f9f7d08:   0000000000000000 00007f369f9f7d60
0x00007f369f9f7d18:   00007f36e4625956 00007f369f9f7e38
0x00007f369f9f7d28:   00007f369f9f7dc0 0000000000000000
0x00007f369f9f7d38:   00007f369f9f7df0 00007f369f9f7eb0
0x00007f369f9f7d48:   00007f36e90e0800 0000000784fa7af0
0x00007f369f9f7d58:   00007f36e4607348 0000000000000000
0x00007f369f9f7d68:   00007f36e46ecdb4 00000007dc62c608
0x00007f369f9f7d78:   00000007dc62c5f0 00000007f0d81083
0x00007f369f9f7d88:   0000000786c08418 00007f36e8a85fc0
0x00007f369f9f7d98:   00007f36e4625e84 00000007dc62c5f0
0x00007f369f9f7da8:   00000000000000b9 0000000000000000
0x00007f369f9f7db8:   000000078284431e 00000068f4bd4509
0x00007f369f9f7dc8:   00007f36e90e0800 00007f369f9f7e38
0x00007f369f9f7dd8:   00007f36e45af961 00007f36e45af2b3
0x00007f369f9f7de8:   00007f36e45af961 00000007dc62c608
0x00007f369f9f7df8:   00007f369f9f7df8 000000078284431e
0x00007f369f9f7e08:   00007f369f9f7eb0 0000000782846300
0x00007f369f9f7e18:   0000000000000000 0000000782844600
0x00007f369f9f7e28:   00007f369f9f7df0 00007f369f9f7e98
0x00007f369f9f7e38:   00007f369f9f7ef8 00007f36e45af0d8
0x00007f369f9f7e48:   0000000000000000 0000000000000000
0x00007f369f9f7e58:   0000000000000000 0000000000000000
0x00007f369f9f7e68:   0000000000000000 00000007dc62c608
0x00007f369f9f7e78:   00000007dc62c428 0000000786c08418
0x00007f369f9f7e88:   0000000000000000 00000007dc62c330 

Instructions: (pc=0x00007f36ee7c1f57)
0x00007f36ee7c1f37:   48 8d 52 c0 41 ff e1 0f 0b 0f 18 86 c0 01 00 00
0x00007f36ee7c1f47:   48 83 ea 40 0f 28 56 07 0f 28 5e 17 0f 28 66 27
0x00007f36ee7c1f57:   0f 28 6e 37 66 0f 6f f5 66 0f 3a 0f ec 09 48 8d
0x00007f36ee7c1f67:   76 40 66 0f 3a 0f e3 09 66 0f 3a 0f da 09 48 8d 

Register to memory mapping:

RAX=0x00007f36c022fb70 is an unknown value
RBX=0x000000000000efd3 is an unknown value
RCX=0x0000000000004000 is an unknown value
RDX=0x00000000000028c3 is an unknown value
RSP=0x00007f369f9f7c98 is pointing into the stack for thread: 0x00007f36e90e0800
RBP=0x00007f369f9f7cf0 is pointing into the stack for thread: 0x00007f36e90e0800
RSI=0x00007f36dd095fc9 is an unknown value
RDI=0x00007f36c023c200 is an unknown value
R8 =0x00007f36c022fb70 is an unknown value
R9 =0x00007f36ee7c1f40: <offset 0x148f40> in /lib/x86_64-linux-gnu/libc.so.6 at 0x00007f36ee679000
R10=0x00007f36c0000078 is an unknown value
R11=0x00007f36ee7fffb0: <offset 0x186fb0> in /lib/x86_64-linux-gnu/libc.so.6 at 0x00007f36ee679000
R12=0x00007f36dd08990b is an unknown value
R13=0x00007f36c0019950 is an unknown value
R14=0x00000000000005a4 is an unknown value
R15=0x00007f36e8a85fc0 is an unknown value


Stack: [0x00007f369f8f9000,0x00007f369f9fa000],  sp=0x00007f369f9f7c98,  free space=1019k
Native frames: (J=compiled Java code, j=interpreted, Vv=VM code, C=native code)
C  [libc.so.6+0x148f57]  __nss_hosts_lookup+0x11cd7
C  [libzip.so+0x4fd3]  ZIP_GetNextEntry+0x53
J 793  java.util.zip.ZipFile.getNextEntry(JI)J (0 bytes) @ 0x00007f36e4625956 [0x00007f36e46258a0+0xb6]

Java frames: (J=compiled Java code, j=interpreted, Vv=VM code)
J 793  java.util.zip.ZipFile.getNextEntry(JI)J (0 bytes) @ 0x00007f36e46258e4 [0x00007f36e46258a0+0x44]
J 788 C2 java.util.jar.JarFile$1.nextElement()Ljava/lang/Object; (5 bytes) @ 0x00007f36e46ecdb4 [0x00007f36e46ecca0+0x114]
j  org.apache.jasper.runtime.TldScanner.scanJar(Ljava/net/JarURLConnection;Ljava/util/List;Z)V+158
j  org.apache.jasper.runtime.TldScanner.scanJars()V+228
j  org.apache.jasper.runtime.TldScanner.scanTlds()V+28
j  org.apache.jasper.runtime.TldScanner.onStartup(Ljava/util/Set;Ljavax/servlet/ServletContext;)V+73
j  org.eclipse.jetty.plus.annotation.ContainerInitializer.callStartup(Lorg/eclipse/jetty/webapp/WebAppContext;)V+182
j  org.eclipse.jetty.annotations.ServletContainerInitializersStarter.doStart()V+100
j  org.eclipse.jetty.util.component.AbstractLifeCycle.start()V+31
j  org.eclipse.jetty.servlet.ServletContextHandler.startContext()V+16
j  org.eclipse.jetty.webapp.WebAppContext.startContext()V+13
j  org.eclipse.jetty.server.handler.ContextHandler.doStart()V+134
j  org.eclipse.jetty.webapp.WebAppContext.doStart()V+16
j  org.eclipse.jetty.maven.plugin.JettyWebAppContext.doStart()V+240
j  org.eclipse.jetty.util.component.AbstractLifeCycle.start()V+31
j  org.eclipse.jetty.maven.plugin.JettyRunMojo.restartWebApp(Z)V+272
j  org.eclipse.jetty.maven.plugin.JettyRunMojo$1.filesChanged(Ljava/util/List;)V+25
j  org.eclipse.jetty.util.Scanner.reportBulkChanges(Ljava/util/List;)V+41
j  org.eclipse.jetty.util.Scanner.reportDifferences(Ljava/util/Map;Ljava/util/Map;)V+632
j  org.eclipse.jetty.util.Scanner.scan()V+28
j  org.eclipse.jetty.util.Scanner$1.run()V+4
j  java.util.TimerThread.mainLoop()V+221
j  java.util.TimerThread.run()V+1
v  ~StubRoutines::call_stub

---------------  P R O C E S S  ---------------

Java Threads: ( => current thread )
  0x00000000015e7000 JavaThread "qtp172811994-46" [_thread_blocked, id=3354, stack(0x00007f369fafb000,0x00007f369fbfc000)]
  0x00007f36a05da800 JavaThread "qtp172811994-45" [_thread_blocked, id=3353, stack(0x00007f36dcd2f000,0x00007f36dce30000)]
  0x00007f36d8035800 JavaThread "DubboSharedHandler-thread-1" daemon [_thread_blocked, id=3350, stack(0x00007f369fdfe000,0x00007f369feff000)]
  0x000000000129f800 JavaThread "DubboResponseTimeoutScanTimer" daemon [_thread_blocked, id=1809, stack(0x00007f369f7f8000,0x00007f369f8f9000)]
=>0x00007f36e90e0800 JavaThread "Scanner-0" daemon [_thread_in_native, id=1797, stack(0x00007f369f8f9000,0x00007f369f9fa000)]
  0x00007f36e963f000 JavaThread "dubbo-remoting-client-heartbeat-thread-2" daemon [_thread_blocked, id=1795, stack(0x00007f369f9fa000,0x00007f369fafb000)]
  0x00007f36e963d800 JavaThread "DubboClientReconnectTimer-thread-2" daemon [_thread_blocked, id=1792, stack(0x00007f369fbfc000,0x00007f369fcfd000)]
  0x00007f36e9609000 JavaThread "dubbo-remoting-client-heartbeat-thread-1" daemon [_thread_blocked, id=1791, stack(0x00007f369fcfd000,0x00007f369fdfe000)]
  0x00007f36a0b1e800 JavaThread "Hashed wheel timer #1" [_thread_blocked, id=1789, stack(0x00007f369feff000,0x00007f36a0000000)]
  0x00007f36e9611000 JavaThread "DubboClientReconnectTimer-thread-1" daemon [_thread_blocked, id=1787, stack(0x00007f36dc320000,0x00007f36dc421000)]
  0x00007f36e9591800 JavaThread "New I/O boss #4" daemon [_thread_in_native, id=1786, stack(0x00007f36dc421000,0x00007f36dc522000)]
  0x00007f36e958d800 JavaThread "New I/O worker #3" daemon [_thread_in_native, id=1785, stack(0x00007f36dc522000,0x00007f36dc623000)]
  0x00007f36e9590000 JavaThread "New I/O worker #2" daemon [_thread_in_native, id=1783, stack(0x00007f36dc623000,0x00007f36dc724000)]
  0x00007f36e9585800 JavaThread "New I/O worker #1" daemon [_thread_in_native, id=1779, stack(0x00007f36dc724000,0x00007f36dc825000)]
  0x00007f36e9558000 JavaThread "DubboSaveRegistryCache-thread-1" daemon [_thread_blocked, id=1778, stack(0x00007f36dc825000,0x00007f36dc926000)]
  0x00007f36e9555800 JavaThread "main-EventThread" daemon [_thread_blocked, id=1777, stack(0x00007f36dc0f0000,0x00007f36dc1f1000)]
  0x00007f36e9569800 JavaThread "main-SendThread(localhost:2181)" daemon [_thread_in_native, id=1776, stack(0x00007f36dc1f1000,0x00007f36dc2f2000)]
  0x00007f36e9534800 JavaThread "ZkClient-EventThread-26-127.0.0.1:2181" daemon [_thread_blocked, id=1775, stack(0x00007f36dca2c000,0x00007f36dcb2d000)]
  0x00007f36e9543800 JavaThread "DubboRegistryFailedRetryTimer-thread-1" daemon [_thread_blocked, id=1774, stack(0x00007f36dcb2d000,0x00007f36dcc2e000)]
  0x00007f36e9506000 JavaThread "MongoCleaner1454644961" daemon [_thread_blocked, id=1773, stack(0x00007f36dcc2e000,0x00007f36dcd2f000)]
  0x00007f36e8a6c800 JavaThread "qtp172811994-21" [_thread_blocked, id=1767, stack(0x00007f36dd096000,0x00007f36dd197000)]
  0x00007f36e8a6a800 JavaThread "qtp172811994-20" [_thread_blocked, id=1766, stack(0x00007f36dd197000,0x00007f36dd298000)]
  0x00007f36e8a68800 JavaThread "qtp172811994-19-selector-ServerConnectorManager@2f4038ef/0" [_thread_in_native, id=1765, stack(0x00007f36dd298000,0x00007f36dd399000)]
  0x00007f36e8a66800 JavaThread "qtp172811994-18-selector-ServerConnectorManager@2f4038ef/1" [_thread_in_native, id=1764, stack(0x00007f36dd399000,0x00007f36dd49a000)]
  0x00007f36e8a64800 JavaThread "qtp172811994-17" [_thread_blocked, id=1763, stack(0x00007f36dd49a000,0x00007f36dd59b000)]
  0x00007f36e8a62800 JavaThread "qtp172811994-16" [_thread_blocked, id=1762, stack(0x00007f36dd59b000,0x00007f36dd69c000)]
  0x00007f36e8a61800 JavaThread "qtp172811994-14-acceptor-0-ServerConnector@3fdb7a50{HTTP/1.1}{0.0.0.0:8080}" [_thread_in_native, id=1760, stack(0x00007f36dd79d000,0x00007f36dd89e000)]
  0x00007f36e80a6000 JavaThread "Service Thread" daemon [_thread_blocked, id=1754, stack(0x00007f36de1f8000,0x00007f36de2f9000)]
  0x00007f36e80a3800 JavaThread "C2 CompilerThread1" daemon [_thread_blocked, id=1753, stack(0x00007f36de2f9000,0x00007f36de3fa000)]
  0x00007f36e80a0800 JavaThread "C2 CompilerThread0" daemon [_thread_blocked, id=1752, stack(0x00007f36de3fa000,0x00007f36de4fb000)]
  0x00007f36c4001000 JavaThread "JDWP Command Reader" daemon [_thread_in_native, id=1750, stack(0x00007f36de4fb000,0x00007f36de5fc000)]
  0x00007f36e809e800 JavaThread "JDWP Event Helper Thread" daemon [_thread_blocked, id=1749, stack(0x00007f36de5fc000,0x00007f36de6fd000)]
  0x00007f36e809a800 JavaThread "JDWP Transport Listener: dt_socket" daemon [_thread_blocked, id=1747, stack(0x00007f36de6fd000,0x00007f36de7fe000)]
  0x00007f36e808d800 JavaThread "Signal Dispatcher" daemon [_thread_blocked, id=1746, stack(0x00007f36dea02000,0x00007f36deb03000)]
  0x00007f36e806e000 JavaThread "Finalizer" daemon [_thread_blocked, id=1745, stack(0x00007f36deb03000,0x00007f36dec04000)]
  0x00007f36e806c000 JavaThread "Reference Handler" daemon [_thread_blocked, id=1744, stack(0x00007f36dec04000,0x00007f36ded05000)]
  0x00007f36e800c800 JavaThread "main" [_thread_blocked, id=1740, stack(0x00007f36ef175000,0x00007f36ef276000)]

Other Threads:
  0x00007f36e8067800 VMThread [stack: 0x00007f36ded05000,0x00007f36dee06000] [id=1743]
  0x00007f36e80b0800 WatcherThread [stack: 0x00007f36de0f7000,0x00007f36de1f8000] [id=1755]

VM state:not at safepoint (normal execution)

VM Mutex/Monitor currently owned by a thread: None

Heap
 PSYoungGen      total 562176K, used 200922K [0x00000007d6f00000, 0x0000000800000000, 0x0000000800000000)
  eden space 451584K, 20% used [0x00000007d6f00000,0x00000007dc7386f8,0x00000007f2800000)
  from space 110592K, 99% used [0x00000007f2800000,0x00000007f93fe4f0,0x00000007f9400000)
  to   space 110592K, 0% used [0x00000007f9400000,0x00000007f9400000,0x0000000800000000)
 ParOldGen       total 242688K, used 155087K [0x0000000784e00000, 0x0000000793b00000, 0x00000007d6f00000)
  object space 242688K, 63% used [0x0000000784e00000,0x000000078e573f68,0x0000000793b00000)
 PSPermGen       total 70656K, used 45524K [0x000000077fc00000, 0x0000000784100000, 0x0000000784e00000)
  object space 70656K, 64% used [0x000000077fc00000,0x0000000782875380,0x0000000784100000)

Card table byte_map: [0x00007f36e41a6000,0x00007f36e45a9000] byte_map_base: 0x00007f36e05a8000

Polling page: 0x00007f36ef296000

Code Cache  [0x00007f36e45a9000, 0x00007f36e4bf9000, 0x00007f36e75a9000)
 total_blobs=1995 nmethods=1593 adapters=363 free_code_cache=42809Kb largest_free_block=43769536

Compilation events (10 events):
Event: 2487.773 Thread 0x00007f36e80a3800 1751             java.util.WeakHashMap::entrySet (28 bytes)
Event: 2487.774 Thread 0x00007f36e80a3800 nmethod 1751 0x00007f36e4bd7010 code [0x00007f36e4bd7160, 0x00007f36e4bd7278]
Event: 2487.808 Thread 0x00007f36e80a3800 1752             java.util.concurrent.ConcurrentHashMap$HashEntry::<init> (26 bytes)
Event: 2487.809 Thread 0x00007f36e80a3800 nmethod 1752 0x00007f36e4be8bd0 code [0x00007f36e4be8d00, 0x00007f36e4be8db8]
Event: 2488.130 Thread 0x00007f36e80a0800 1753             java.util.concurrent.locks.ReentrantLock::unlock (10 bytes)
Event: 2488.133 Thread 0x00007f36e80a0800 nmethod 1753 0x00007f36e4be8690 code [0x00007f36e4be87e0, 0x00007f36e4be89e8]
Event: 2488.137 Thread 0x00007f36e80a3800 1754   !         java.util.concurrent.ConcurrentHashMap$Segment::put (237 bytes)
Event: 2488.157 Thread 0x00007f36e80a3800 nmethod 1754 0x00007f36e4be7110 code [0x00007f36e4be72e0, 0x00007f36e4be7ee0]
Event: 2488.216 Thread 0x00007f36e80a0800 1755             org.objectweb.asm.ClassReader::a (1223 bytes)
Event: 2488.217 Thread 0x00007f36e80a0800 nmethod 1755 0x00007f36e4beac50 code [0x00007f36e4beadc0, 0x00007f36e4beaf58]

GC Heap History (10 events):
Event: 16.744 GC heap before
{Heap before GC invocations=13 (full 1):
 PSYoungGen      total 414208K, used 414178K [0x00000007d6f00000, 0x00000007fd500000, 0x0000000800000000)
  eden space 350208K, 100% used [0x00000007d6f00000,0x00000007ec500000,0x00000007ec500000)
  from space 64000K, 99% used [0x00000007ec500000,0x00000007f0378a28,0x00000007f0380000)
  to   space 82944K, 0% used [0x00000007f8400000,0x00000007f8400000,0x00000007fd500000)
 ParOldGen       total 150528K, used 101928K [0x0000000784e00000, 0x000000078e100000, 0x00000007d6f00000)
  object space 150528K, 67% used [0x0000000784e00000,0x000000078b18a010,0x000000078e100000)
 PSPermGen       total 48640K, used 40851K [0x000000077fc00000, 0x0000000782b80000, 0x0000000784e00000)
  object space 48640K, 83% used [0x000000077fc00000,0x00000007823e4ec8,0x0000000782b80000)
Event: 16.793 GC heap after
Heap after GC invocations=13 (full 1):
 PSYoungGen      total 546816K, used 41902K [0x00000007d6f00000, 0x00000007fed00000, 0x0000000800000000)
  eden space 463872K, 0% used [0x00000007d6f00000,0x00000007d6f00000,0x00000007f3400000)
  from space 82944K, 50% used [0x00000007f8400000,0x00000007faceb988,0x00000007fd500000)
  to   space 81920K, 0% used [0x00000007f3400000,0x00000007f3400000,0x00000007f8400000)
 ParOldGen       total 150528K, used 105224K [0x0000000784e00000, 0x000000078e100000, 0x00000007d6f00000)
  object space 150528K, 69% used [0x0000000784e00000,0x000000078b4c2110,0x000000078e100000)
 PSPermGen       total 48640K, used 40851K [0x000000077fc00000, 0x0000000782b80000, 0x0000000784e00000)
  object space 48640K, 83% used [0x000000077fc00000,0x00000007823e4ec8,0x0000000782b80000)
}
Event: 2480.919 GC heap before
{Heap before GC invocations=14 (full 1):
 PSYoungGen      total 546816K, used 505774K [0x00000007d6f00000, 0x00000007fed00000, 0x0000000800000000)
  eden space 463872K, 100% used [0x00000007d6f00000,0x00000007f3400000,0x00000007f3400000)
  from space 82944K, 50% used [0x00000007f8400000,0x00000007faceb988,0x00000007fd500000)
  to   space 81920K, 0% used [0x00000007f3400000,0x00000007f3400000,0x00000007f8400000)
 ParOldGen       total 150528K, used 105273K [0x0000000784e00000, 0x000000078e100000, 0x00000007d6f00000)
  object space 150528K, 69% used [0x0000000784e00000,0x000000078b4ce5d8,0x000000078e100000)
 PSPermGen       total 48640K, used 45537K [0x000000077fc00000, 0x0000000782b80000, 0x0000000784e00000)
  object space 48640K, 93% used [0x000000077fc00000,0x0000000782878770,0x0000000782b80000)
Event: 2480.984 GC heap after
Heap after GC invocations=14 (full 1):
 PSYoungGen      total 545792K, used 19561K [0x00000007d6f00000, 0x00000007ff900000, 0x0000000800000000)
  eden space 463872K, 0% used [0x00000007d6f00000,0x00000007d6f00000,0x00000007f3400000)
  from space 81920K, 23% used [0x00000007f3400000,0x00000007f471a610,0x00000007f8400000)
  to   space 78848K, 0% used [0x00000007fac00000,0x00000007fac00000,0x00000007ff900000)
 ParOldGen       total 150528K, used 112536K [0x0000000784e00000, 0x000000078e100000, 0x00000007d6f00000)
  object space 150528K, 74% used [0x0000000784e00000,0x000000078bbe6300,0x000000078e100000)
 PSPermGen       total 48640K, used 45537K [0x000000077fc00000, 0x0000000782b80000, 0x0000000784e00000)
  object space 48640K, 93% used [0x000000077fc00000,0x0000000782878770,0x0000000782b80000)
}
Event: 2482.826 GC heap before
{Heap before GC invocations=15 (full 1):
 PSYoungGen      total 545792K, used 483433K [0x00000007d6f00000, 0x00000007ff900000, 0x0000000800000000)
  eden space 463872K, 100% used [0x00000007d6f00000,0x00000007f3400000,0x00000007f3400000)
  from space 81920K, 23% used [0x00000007f3400000,0x00000007f471a610,0x00000007f8400000)
  to   space 78848K, 0% used [0x00000007fac00000,0x00000007fac00000,0x00000007ff900000)
 ParOldGen       total 150528K, used 112541K [0x0000000784e00000, 0x000000078e100000, 0x00000007d6f00000)
  object space 150528K, 74% used [0x0000000784e00000,0x000000078bbe7638,0x000000078e100000)
 PSPermGen       total 48640K, used 45542K [0x000000077fc00000, 0x0000000782b80000, 0x0000000784e00000)
  object space 48640K, 93% used [0x000000077fc00000,0x0000000782879a90,0x0000000782b80000)
Event: 2483.097 GC heap after
Heap after GC invocations=15 (full 1):
 PSYoungGen      total 530432K, used 78845K [0x00000007d6f00000, 0x0000000800000000, 0x0000000800000000)
  eden space 451584K, 0% used [0x00000007d6f00000,0x00000007d6f00000,0x00000007f2800000)
  from space 78848K, 99% used [0x00000007fac00000,0x00000007ff8ff5a8,0x00000007ff900000)
  to   space 110592K, 0% used [0x00000007f2800000,0x00000007f2800000,0x00000007f9400000)
 ParOldGen       total 162304K, used 162179K [0x0000000784e00000, 0x000000078ec80000, 0x00000007d6f00000)
  object space 162304K, 99% used [0x0000000784e00000,0x000000078ec60d38,0x000000078ec80000)
 PSPermGen       total 48640K, used 45542K [0x000000077fc00000, 0x0000000782b80000, 0x0000000784e00000)
  object space 48640K, 93% used [0x000000077fc00000,0x0000000782879a90,0x0000000782b80000)
}
Event: 2483.097 GC heap before
{Heap before GC invocations=16 (full 2):
 PSYoungGen      total 530432K, used 78845K [0x00000007d6f00000, 0x0000000800000000, 0x0000000800000000)
  eden space 451584K, 0% used [0x00000007d6f00000,0x00000007d6f00000,0x00000007f2800000)
  from space 78848K, 99% used [0x00000007fac00000,0x00000007ff8ff5a8,0x00000007ff900000)
  to   space 110592K, 0% used [0x00000007f2800000,0x00000007f2800000,0x00000007f9400000)
 ParOldGen       total 162304K, used 162179K [0x0000000784e00000, 0x000000078ec80000, 0x00000007d6f00000)
  object space 162304K, 99% used [0x0000000784e00000,0x000000078ec60d38,0x000000078ec80000)
 PSPermGen       total 48640K, used 45542K [0x000000077fc00000, 0x0000000782b80000, 0x0000000784e00000)
  object space 48640K, 93% used [0x000000077fc00000,0x0000000782879a90,0x0000000782b80000)
Event: 2483.933 GC heap after
Heap after GC invocations=16 (full 2):
 PSYoungGen      total 530432K, used 0K [0x00000007d6f00000, 0x0000000800000000, 0x0000000800000000)
  eden space 451584K, 0% used [0x00000007d6f00000,0x00000007d6f00000,0x00000007f2800000)
  from space 78848K, 0% used [0x00000007fac00000,0x00000007fac00000,0x00000007ff900000)
  to   space 110592K, 0% used [0x00000007f2800000,0x00000007f2800000,0x00000007f9400000)
 ParOldGen       total 242688K, used 149149K [0x0000000784e00000, 0x0000000793b00000, 0x00000007d6f00000)
  object space 242688K, 61% used [0x0000000784e00000,0x000000078dfa7630,0x0000000793b00000)
 PSPermGen       total 70656K, used 45346K [0x000000077fc00000, 0x0000000784100000, 0x0000000784e00000)
  object space 70656K, 64% used [0x000000077fc00000,0x00000007828488b8,0x0000000784100000)
}
Event: 2487.426 GC heap before
{Heap before GC invocations=17 (full 2):
 PSYoungGen      total 530432K, used 451584K [0x00000007d6f00000, 0x0000000800000000, 0x0000000800000000)
  eden space 451584K, 100% used [0x00000007d6f00000,0x00000007f2800000,0x00000007f2800000)
  from space 78848K, 0% used [0x00000007fac00000,0x00000007fac00000,0x00000007ff900000)
  to   space 110592K, 0% used [0x00000007f2800000,0x00000007f2800000,0x00000007f9400000)
 ParOldGen       total 242688K, used 149157K [0x0000000784e00000, 0x0000000793b00000, 0x00000007d6f00000)
  object space 242688K, 61% used [0x0000000784e00000,0x000000078dfa97c0,0x0000000793b00000)
 PSPermGen       total 70656K, used 45366K [0x000000077fc00000, 0x0000000784100000, 0x0000000784e00000)
  object space 70656K, 64% used [0x000000077fc00000,0x000000078284d830,0x0000000784100000)
Event: 2487.675 GC heap after
Heap after GC invocations=17 (full 2):
 PSYoungGen      total 562176K, used 110585K [0x00000007d6f00000, 0x0000000800000000, 0x0000000800000000)
  eden space 451584K, 0% used [0x00000007d6f00000,0x00000007d6f00000,0x00000007f2800000)
  from space 110592K, 99% used [0x00000007f2800000,0x00000007f93fe4f0,0x00000007f9400000)
  to   space 110592K, 0% used [0x00000007f9400000,0x00000007f9400000,0x0000000800000000)
 ParOldGen       total 242688K, used 155087K [0x0000000784e00000, 0x0000000793b00000, 0x00000007d6f00000)
  object space 242688K, 63% used [0x0000000784e00000,0x000000078e573f68,0x0000000793b00000)
 PSPermGen       total 70656K, used 45366K [0x000000077fc00000, 0x0000000784100000, 0x0000000784e00000)
  object space 70656K, 64% used [0x000000077fc00000,0x000000078284d830,0x0000000784100000)
}

Deoptimization events (10 events):
Event: 2480.801 Thread 0x00007f36e8a6a800 Uncommon trap: reason=bimorphic action=maybe_recompile pc=0x00007f36e49ee6c0 method=java.io.BufferedInputStream.read([BII)I @ 101
Event: 2480.995 Thread 0x00007f36e806e000 Uncommon trap: reason=unreached action=reinterpret pc=0x00007f36e49babe8 method=org.eclipse.jetty.util.resource.JarFileResource.close()V @ 26
Event: 2480.996 Thread 0x00007f36e806e000 Uncommon trap: reason=unreached action=reinterpret pc=0x00007f36e49bdd1c method=org.eclipse.jetty.util.resource.URLResource.close()V @ 36
Event: 2480.996 Thread 0x00007f36e806e000 Uncommon trap: reason=unreached action=reinterpret pc=0x00007f36e49bd8a0 method=org.eclipse.jetty.util.resource.URLResource.close()V @ 36
Event: 2481.326 Thread 0x00007f36a0b1e800 Uncommon trap: reason=unreached action=reinterpret pc=0x00007f36e4b62114 method=org.jboss.netty.util.internal.ConcurrentIdentityHashMap$HashIterator.hasNext()Z @ 4
Event: 2487.159 Thread 0x00007f36e8a64800 Uncommon trap: reason=unreached action=reinterpret pc=0x00007f36e4717d28 method=java.util.concurrent.locks.ReentrantLock$Sync.nonfairTryAcquire(I)Z @ 34
Event: 2487.161 Thread 0x00007f36e8a64800 Uncommon trap: reason=unreached action=reinterpret pc=0x00007f36e47c451c method=java.util.concurrent.ConcurrentHashMap$Segment.put(Ljava/lang/Object;ILjava/lang/Object;Z)Ljava/lang/Object; @ 126
Event: 2488.245 Thread 0x00007f36e90e0800 Uncommon trap: reason=unreached action=reinterpret pc=0x00007f36e47b085c method=java.lang.ref.SoftReference.get()Ljava/lang/Object; @ 6
Event: 2488.245 Thread 0x00007f36e90e0800 Uncommon trap: reason=unreached action=reinterpret pc=0x00007f36e475b250 method=java.lang.ref.SoftReference.get()Ljava/lang/Object; @ 6
Event: 2488.246 Thread 0x00007f36e90e0800 Uncommon trap: reason=unreached action=reinterpret pc=0x00007f36e4656174 method=java.lang.ref.SoftReference.get()Ljava/lang/Object; @ 6

Internal exceptions (10 events):
Event: 2480.755 Thread 0x00007f36e90e0800 Threw 0x00000007f2096b40 at /HUDSON/workspace/7u-2-build-linux-amd64/jdk7u71/1605/hotspot/src/share/vm/prims/jvm.cpp:1281
Event: 2480.755 Thread 0x00007f36e90e0800 Threw 0x00000007f2096d68 at /HUDSON/workspace/7u-2-build-linux-amd64/jdk7u71/1605/hotspot/src/share/vm/prims/jvm.cpp:1281
Event: 2480.755 Thread 0x00007f36e90e0800 Threw 0x00000007f2097a98 at /HUDSON/workspace/7u-2-build-linux-amd64/jdk7u71/1605/hotspot/src/share/vm/prims/jvm.cpp:1281
Event: 2480.755 Thread 0x00007f36e90e0800 Threw 0x00000007f2097cc0 at /HUDSON/workspace/7u-2-build-linux-amd64/jdk7u71/1605/hotspot/src/share/vm/prims/jvm.cpp:1281
Event: 2480.755 Thread 0x00007f36e90e0800 Threw 0x00000007f2098990 at /HUDSON/workspace/7u-2-build-linux-amd64/jdk7u71/1605/hotspot/src/share/vm/prims/jvm.cpp:1281
Event: 2480.755 Thread 0x00007f36e90e0800 Threw 0x00000007f2098bb8 at /HUDSON/workspace/7u-2-build-linux-amd64/jdk7u71/1605/hotspot/src/share/vm/prims/jvm.cpp:1281
Event: 2488.245 Thread 0x00007f36e90e0800 Implicit null exception at 0x00007f36e47b02ae to 0x00007f36e47b0845
Event: 2488.245 Thread 0x00007f36e90e0800 Implicit null exception at 0x00007f36e475ac35 to 0x00007f36e475b235
Event: 2488.246 Thread 0x00007f36e90e0800 Threw 0x00000007dc49a000 at /HUDSON/workspace/7u-2-build-linux-amd64/jdk7u71/1605/hotspot/src/share/vm/prims/jvm.cpp:1281
Event: 2488.246 Thread 0x00007f36e90e0800 Threw 0x00000007dc4a5520 at /HUDSON/workspace/7u-2-build-linux-amd64/jdk7u71/1605/hotspot/src/share/vm/prims/jvm.cpp:1281

Events (10 events):
Event: 2488.245 Thread 0x00007f36e90e0800 DEOPT PACKING pc=0x00007f36e47b085c sp=0x00007f369f9f7940
Event: 2488.245 Thread 0x00007f36e90e0800 DEOPT UNPACKING pc=0x00007f36e45e2045 sp=0x00007f369f9f77f0 mode 2
Event: 2488.245 Thread 0x00007f36e90e0800 Uncommon trap: trap_request=0xffffffad fr.pc=0x00007f36e475b250
Event: 2488.245 Thread 0x00007f36e90e0800 DEOPT PACKING pc=0x00007f36e475b250 sp=0x00007f369f9f6940
Event: 2488.245 Thread 0x00007f36e90e0800 DEOPT UNPACKING pc=0x00007f36e45e2045 sp=0x00007f369f9f6840 mode 2
Event: 2488.246 Thread 0x00007f36e90e0800 Uncommon trap: trap_request=0xffffffad fr.pc=0x00007f36e4656174
Event: 2488.246 Thread 0x00007f36e90e0800 DEOPT PACKING pc=0x00007f36e4656174 sp=0x00007f369f9f6a00
Event: 2488.246 Thread 0x00007f36e90e0800 DEOPT UNPACKING pc=0x00007f36e45e2045 sp=0x00007f369f9f69c0 mode 2
Event: 2488.247 Thread 0x00007f36e90e0800 DEOPT PACKING pc=0x00007f36e490ef80 sp=0x00007f369f9f6770
Event: 2488.247 Thread 0x00007f36e90e0800 DEOPT UNPACKING pc=0x00007f36e45e1e0f sp=0x00007f369f9f64b8 mode 1


Dynamic libraries:
00400000-00401000 r-xp 00000000 08:07 4197626                            /usr/local/jdk1.7.0_71/bin/java
00600000-00601000 rw-p 00000000 08:07 4197626                            /usr/local/jdk1.7.0_71/bin/java
0127d000-023bf000 rw-p 00000000 00:00 0                                  [heap]
77fc00000-784100000 rw-p 00000000 00:00 0 
784100000-784e00000 rw-p 00000000 00:00 0 
784e00000-793b00000 rw-p 00000000 00:00 0 
793b00000-7d6f00000 rw-p 00000000 00:00 0 
7d6f00000-800000000 rw-p 00000000 00:00 0 
7f369f7f8000-7f369f7fb000 ---p 00000000 00:00 0 
7f369f7fb000-7f369f8f9000 rw-p 00000000 00:00 0                          [stack:1809]
7f369f8f9000-7f369f8fc000 ---p 00000000 00:00 0 
7f369f8fc000-7f369f9fa000 rw-p 00000000 00:00 0                          [stack:1797]
7f369f9fa000-7f369f9fd000 ---p 00000000 00:00 0 
7f369f9fd000-7f369fafb000 rw-p 00000000 00:00 0                          [stack:1795]
7f369fafb000-7f369fafe000 ---p 00000000 00:00 0 
7f369fafe000-7f369fbfc000 rw-p 00000000 00:00 0                          [stack:3354]
7f369fbfc000-7f369fbff000 ---p 00000000 00:00 0 
7f369fbff000-7f369fcfd000 rw-p 00000000 00:00 0                          [stack:1792]
7f369fcfd000-7f369fd00000 ---p 00000000 00:00 0 
7f369fd00000-7f369fdfe000 rw-p 00000000 00:00 0                          [stack:1791]
7f369fdfe000-7f369fe01000 ---p 00000000 00:00 0 
7f369fe01000-7f369feff000 rw-p 00000000 00:00 0                          [stack:3350]
7f369feff000-7f369ff02000 ---p 00000000 00:00 0 
7f369ff02000-7f36a0000000 rw-p 00000000 00:00 0                          [stack:1789]
7f36a0000000-7f36a1411000 rw-p 00000000 00:00 0 
7f36a1411000-7f36a4000000 ---p 00000000 00:00 0 
7f36a4000000-7f36a44ad000 rw-p 00000000 00:00 0 
7f36a44ad000-7f36a8000000 ---p 00000000 00:00 0 
7f36a8000000-7f36a877f000 rw-p 00000000 00:00 0 
7f36a877f000-7f36ac000000 ---p 00000000 00:00 0 
7f36ac000000-7f36ad791000 rw-p 00000000 00:00 0 
7f36ad791000-7f36b0000000 ---p 00000000 00:00 0 
7f36b0000000-7f36b3ffe000 rw-p 00000000 00:00 0 
7f36b3ffe000-7f36b4000000 ---p 00000000 00:00 0 
7f36b4000000-7f36b8000000 rw-p 00000000 00:00 0 
7f36b8000000-7f36b8f6b000 rw-p 00000000 00:00 0 
7f36b8f6b000-7f36bc000000 ---p 00000000 00:00 0 
7f36bc000000-7f36bcc54000 rw-p 00000000 00:00 0 
7f36bcc54000-7f36c0000000 ---p 00000000 00:00 0 
7f36c0000000-7f36c025a000 rw-p 00000000 00:00 0 
7f36c025a000-7f36c4000000 ---p 00000000 00:00 0 
7f36c4000000-7f36c4021000 rw-p 00000000 00:00 0 
7f36c4021000-7f36c8000000 ---p 00000000 00:00 0 
7f36c8000000-7f36c8094000 rw-p 00000000 00:00 0 
7f36c8094000-7f36cc000000 ---p 00000000 00:00 0 
7f36cc000000-7f36cc24f000 rw-p 00000000 00:00 0 
7f36cc24f000-7f36d0000000 ---p 00000000 00:00 0 
7f36d0000000-7f36d0033000 rw-p 00000000 00:00 0 
7f36d0033000-7f36d4000000 ---p 00000000 00:00 0 
7f36d4000000-7f36d4102000 rw-p 00000000 00:00 0 
7f36d4102000-7f36d8000000 ---p 00000000 00:00 0 
7f36d8000000-7f36d8095000 rw-p 00000000 00:00 0 
7f36d8095000-7f36dc000000 ---p 00000000 00:00 0 
7f36dc0f0000-7f36dc0f3000 ---p 00000000 00:00 0 
7f36dc0f3000-7f36dc1f1000 rw-p 00000000 00:00 0                          [stack:1777]
7f36dc1f1000-7f36dc1f4000 ---p 00000000 00:00 0 
7f36dc1f4000-7f36dc2f2000 rw-p 00000000 00:00 0                          [stack:1776]
7f36dc320000-7f36dc323000 ---p 00000000 00:00 0 
7f36dc323000-7f36dc421000 rw-p 00000000 00:00 0                          [stack:1787]
7f36dc421000-7f36dc424000 ---p 00000000 00:00 0 
7f36dc424000-7f36dc522000 rw-p 00000000 00:00 0                          [stack:1786]
7f36dc522000-7f36dc525000 ---p 00000000 00:00 0 
7f36dc525000-7f36dc623000 rw-p 00000000 00:00 0                          [stack:1785]
7f36dc623000-7f36dc626000 ---p 00000000 00:00 0 
7f36dc626000-7f36dc724000 rw-p 00000000 00:00 0                          [stack:1783]
7f36dc724000-7f36dc727000 ---p 00000000 00:00 0 
7f36dc727000-7f36dc825000 rw-p 00000000 00:00 0                          [stack:1779]
7f36dc825000-7f36dc828000 ---p 00000000 00:00 0 
7f36dc828000-7f36dc926000 rw-p 00000000 00:00 0                          [stack:1778]
7f36dc926000-7f36dc931000 r--s 0037c000 08:07 4197790                    /usr/local/jdk1.7.0_71/jre/lib/charsets.jar
7f36dca23000-7f36dca24000 rw-p 00000000 00:00 0 
7f36dca24000-7f36dca29000 r--s 00036000 08:07 5123784                    /home/songlinyang/.m2/repository/com/lezhai365/pms-model/1.2.4-SNAPSHOT/pms-model-1.2.4-SNAPSHOT.jar
7f36dca29000-7f36dca2c000 r--s 00007000 08:07 5123791                    /home/songlinyang/.m2/repository/com/lezhai365/pms-spi/1.2.4-SNAPSHOT/pms-spi-1.2.4-SNAPSHOT.jar
7f36dca2c000-7f36dca2f000 ---p 00000000 00:00 0 
7f36dca2f000-7f36dcb2d000 rw-p 00000000 00:00 0                          [stack:1775]
7f36dcb2d000-7f36dcb30000 ---p 00000000 00:00 0 
7f36dcb30000-7f36dcc2e000 rw-p 00000000 00:00 0                          [stack:1774]
7f36dcc2e000-7f36dcc31000 ---p 00000000 00:00 0 
7f36dcc31000-7f36dcd2f000 rw-p 00000000 00:00 0                          [stack:1773]
7f36dcd2f000-7f36dcd32000 ---p 00000000 00:00 0 
7f36dcd32000-7f36dce30000 rw-p 00000000 00:00 0                          [stack:3353]
7f36dce30000-7f36dce33000 r--s 00019000 08:07 4197792                    /usr/local/jdk1.7.0_71/jre/lib/jce.jar
7f36dce33000-7f36dce4e000 r--s 00132000 08:07 4458044                    /home/songlinyang/.m2/repository/com/alibaba/dubbo/2.5.3/dubbo-2.5.3.jar
7f36dce4e000-7f36dce50000 r--s 00007000 08:07 4458671                    /home/songlinyang/.m2/repository/javax/cache/cache-api/0.4/cache-api-0.4.jar
7f36dce50000-7f36dce59000 r--s 00051000 08:07 4325672                    /home/songlinyang/.m2/repository/org/hibernate/hibernate-validator/4.2.0.Final/hibernate-validator-4.2.0.Final.jar
7f36dce59000-7f36dce5c000 r--s 00009000 08:07 4458708                    /home/songlinyang/.m2/repository/javax/validation/validation-api/1.0.0.GA/validation-api-1.0.0.GA.jar
7f36dce5c000-7f36dce5f000 r--s 00018000 08:07 4457466                    /home/songlinyang/.m2/repository/org/apache/commons/commons-pool2/2.0/commons-pool2-2.0.jar
7f36dce5f000-7f36dce66000 r--s 00044000 08:07 4457464                    /home/songlinyang/.m2/repository/redis/clients/jedis/2.4.0/jedis-2.4.0.jar
7f36dce66000-7f36dce68000 r--s 00005000 08:07 4458669                    /home/songlinyang/.m2/repository/org/slf4j/slf4j-api/1.6.2/slf4j-api-1.6.2.jar
7f36dce68000-7f36dce6a000 r--s 00018000 08:07 4458629                    /home/songlinyang/.m2/repository/javax/servlet/servlet-api/2.5/servlet-api-2.5.jar
7f36dce6a000-7f36dce72000 r--s 00056000 08:07 4458477                    /home/songlinyang/.m2/repository/com/caucho/hessian/4.0.7/hessian-4.0.7.jar
7f36dce72000-7f36dce77000 r--s 00041000 08:07 4458356                    /home/songlinyang/.m2/repository/commons-lang/commons-lang/2.6/commons-lang-2.6.jar
7f36dce77000-7f36dce7e000 r--s 0004c000 08:07 4458400                    /home/songlinyang/.m2/repository/org/apache/thrift/libthrift/0.8.0/libthrift-0.8.0.jar
7f36dce7e000-7f36dce83000 r--s 00030000 08:07 4458399                    /home/songlinyang/.m2/repository/org/apache/cxf/cxf-rt-transports-http/2.6.1/cxf-rt-transports-http-2.6.1.jar
7f36dce83000-7f36dce85000 r--s 00019000 08:07 4458398                    /home/songlinyang/.m2/repository/org/apache/cxf/cxf-rt-databinding-jaxb/2.6.1/cxf-rt-databinding-jaxb-2.6.1.jar
7f36dce85000-7f36dce89000 r--s 0002a000 08:07 4458396                    /home/songlinyang/.m2/repository/org/apache/cxf/cxf-rt-bindings-soap/2.6.1/cxf-rt-bindings-soap-2.6.1.jar
7f36dce89000-7f36dce9e000 r--s 000f9000 08:07 4458395                    /home/songlinyang/.m2/repository/com/sun/xml/bind/jaxb-impl/2.2.5/jaxb-impl-2.2.5.jar
7f36dce9e000-7f36dcea5000 r--s 00050000 08:07 4458393                    /home/songlinyang/.m2/repository/org/apache/cxf/cxf-rt-core/2.6.1/cxf-rt-core-2.6.1.jar
7f36dcea5000-7f36dceaa000 r--s 00020000 08:07 4458392                    /home/songlinyang/.m2/repository/wsdl4j/wsdl4j/1.6.2/wsdl4j-1.6.2.jar
7f36dceaa000-7f36dceaf000 r--s 00032000 08:07 4458390                    /home/songlinyang/.m2/repository/org/apache/geronimo/specs/geronimo-javamail_1.4_spec/1.7.1/geronimo-javamail_1.4_spec-1.7.1.jar
7f36dceaf000-7f36dceb3000 r--s 00024000 08:07 4458388                    /home/songlinyang/.m2/repository/org/apache/ws/xmlschema/xmlschema-core/2.0.2/xmlschema-core-2.0.2.jar
7f36dceb3000-7f36dceb7000 r--s 00029000 08:07 4458386                    /home/songlinyang/.m2/repository/org/codehaus/woodstox/stax2-api/3.1.1/stax2-api-3.1.1.jar
7f36dceb7000-7f36dcebc000 r--s 00070000 08:07 4458382                    /home/songlinyang/.m2/repository/org/codehaus/woodstox/woodstox-core-asl/4.1.2/woodstox-core-asl-4.1.2.jar
7f36dcebc000-7f36dcecf000 r--s 000de000 08:07 4458379                    /home/songlinyang/.m2/repository/org/apache/cxf/cxf-api/2.6.1/cxf-api-2.6.1.jar
7f36dcecf000-7f36dced1000 r--s 0000e000 08:07 4458377                    /home/songlinyang/.m2/repository/org/apache/cxf/cxf-rt-frontend-simple/2.6.1/cxf-rt-frontend-simple-2.6.1.jar
7f36dced1000-7f36dceda000 r--s 0005f000 08:07 4458375                    /home/songlinyang/.m2/repository/com/googlecode/xmemcached/xmemcached/1.3.6/xmemcached-1.3.6.jar
7f36dceda000-7f36dcedd000 r--s 00006000 08:07 4458373                    /home/songlinyang/.m2/repository/com/google/code/findbugs/jsr305/1.3.9/jsr305-1.3.9.jar
7f36dcedd000-7f36dcefd000 r--s 00173000 08:07 4458372                    /home/songlinyang/.m2/repository/com/google/guava/guava/11.0.1/guava-11.0.1.jar
7f36dcefd000-7f36dceff000 r--s 00009000 08:07 4458353                    /home/songlinyang/.m2/repository/com/netflix/curator/curator-client/1.1.16/curator-client-1.1.16.jar
7f36dceff000-7f36dcf03000 r--s 0001c000 08:07 4458286                    /home/songlinyang/.m2/repository/com/netflix/curator/curator-framework/1.1.16/curator-framework-1.1.16.jar
7f36dcf03000-7f36dcf05000 r--s 0000e000 08:07 4458082                    /home/songlinyang/.m2/repository/com/github/sgroschupf/zkclient/0.1/zkclient-0.1.jar
7f36dcf05000-7f36dcf07000 r--s 00014000 08:07 4458078                    /home/songlinyang/.m2/repository/jline/jline/0.9.94/jline-0.9.94.jar
7f36dcf07000-7f36dcf10000 r--s 0006d000 08:07 4458358                    /home/songlinyang/.m2/repository/log4j/log4j/1.2.16/log4j-1.2.16.jar
7f36dcf10000-7f36dcf11000 r--s 00002000 08:07 4457467                    /home/songlinyang/.m2/repository/org/slf4j/slf4j-log4j12/1.6.2/slf4j-log4j12-1.6.2.jar
7f36dcf11000-7f36dcf1d000 r--s 000b3000 08:07 4458076                    /home/songlinyang/.m2/repository/org/apache/zookeeper/zookeeper/3.4.5/zookeeper-3.4.5.jar
7f36dcf1d000-7f36dcf1e000 r--s 00004000 08:07 4458074                    /home/songlinyang/.m2/repository/org/apache/bsf/bsf-api/3.1/bsf-api-3.1.jar
7f36dcf1e000-7f36dcf24000 r--s 00052000 08:07 4458360                    /home/songlinyang/.m2/repository/com/alibaba/fastjson/1.1.37/fastjson-1.1.37.jar
7f36dcf24000-7f36dcf2a000 r--s 0003f000 08:07 4457453                    /home/songlinyang/.m2/repository/org/apache/httpcomponents/httpcore/4.3/httpcore-4.3.jar
7f36dcf2a000-7f36dcf35000 r--s 00084000 08:07 4458062                    /home/songlinyang/.m2/repository/org/apache/httpcomponents/httpclient/4.3.1/httpclient-4.3.1.jar
7f36dcf35000-7f36dcf36000 r--s 00001000 08:07 4458061                    /home/songlinyang/.m2/repository/org/glassfish/grizzly/grizzly-rcm/2.1.4/grizzly-rcm-2.1.4.jar
7f36dcf36000-7f36dcf38000 r--s 00003000 08:07 4458060                    /home/songlinyang/.m2/repository/org/glassfish/grizzly/grizzly-portunif/2.1.4/grizzly-portunif-2.1.4.jar
7f36dcf38000-7f36dcf3a000 r--s 00009000 08:07 4458058                    /home/songlinyang/.m2/repository/org/glassfish/external/management-api/3.0.0-b012/management-api-3.0.0-b012.jar
7f36dcf3a000-7f36dcf3c000 r--s 00004000 08:07 4458056                    /home/songlinyang/.m2/repository/org/glassfish/gmbal/gmbal-api-only/3.0.0-b023/gmbal-api-only-3.0.0-b023.jar
7f36dcf3c000-7f36dcf49000 r--s 0009c000 08:07 4458054                    /home/songlinyang/.m2/repository/org/glassfish/grizzly/grizzly-framework/2.1.4/grizzly-framework-2.1.4.jar
7f36dcf49000-7f36dcf57000 r--s 0009f000 08:07 4458052                    /home/songlinyang/.m2/repository/org/glassfish/grizzly/grizzly-core/2.1.4/grizzly-core-2.1.4.jar
7f36dcf57000-7f36dcf5f000 r--s 00046000 08:07 4458050                    /home/songlinyang/.m2/repository/org/apache/mina/mina-core/1.1.7/mina-core-1.1.7.jar
7f36dcf5f000-7f36dcf6f000 r--s 000b2000 08:07 4458047                    /home/songlinyang/.m2/repository/org/jboss/netty/netty/3.2.5.Final/netty-3.2.5.Final.jar
7f36dcf6f000-7f36dcf78000 r--s 00096000 08:07 4458045                    /home/songlinyang/.m2/repository/org/javassist/javassist/3.15.0-GA/javassist-3.15.0-GA.jar
7f36dcf78000-7f36dcf7b000 r--s 00013000 08:07 4457460                    /home/songlinyang/.m2/repository/commons-io/commons-io/1.3.2/commons-io-1.3.2.jar
7f36dcf7b000-7f36dcf7d000 r--s 0000d000 08:07 4457406                    /home/songlinyang/.m2/repository/commons-fileupload/commons-fileupload/1.2.2/commons-fileupload-1.2.2.jar
7f36dcf7d000-7f36dcf8b000 r--s 000b2000 08:07 4590969                    /home/songlinyang/.m2/repository/org/codehaus/jackson/jackson-mapper-lgpl/1.9.10/jackson-mapper-lgpl-1.9.10.jar
7f36dcf8b000-7f36dcf8f000 r--s 00036000 08:07 4590967                    /home/songlinyang/.m2/repository/org/codehaus/jackson/jackson-core-lgpl/1.9.10/jackson-core-lgpl-1.9.10.jar
7f36dcf8f000-7f36dcf93000 r--s 0002f000 08:07 4588522                    /home/songlinyang/.m2/repository/commons-beanutils/commons-beanutils-core/1.8.3/commons-beanutils-core-1.8.3.jar
7f36dcf93000-7f36dcf95000 r--s 00018000 08:07 4590965                    /home/songlinyang/.m2/repository/org/eclipse/jetty/orbit/javax.servlet.jsp/2.2.0.v201112011158/javax.servlet.jsp-2.2.0.v201112011158.jar
7f36dcf95000-7f36dcf98000 r--s 0002e000 08:07 4457443                    /home/songlinyang/.m2/repository/org/eclipse/jetty/orbit/javax.servlet/3.0.0.v201112011016/javax.servlet-3.0.0.v201112011016.jar
7f36dcf98000-7f36dcf9f000 r--s 0008a000 08:07 4590963                    /home/songlinyang/.m2/repository/org/eclipse/jetty/orbit/org.apache.jasper.glassfish/2.2.2.v201112011158/org.apache.jasper.glassfish-2.2.2.v201112011158.jar
7f36dcf9f000-7f36dcfa7000 r--s 00061000 08:07 4590959                    /home/songlinyang/.m2/repository/org/eclipse/jetty/orbit/org.apache.taglibs.standard.glassfish/1.2.0.v201112081803/org.apache.taglibs.standard.glassfish-1.2.0.v201112081803.jar
7f36dcfa7000-7f36dcfb1000 r--s 0005c000 08:07 4590957                    /home/songlinyang/.m2/repository/javax/servlet/jstl/1.2/jstl-1.2.jar
7f36dcfb1000-7f36dcfc7000 r--s 00181000 08:07 4458041                    /home/songlinyang/.m2/repository/org/aspectj/aspectjweaver/1.6.9/aspectjweaver-1.6.9.jar
7f36dcfc7000-7f36dcfcc000 r--s 00018000 08:07 4458038                    /home/songlinyang/.m2/repository/org/aspectj/aspectjrt/1.6.9/aspectjrt-1.6.9.jar
7f36dcfcc000-7f36dcfd1000 r--s 0002c000 08:07 4458036                    /home/songlinyang/.m2/repository/org/springframework/spring-expression/3.2.4.RELEASE/spring-expression-3.2.4.RELEASE.jar
7f36dcfd1000-7f36dcfdd000 r--s 00090000 08:07 4590955                    /home/songlinyang/.m2/repository/org/springframework/spring-webmvc/3.2.4.RELEASE/spring-webmvc-3.2.4.RELEASE.jar
7f36dcfdd000-7f36dcff1000 r--s 000bf000 08:07 4458032                    /home/songlinyang/.m2/repository/org/springframework/spring-context/3.2.4.RELEASE/spring-context-3.2.4.RELEASE.jar
7f36dcff1000-7f36dcffd000 r--s 00089000 08:07 4457482                    /home/songlinyang/.m2/repository/org/springframework/spring-beans/3.2.4.RELEASE/spring-beans-3.2.4.RELEASE.jar
7f36dcffd000-7f36dd005000 r--s 0004a000 08:07 4458034                    /home/songlinyang/.m2/repository/org/springframework/spring-aop/3.2.4.RELEASE/spring-aop-3.2.4.RELEASE.jar
7f36dd005000-7f36dd007000 r--s 00000000 08:07 4457480                    /home/songlinyang/.m2/repository/aopalliance/aopalliance/1.0/aopalliance-1.0.jar
7f36dd007000-7f36dd015000 r--s 0008b000 08:07 4590953                    /home/songlinyang/.m2/repository/org/springframework/spring-web/3.2.4.RELEASE/spring-web-3.2.4.RELEASE.jar
7f36dd015000-7f36dd017000 r--s 0000d000 08:07 4329818                    /home/songlinyang/.m2/repository/commons-logging/commons-logging/1.1.1/commons-logging-1.1.1.jar
7f36dd017000-7f36dd029000 r--s 000c3000 08:07 4329817                    /home/songlinyang/.m2/repository/org/springframework/spring-core/3.2.4.RELEASE/spring-core-3.2.4.RELEASE.jar
7f36dd029000-7f36dd02e000 r--s 0003c000 08:07 4458030                    /home/songlinyang/.m2/repository/com/mongodb/mongo-java-driver/2.7.1/mongo-java-driver-2.7.1.jar
7f36dd02e000-7f36dd030000 r--s 00001000 08:07 5123803                    /home/songlinyang/.m2/repository/com/lezhai365/lezhai365-nosql/1.2.1/lezhai365-nosql-1.2.1.jar
7f36dd030000-7f36dd035000 r--s 00038000 08:07 4457470                    /home/songlinyang/.m2/repository/de/ruedigermoeller/fst/1.35/fst-1.35.jar
7f36dd035000-7f36dd036000 r--s 00002000 08:07 5123758                    /home/songlinyang/.m2/repository/com/lezhai365/lezhai365-cache/1.2.1/lezhai365-cache-1.2.1.jar
7f36dd036000-7f36dd037000 r--s 00002000 08:07 5123762                    /home/songlinyang/.m2/repository/com/lezhai365/common-config/1.2.2/common-config-1.2.2.jar
7f36dd037000-7f36dd039000 r--s 0000d000 08:07 4590951                    /home/songlinyang/.m2/repository/org/csource/fastdfs-client/1.2.4/fastdfs-client-1.2.4.jar
7f36dd039000-7f36dd03b000 r--s 00004000 08:07 4590949                    /home/songlinyang/.m2/repository/org/csource/fastdht-client/1.03/fastdht-client-1.03.jar
7f36dd03b000-7f36dd03c000 r--s 00001000 08:07 4590947                    /home/songlinyang/.m2/repository/org/csource/myfastdfs/1.0.1/myfastdfs-1.0.1.jar
7f36dd03c000-7f36dd03d000 r--s 00004000 08:07 5123868                    /home/songlinyang/.m2/repository/com/lezhai365/common-web/1.2.2/common-web-1.2.2.jar
7f36dd03d000-7f36dd03f000 r--s 00005000 08:07 4458072                    /home/songlinyang/.m2/repository/xpp3/xpp3_min/1.1.4c/xpp3_min-1.1.4c.jar
7f36dd03f000-7f36dd040000 r--s 00001000 08:07 4458071                    /home/songlinyang/.m2/repository/xmlpull/xmlpull/1.1.3.1/xmlpull-1.1.3.1.jar
7f36dd040000-7f36dd04d000 r--s 00070000 08:07 4461913                    /home/songlinyang/.m2/repository/com/thoughtworks/xstream/xstream/1.4.5/xstream-1.4.5.jar
7f36dd04d000-7f36dd054000 r--s 0003a000 08:07 4461690                    /home/songlinyang/.m2/repository/commons-codec/commons-codec/1.9/commons-codec-1.9.jar
7f36dd054000-7f36dd06c000 r--s 00115000 08:07 5123893                    /home/songlinyang/.m2/repository/io/netty/netty/3.9.0.Final/netty-3.9.0.Final.jar
7f36dd06c000-7f36dd076000 r--s 00076000 08:07 4986120                    /home/songlinyang/.m2/repository/com/ning/async-http-client/1.8.3/async-http-client-1.8.3.jar
7f36dd076000-7f36dd078000 r--s 0000d000 08:07 5123820                    /home/songlinyang/.m2/repository/com/lezhai365/sns-model/1.2.4-SNAPSHOT/sns-model-1.2.4-SNAPSHOT.jar
7f36dd078000-7f36dd07a000 r--s 00005000 08:07 5123760                    /home/songlinyang/.m2/repository/com/lezhai365/common-utils/1.2.2/common-utils-1.2.2.jar
7f36dd07a000-7f36dd07c000 r--s 00002000 08:07 5123827                    /home/songlinyang/.m2/repository/com/lezhai365/sns-spi/1.2.4-SNAPSHOT/sns-spi-1.2.4-SNAPSHOT.jar
7f36dd07c000-7f36dd07d000 r--s 00002000 08:07 5123713                    /home/songlinyang/.m2/repository/com/lezhai365/base-spi/1.2.4-SNAPSHOT/base-spi-1.2.4-SNAPSHOT.jar
7f36dd07d000-7f36dd07f000 r--s 0000c000 08:07 5123706                    /home/songlinyang/.m2/repository/com/lezhai365/base-model/1.2.4-SNAPSHOT/base-model-1.2.4-SNAPSHOT.jar
7f36dd07f000-7f36dd081000 r--s 00002000 08:07 5123703                    /home/songlinyang/.m2/repository/com/lezhai365/common-model/1.2.2/common-model-1.2.2.jar
7f36dd081000-7f36dd084000 r--s 0000b000 08:07 4329796                    /home/songlinyang/.m2/repository/javax/persistence/persistence-api/1.0.2/persistence-api-1.0.2.jar
7f36dd084000-7f36dd089000 r--s 00036000 08:07 5123784                    /home/songlinyang/.m2/repository/com/lezhai365/pms-model/1.2.4-SNAPSHOT/pms-model-1.2.4-SNAPSHOT.jar
7f36dd089000-7f36dd08c000 r--s 00007000 08:07 5123791                    /home/songlinyang/.m2/repository/com/lezhai365/pms-spi/1.2.4-SNAPSHOT/pms-spi-1.2.4-SNAPSHOT.jar
7f36dd08c000-7f36dd096000 r--s 00251000 08:07 4198388                    /usr/local/jdk1.7.0_71/jre/lib/resources.jar
7f36dd096000-7f36dd099000 ---p 00000000 00:00 0 
7f36dd099000-7f36dd197000 rw-p 00000000 00:00 0                          [stack:1767]
7f36dd197000-7f36dd19a000 ---p 00000000 00:00 0 
7f36dd19a000-7f36dd298000 rw-p 00000000 00:00 0                          [stack:1766]
7f36dd298000-7f36dd29b000 ---p 00000000 00:00 0 
7f36dd29b000-7f36dd399000 rw-p 00000000 00:00 0                          [stack:1765]
7f36dd399000-7f36dd39c000 ---p 00000000 00:00 0 
7f36dd39c000-7f36dd49a000 rw-p 00000000 00:00 0                          [stack:1764]
7f36dd49a000-7f36dd49d000 ---p 00000000 00:00 0 
7f36dd49d000-7f36dd59b000 rw-p 00000000 00:00 0                          [stack:1763]
7f36dd59b000-7f36dd59e000 ---p 00000000 00:00 0 
7f36dd59e000-7f36dd69c000 rw-p 00000000 00:00 0                          [stack:1762]
7f36dd69c000-7f36dd69f000 ---p 00000000 00:00 0 
7f36dd69f000-7f36dd79d000 rw-p 00000000 00:00 0 
7f36dd79d000-7f36dd7a0000 ---p 00000000 00:00 0 
7f36dd7a0000-7f36dd89e000 rw-p 00000000 00:00 0                          [stack:1760]
7f36dd89e000-7f36dd8a6000 r-xp 00000000 08:07 4198329                    /usr/local/jdk1.7.0_71/jre/lib/amd64/libmanagement.so
7f36dd8a6000-7f36ddaa5000 ---p 00008000 08:07 4198329                    /usr/local/jdk1.7.0_71/jre/lib/amd64/libmanagement.so
7f36ddaa5000-7f36ddaa6000 rw-p 00007000 08:07 4198329                    /usr/local/jdk1.7.0_71/jre/lib/amd64/libmanagement.so
7f36ddaa6000-7f36ddaa8000 r--s 00006000 08:07 4718854                    /home/songlinyang/.m2/repository/javax/transaction/javax.transaction-api/1.2/javax.transaction-api-1.2.jar
7f36ddaa8000-7f36ddab7000 r--s 001a0000 08:07 4718852                    /home/songlinyang/.m2/repository/org/eclipse/jetty/orbit/org.eclipse.jdt.core/3.8.2.v20130121/org.eclipse.jdt.core-3.8.2.v20130121.jar
7f36ddab7000-7f36ddabb000 r--s 00033000 08:07 4718850                    /home/songlinyang/.m2/repository/org/glassfish/javax.el/3.0.0/javax.el-3.0.0.jar
7f36ddabb000-7f36ddac4000 r--s 0005b000 08:07 4718848                    /home/songlinyang/.m2/repository/org/glassfish/web/javax.servlet.jsp.jstl/1.2.2/javax.servlet.jsp.jstl-1.2.2.jar
7f36ddac4000-7f36ddac6000 r--s 0000b000 08:07 4590961                    /home/songlinyang/.m2/repository/org/eclipse/jetty/orbit/javax.servlet.jsp.jstl/1.2.0.v201105211821/javax.servlet.jsp.jstl-1.2.0.v201105211821.jar
7f36ddac6000-7f36ddacd000 r--s 0007f000 08:07 4718846                    /home/songlinyang/.m2/repository/org/glassfish/web/javax.servlet.jsp/2.3.2/javax.servlet.jsp-2.3.2.jar
7f36ddacd000-7f36ddacf000 r--s 0000b000 08:07 4458362                    /home/songlinyang/.m2/repository/javax/servlet/jsp/javax.servlet.jsp-api/2.3.1/javax.servlet.jsp-api-2.3.1.jar
7f36ddacf000-7f36ddad1000 r--s 0002c000 08:07 4718844                    /home/songlinyang/.m2/repository/org/eclipse/jetty/toolchain/jetty-schemas/3.1.M0/jetty-schemas-3.1.M0.jar
7f36ddad1000-7f36ddad2000 r--s 00000000 08:07 4718842                    /home/songlinyang/.m2/repository/org/eclipse/jetty/jetty-jsp/9.1.3.v20140225/jetty-jsp-9.1.3.v20140225.jar
7f36ddad2000-7f36ddad4000 r--s 00003000 08:07 4718840                    /home/songlinyang/.m2/repository/org/eclipse/jetty/websocket/websocket-servlet/9.1.3.v20140225/websocket-servlet-9.1.3.v20140225.jar
7f36ddad4000-7f36ddad6000 r--s 00007000 08:07 4718839                    /home/songlinyang/.m2/repository/org/eclipse/jetty/websocket/websocket-client/9.1.3.v20140225/websocket-client-9.1.3.v20140225.jar
7f36ddad6000-7f36ddad8000 r--s 00009000 08:07 4718836                    /home/songlinyang/.m2/repository/org/eclipse/jetty/websocket/websocket-api/9.1.3.v20140225/websocket-api-9.1.3.v20140225.jar
7f36ddad8000-7f36ddadd000 r--s 00025000 08:07 4718834                    /home/songlinyang/.m2/repository/org/eclipse/jetty/websocket/websocket-common/9.1.3.v20140225/websocket-common-9.1.3.v20140225.jar
7f36ddadd000-7f36ddadf000 r--s 00007000 08:07 4718832                    /home/songlinyang/.m2/repository/org/eclipse/jetty/websocket/websocket-server/9.1.3.v20140225/websocket-server-9.1.3.v20140225.jar
7f36ddadf000-7f36ddae1000 r--s 00007000 08:07 4718831                    /home/songlinyang/.m2/repository/javax/websocket/javax.websocket-api/1.0/javax.websocket-api-1.0.jar
7f36ddae1000-7f36ddae6000 r--s 00022000 08:07 4718828                    /home/songlinyang/.m2/repository/org/eclipse/jetty/websocket/javax-websocket-client-impl/9.1.3.v20140225/javax-websocket-client-impl-9.1.3.v20140225.jar
7f36ddae6000-7f36ddae7000 r--s 00008000 08:07 4718826                    /home/songlinyang/.m2/repository/org/eclipse/jetty/websocket/javax-websocket-server-impl/9.1.3.v20140225/javax-websocket-server-impl-9.1.3.v20140225.jar
7f36ddae7000-7f36ddae9000 r--s 00004000 08:07 4718824                    /home/songlinyang/.m2/repository/org/ow2/asm/asm-tree/4.1/asm-tree-4.1.jar
7f36ddae9000-7f36ddaeb000 r--s 00008000 08:07 4457447                    /home/songlinyang/.m2/repository/org/ow2/asm/asm-commons/4.1/asm-commons-4.1.jar
7f36ddaeb000-7f36ddaec000 r--s 0000b000 08:07 4457445                    /home/songlinyang/.m2/repository/org/ow2/asm/asm/4.1/asm-4.1.jar
7f36ddaec000-7f36ddaee000 r--s 00005000 08:07 4718822                    /home/songlinyang/.m2/repository/javax/annotation/javax.annotation-api/1.2/javax.annotation-api-1.2.jar
7f36ddaee000-7f36ddaf1000 r--s 00011000 08:07 4718820                    /home/songlinyang/.m2/repository/org/eclipse/jetty/jetty-annotations/9.1.3.v20140225/jetty-annotations-9.1.3.v20140225.jar
7f36ddaf1000-7f36ddaf2000 r--s 00005000 08:07 4718818                    /home/songlinyang/.m2/repository/org/eclipse/jetty/jetty-jmx/9.1.3.v20140225/jetty-jmx-9.1.3.v20140225.jar
7f36ddaf2000-7f36ddaf5000 r--s 00016000 08:07 4718816                    /home/songlinyang/.m2/repository/org/eclipse/jetty/jetty-io/9.1.3.v20140225/jetty-io-9.1.3.v20140225.jar
7f36ddaf5000-7f36ddaf8000 r--s 00017000 08:07 4718814                    /home/songlinyang/.m2/repository/org/eclipse/jetty/jetty-http/9.1.3.v20140225/jetty-http-9.1.3.v20140225.jar
7f36ddaf8000-7f36ddafb000 r--s 00015000 08:07 4718801                    /home/songlinyang/.m2/repository/javax/servlet/javax.servlet-api/3.1.0/javax.servlet-api-3.1.0.jar
7f36ddafb000-7f36ddb01000 r--s 0005d000 08:07 4591119                    /home/songlinyang/.m2/repository/org/eclipse/jetty/jetty-server/9.1.3.v20140225/jetty-server-9.1.3.v20140225.jar
7f36ddb01000-7f36ddb03000 r--s 00009000 08:07 4718810                    /home/songlinyang/.m2/repository/org/eclipse/jetty/jetty-jndi/9.1.3.v20140225/jetty-jndi-9.1.3.v20140225.jar
7f36ddb03000-7f36ddb05000 r--s 0000c000 08:07 4718808                    /home/songlinyang/.m2/repository/org/eclipse/jetty/jetty-plus/9.1.3.v20140225/jetty-plus-9.1.3.v20140225.jar
7f36ddb05000-7f36ddb08000 r--s 00015000 08:07 4459603                    /home/songlinyang/.m2/repository/org/eclipse/jetty/jetty-security/9.1.3.v20140225/jetty-security-9.1.3.v20140225.jar
7f36ddb08000-7f36ddb0a000 r--s 00008000 08:07 4718806                    /home/songlinyang/.m2/repository/org/eclipse/jetty/jetty-jaas/9.1.3.v20140225/jetty-jaas-9.1.3.v20140225.jar
7f36ddb0a000-7f36ddb0d000 r--s 00019000 08:07 4718804                    /home/songlinyang/.m2/repository/org/eclipse/jetty/jetty-servlet/9.1.3.v20140225/jetty-servlet-9.1.3.v20140225.jar
7f36ddb0d000-7f36ddb0e000 r--s 0000a000 08:07 4718802                    /home/songlinyang/.m2/repository/org/eclipse/jetty/jetty-xml/9.1.3.v20140225/jetty-xml-9.1.3.v20140225.jar
7f36ddb0e000-7f36ddb10000 r--s 0001a000 08:07 4718800                    /home/songlinyang/.m2/repository/org/eclipse/jetty/jetty-webapp/9.1.3.v20140225/jetty-webapp-9.1.3.v20140225.jar
7f36ddb10000-7f36ddb15000 r--s 0004d000 08:07 4718798                    /home/songlinyang/.m2/repository/org/eclipse/jetty/jetty-util/9.1.3.v20140225/jetty-util-9.1.3.v20140225.jar
7f36ddb15000-7f36ddb1d000 r--s 00049000 08:07 4459403                    /home/songlinyang/.m2/repository/backport-util-concurrent/backport-util-concurrent/3.1/backport-util-concurrent-3.1.jar
7f36ddb1d000-7f36ddb1e000 r--s 00005000 08:07 4718796                    /home/songlinyang/.m2/repository/org/apache/maven/plugin-tools/maven-plugin-tools-api/3.1/maven-plugin-tools-api-3.1.jar
7f36ddb1e000-7f36ddb20000 r--s 00002000 08:07 4459400                    /home/songlinyang/.m2/repository/org/sonatype/plexus/plexus-cipher/1.4/plexus-cipher-1.4.jar
7f36ddb20000-7f36ddb21000 r--s 00006000 08:07 4459398                    /home/songlinyang/.m2/repository/org/sonatype/plexus/plexus-sec-dispatcher/1.3/plexus-sec-dispatcher-1.3.jar
7f36ddb21000-7f36ddb23000 r--s 0000d000 08:07 4459396                    /home/songlinyang/.m2/repository/org/codehaus/plexus/plexus-interpolation/1.14/plexus-interpolation-1.14.jar
7f36ddb23000-7f36ddb27000 r--s 0001a000 08:07 4718794                    /home/songlinyang/.m2/repository/org/sonatype/aether/aether-util/1.11/aether-util-1.11.jar
7f36ddb27000-7f36ddb2b000 r--s 00033000 08:07 4591113                    /home/songlinyang/.m2/repository/org/codehaus/plexus/plexus-utils/2.0.6/plexus-utils-2.0.6.jar
7f36ddb2b000-7f36ddb37000 r--s 0006b000 08:07 4591115                    /home/songlinyang/.m2/repository/org/sonatype/sisu/sisu-guice/2.9.4/sisu-guice-2.9.4-no_aop.jar
7f36ddb37000-7f36ddb3d000 r--s 00033000 08:07 4591117                    /home/songlinyang/.m2/repository/org/sonatype/sisu/sisu-inject-bean/2.1.1/sisu-inject-bean-2.1.1.jar
7f36ddb3d000-7f36ddb3f000 r--s 00014000 08:07 4457909                    /home/songlinyang/.m2/repository/org/eclipse/jetty/jetty-maven-plugin/9.1.3.v20140225/jetty-maven-plugin-9.1.3.v20140225.jar
7f36ddb3f000-7f36ddb46000 r--s 00000000 08:07 5638600                    /usr/lib/x86_64-linux-gnu/gconv/gconv-modules.cache
7f36ddb46000-7f36ddb5a000 r--p 00000000 08:07 6299176                    /usr/share/locale-langpack/zh_CN/LC_MESSAGES/libc.mo
7f36ddb5a000-7f36ddbc5000 r--s 00e22000 08:07 4196469                    /usr/local/jdk1.7.0_71/lib/tools.jar
7f36ddbc5000-7f36ddbc8000 r--s 0001b000 08:07 4457995                    /home/songlinyang/.m2/repository/junit/junit/3.8.2/junit-3.8.2.jar
7f36ddbc8000-7f36ddbd6000 r--s 0008f000 08:07 4457994                    /home/songlinyang/.m2/repository/com/google/collections/google-collections/1.0/google-collections-1.0.jar
7f36ddbd6000-7f36ddbd7000 r--s 0000a000 08:07 4457980                    /home/songlinyang/.m2/repository/commons-logging/commons-logging-api/1.1/commons-logging-api-1.1.jar
7f36ddbd7000-7f36ddbde000 r--s 00051000 08:07 4457972                    /home/songlinyang/.m2/repository/log4j/log4j/1.2.12/log4j-1.2.12.jar
7f36ddbde000-7f36ddbe2000 r--s 0001d000 08:07 4457970                    /home/songlinyang/.m2/repository/org/apache/xbean/xbean-reflect/3.4/xbean-reflect-3.4.jar
7f36ddbe2000-7f36ddbe3000 r--s 00004000 08:07 4457959                    /home/songlinyang/.m2/repository/org/codehaus/plexus/plexus-compiler-javac/2.2/plexus-compiler-javac-2.2.jar
7f36ddbe3000-7f36ddbe5000 r--s 00000000 08:07 4457958                    /home/songlinyang/.m2/repository/org/codehaus/plexus/plexus-compiler-manager/2.2/plexus-compiler-manager-2.2.jar
7f36ddbe5000-7f36ddbe7000 r--s 00005000 08:07 4457957                    /home/songlinyang/.m2/repository/org/codehaus/plexus/plexus-compiler-api/2.2/plexus-compiler-api-2.2.jar
7f36ddbe7000-7f36ddbe9000 r--s 00000000 08:07 4457952                    /home/songlinyang/.m2/repository/org/codehaus/plexus/plexus-component-annotations/1.5.5/plexus-component-annotations-1.5.5.jar
7f36ddbe9000-7f36ddbeb000 r--s 00002000 08:07 4457948                    /home/songlinyang/.m2/repository/org/apache/maven/shared/maven-shared-incremental/1.1/maven-shared-incremental-1.1.jar
7f36ddbeb000-7f36ddbed000 r--s 00006000 08:07 4457950                    /home/songlinyang/.m2/repository/com/google/code/findbugs/jsr305/2.0.1/jsr305-2.0.1.jar
7f36ddbed000-7f36ddbf0000 r--s 00023000 08:07 4457946                    /home/songlinyang/.m2/repository/org/apache/maven/shared/maven-shared-utils/0.1/maven-shared-utils-0.1.jar
7f36ddbf0000-7f36ddbf4000 r--s 00030000 08:07 4457944                    /home/songlinyang/.m2/repository/org/codehaus/plexus/plexus-utils/1.5.1/plexus-utils-1.5.1.jar
7f36ddbf4000-7f36ddbf6000 r--s 00009000 08:07 4329678                    /home/songlinyang/.m2/repository/org/apache/maven/plugins/maven-compiler-plugin/3.1/maven-compiler-plugin-3.1.jar
7f36ddbf6000-7f36ddbf8000 r--s 0000d000 08:07 4329977                    /home/songlinyang/.m2/repository/org/codehaus/plexus/plexus-interpolation/1.13/plexus-interpolation-1.13.jar
7f36ddbf8000-7f36ddbf9000 r--s 00001000 08:07 4329971                    /home/songlinyang/.m2/repository/org/sonatype/plexus/plexus-build-api/0.0.4/plexus-build-api-0.0.4.jar
7f36ddbf9000-7f36ddbfb000 r--s 00009000 08:07 4329967                    /home/songlinyang/.m2/repository/org/apache/maven/shared/maven-filtering/1.1/maven-filtering-1.1.jar
7f36ddbfb000-7f36ddbff000 r--s 00033000 08:07 4329961                    /home/songlinyang/.m2/repository/org/codehaus/plexus/plexus-utils/2.0.5/plexus-utils-2.0.5.jar
7f36ddbff000-7f36ddc02000 r--s 0001b000 08:07 4329565                    /home/songlinyang/.m2/repository/junit/junit/3.8.1/junit-3.8.1.jar
7f36ddc02000-7f36ddc04000 r--s 00002000 08:07 4329963                    /home/songlinyang/.m2/repository/org/codehaus/plexus/plexus-interactivity-api/1.0-alpha-4/plexus-interactivity-api-1.0-alpha-4.jar
7f36ddc04000-7f36ddc06000 r--s 00006000 08:07 4329959                    /home/songlinyang/.m2/repository/commons-cli/commons-cli/1.0/commons-cli-1.0.jar
7f36ddc06000-7f36ddc07000 r--s 00001000 08:07 4329957                    /home/songlinyang/.m2/repository/org/apache/maven/doxia/doxia-sink-api/1.0-alpha-7/doxia-sink-api-1.0-alpha-7.jar
7f36ddc07000-7f36ddc08000 r--s 00002000 08:07 4329955                    /home/songlinyang/.m2/repository/org/apache/maven/reporting/maven-reporting-api/2.0.6/maven-reporting-api-2.0.6.jar
7f36ddc08000-7f36ddc0a000 r--s 00006000 08:07 4329659                    /home/songlinyang/.m2/repository/org/apache/maven/plugins/maven-resources-plugin/2.6/maven-resources-plugin-2.6.jar
7f36ddc0a000-7f36ddc0e000 r--s 0008a000 08:07 4198459                    /usr/local/jdk1.7.0_71/jre/lib/jsse.jar
7f36ddc0e000-7f36ddc12000 r--s 000f7000 08:07 4197780                    /usr/local/jdk1.7.0_71/jre/lib/ext/localedata.jar
7f36ddc12000-7f36ddc43000 rw-p 00000000 00:00 0 
7f36ddc43000-7f36ddc59000 r-xp 00000000 08:07 4198276                    /usr/local/jdk1.7.0_71/jre/lib/amd64/libnet.so
7f36ddc59000-7f36dde59000 ---p 00016000 08:07 4198276                    /usr/local/jdk1.7.0_71/jre/lib/amd64/libnet.so
7f36dde59000-7f36dde5a000 rw-p 00016000 08:07 4198276                    /usr/local/jdk1.7.0_71/jre/lib/amd64/libnet.so
7f36dde5a000-7f36dde6a000 r-xp 00000000 08:07 4198316                    /usr/local/jdk1.7.0_71/jre/lib/amd64/libnio.so
7f36dde6a000-7f36de06a000 ---p 00010000 08:07 4198316                    /usr/local/jdk1.7.0_71/jre/lib/amd64/libnio.so
7f36de06a000-7f36de06b000 rw-p 00010000 08:07 4198316                    /usr/local/jdk1.7.0_71/jre/lib/amd64/libnio.so
7f36de06b000-7f36de06d000 r--s 00009000 08:07 5508257                    /usr/local/apache-maven-3.2.5/lib/maven-settings-3.2.5.jar
7f36de06d000-7f36de09b000 r--s 001fa000 08:07 5508287                    /usr/local/apache-maven-3.2.5/lib/wagon-http-2.8-shaded.jar
7f36de09b000-7f36de09f000 r--s 00020000 08:07 5508278                    /usr/local/apache-maven-3.2.5/lib/aether-util-1.0.0.v20140518.jar
7f36de09f000-7f36de0a1000 r--s 00006000 08:07 5508277                    /usr/local/apache-maven-3.2.5/lib/aether-spi-1.0.0.v20140518.jar
7f36de0a1000-7f36de0a3000 r--s 0000c000 08:07 5508267                    /usr/local/apache-maven-3.2.5/lib/maven-artifact-3.2.5.jar
7f36de0a3000-7f36de0a8000 r--s 00041000 08:07 5508290                    /usr/local/apache-maven-3.2.5/lib/commons-lang-2.6.jar
7f36de0a8000-7f36de0a9000 r--s 00008000 08:07 5508293                    /usr/local/apache-maven-3.2.5/lib/aether-connector-basic-1.0.0.v20140518.jar
7f36de0a9000-7f36de0ac000 r--s 00008000 08:07 5508270                    /usr/local/apache-maven-3.2.5/lib/cdi-api-1.0.jar
7f36de0ac000-7f36de0af000 r--s 0000d000 08:07 5508262                    /usr/local/apache-maven-3.2.5/lib/plexus-interpolation-1.21.jar
7f36de0af000-7f36de0b1000 r--s 00009000 08:07 5508286                    /usr/local/apache-maven-3.2.5/lib/commons-cli-1.2.jar
7f36de0b1000-7f36de0b3000 r--s 0000e000 08:07 5508256                    /usr/local/apache-maven-3.2.5/lib/maven-embedder-3.2.5.jar
7f36de0b3000-7f36de0b9000 r--s 0002b000 08:07 5508269                    /usr/local/apache-maven-3.2.5/lib/org.eclipse.sisu.plexus-0.3.0.M1.jar
7f36de0b9000-7f36de0bb000 r--s 00000000 08:07 5508281                    /usr/local/apache-maven-3.2.5/lib/aopalliance-1.0.jar
7f36de0bb000-7f36de0bd000 r--s 00005000 08:07 5508266                    /usr/local/apache-maven-3.2.5/lib/maven-repository-metadata-3.2.5.jar
7f36de0bd000-7f36de0c1000 r--s 00027000 08:07 5508291                    /usr/local/apache-maven-3.2.5/lib/commons-io-2.2.jar
7f36de0c1000-7f36de0ca000 r--s 00059000 08:07 5508280                    /usr/local/apache-maven-3.2.5/lib/sisu-guice-3.2.3-no_aop.jar
7f36de0ca000-7f36de0cc000 r--s 0000a000 08:07 5508268                    /usr/local/apache-maven-3.2.5/lib/maven-plugin-api-3.2.5.jar
7f36de0cc000-7f36de0f7000 r--s 001fc000 08:07 5508282                    /usr/local/apache-maven-3.2.5/lib/guava-18.0.jar
7f36de0f7000-7f36de0f8000 ---p 00000000 00:00 0 
7f36de0f8000-7f36de1f8000 rw-p 00000000 00:00 0                          [stack:1755]
7f36de1f8000-7f36de1fb000 ---p 00000000 00:00 0 
7f36de1fb000-7f36de2f9000 rw-p 00000000 00:00 0                          [stack:1754]
7f36de2f9000-7f36de2fc000 ---p 00000000 00:00 0 
7f36de2fc000-7f36de3fa000 rw-p 00000000 00:00 0                          [stack:1753]
7f36de3fa000-7f36de3fd000 ---p 00000000 00:00 0 
7f36de3fd000-7f36de4fb000 rw-p 00000000 00:00 0                          [stack:1752]
7f36de4fb000-7f36de4fe000 ---p 00000000 00:00 0 
7f36de4fe000-7f36de5fc000 rw-p 00000000 00:00 0                          [stack:1750]
7f36de5fc000-7f36de5ff000 ---p 00000000 00:00 0 
7f36de5ff000-7f36de6fd000 rw-p 00000000 00:00 0                          [stack:1749]
7f36de6fd000-7f36de700000 ---p 00000000 00:00 0 
7f36de700000-7f36de7fe000 rw-p 00000000 00:00 0                          [stack:1747]
7f36de7fe000-7f36de802000 r-xp 00000000 08:07 4198323                    /usr/local/jdk1.7.0_71/jre/lib/amd64/libdt_socket.so
7f36de802000-7f36dea01000 ---p 00004000 08:07 4198323                    /usr/local/jdk1.7.0_71/jre/lib/amd64/libdt_socket.so
7f36dea01000-7f36dea02000 rw-p 00003000 08:07 4198323                    /usr/local/jdk1.7.0_71/jre/lib/amd64/libdt_socket.so
7f36dea02000-7f36dea05000 ---p 00000000 00:00 0 
7f36dea05000-7f36deb03000 rw-p 00000000 00:00 0                          [stack:1746]
7f36deb03000-7f36deb06000 ---p 00000000 00:00 0 
7f36deb06000-7f36dec04000 rw-p 00000000 00:00 0                          [stack:1745]
7f36dec04000-7f36dec07000 ---p 00000000 00:00 0 
7f36dec07000-7f36ded05000 rw-p 00000000 00:00 0                          [stack:1744]
7f36ded05000-7f36ded06000 ---p 00000000 00:00 0 
7f36ded06000-7f36df7bd000 rw-p 00000000 00:00 0                          [stack:1743]
7f36df7bd000-7f36df97c000 r--s 039e9000 08:07 4198446                    /usr/local/jdk1.7.0_71/jre/lib/rt.jar
7f36df97c000-7f36e3e14000 rw-p 00000000 00:00 0 
7f36e3e14000-7f36e3e15000 ---p 00000000 00:00 0 
7f36e3e15000-7f36e3f8c000 rw-p 00000000 00:00 0                          [stack:1742]
7f36e3f8c000-7f36e41a6000 rw-p 00000000 00:00 0 
7f36e41a6000-7f36e41c9000 rw-p 00000000 00:00 0 
7f36e41c9000-7f36e41cf000 rw-p 00000000 00:00 0 
7f36e41cf000-7f36e4246000 rw-p 00000000 00:00 0 
7f36e4246000-7f36e445f000 rw-p 00000000 00:00 0 
7f36e445f000-7f36e45a8000 rw-p 00000000 00:00 0 
7f36e45a8000-7f36e45a9000 rw-p 00000000 00:00 0 
7f36e45a9000-7f36e4bf9000 rwxp 00000000 00:00 0 
7f36e4bf9000-7f36e75a9000 rw-p 00000000 00:00 0 
7f36e75a9000-7f36e75c3000 r-xp 00000000 08:07 4198330                    /usr/local/jdk1.7.0_71/jre/lib/amd64/libzip.so
7f36e75c3000-7f36e77c3000 ---p 0001a000 08:07 4198330                    /usr/local/jdk1.7.0_71/jre/lib/amd64/libzip.so
7f36e77c3000-7f36e77c4000 rw-p 0001a000 08:07 4198330                    /usr/local/jdk1.7.0_71/jre/lib/amd64/libzip.so
7f36e77c4000-7f36e77cf000 r-xp 00000000 08:07 6686876                    /lib/x86_64-linux-gnu/libnss_files-2.19.so
7f36e77cf000-7f36e79ce000 ---p 0000b000 08:07 6686876                    /lib/x86_64-linux-gnu/libnss_files-2.19.so
7f36e79ce000-7f36e79cf000 r--p 0000a000 08:07 6686876                    /lib/x86_64-linux-gnu/libnss_files-2.19.so
7f36e79cf000-7f36e79d0000 rw-p 0000b000 08:07 6686876                    /lib/x86_64-linux-gnu/libnss_files-2.19.so
7f36e79d0000-7f36e79db000 r-xp 00000000 08:07 6686964                    /lib/x86_64-linux-gnu/libnss_nis-2.19.so
7f36e79db000-7f36e7bda000 ---p 0000b000 08:07 6686964                    /lib/x86_64-linux-gnu/libnss_nis-2.19.so
7f36e7bda000-7f36e7bdb000 r--p 0000a000 08:07 6686964                    /lib/x86_64-linux-gnu/libnss_nis-2.19.so
7f36e7bdb000-7f36e7bdc000 rw-p 0000b000 08:07 6686964                    /lib/x86_64-linux-gnu/libnss_nis-2.19.so
7f36e7bdc000-7f36e7bf3000 r-xp 00000000 08:07 6686944                    /lib/x86_64-linux-gnu/libnsl-2.19.so
7f36e7bf3000-7f36e7df2000 ---p 00017000 08:07 6686944                    /lib/x86_64-linux-gnu/libnsl-2.19.so
7f36e7df2000-7f36e7df3000 r--p 00016000 08:07 6686944                    /lib/x86_64-linux-gnu/libnsl-2.19.so
7f36e7df3000-7f36e7df4000 rw-p 00017000 08:07 6686944                    /lib/x86_64-linux-gnu/libnsl-2.19.so
7f36e7df4000-7f36e7df6000 rw-p 00000000 00:00 0 
7f36e7df6000-7f36e7dff000 r-xp 00000000 08:07 6686942                    /lib/x86_64-linux-gnu/libnss_compat-2.19.so
7f36e7dff000-7f36e7ffe000 ---p 00009000 08:07 6686942                    /lib/x86_64-linux-gnu/libnss_compat-2.19.so
7f36e7ffe000-7f36e7fff000 r--p 00008000 08:07 6686942                    /lib/x86_64-linux-gnu/libnss_compat-2.19.so
7f36e7fff000-7f36e8000000 rw-p 00009000 08:07 6686942                    /lib/x86_64-linux-gnu/libnss_compat-2.19.so
7f36e8000000-7f36e96a3000 rw-p 00000000 00:00 0 
7f36e96a3000-7f36ec000000 ---p 00000000 00:00 0 
7f36ec000000-7f36ec001000 r--s 00002000 08:07 5508295                    /usr/local/apache-maven-3.2.5/lib/slf4j-simple-1.7.5.jar
7f36ec001000-7f36ec003000 r--s 00002000 08:07 5508265                    /usr/local/apache-maven-3.2.5/lib/plexus-cipher-1.7.jar
7f36ec003000-7f36ec005000 r--s 0000b000 08:07 5508284                    /usr/local/apache-maven-3.2.5/lib/wagon-provider-api-2.8.jar
7f36ec005000-7f36ec00a000 r--s 00025000 08:07 5508274                    /usr/local/apache-maven-3.2.5/lib/maven-model-builder-3.2.5.jar
7f36ec00a000-7f36ec00d000 r--s 00025000 08:07 5508260                    /usr/local/apache-maven-3.2.5/lib/maven-model-3.2.5.jar
7f36ec00d000-7f36ec00f000 r--s 00005000 08:07 5508285                    /usr/local/apache-maven-3.2.5/lib/slf4j-api-1.7.5.jar
7f36ec00f000-7f36ec011000 r--s 00000000 08:07 5508263                    /usr/local/apache-maven-3.2.5/lib/plexus-component-annotations-1.5.5.jar
7f36ec011000-7f36ec01d000 r--s 00089000 08:07 5508259                    /usr/local/apache-maven-3.2.5/lib/maven-core-3.2.5.jar
7f36ec01d000-7f36ec0c9000 rw-p 00000000 00:00 0 
7f36ec0c9000-7f36ec0ca000 ---p 00000000 00:00 0 
7f36ec0ca000-7f36ec1ed000 rw-p 00000000 00:00 0                          [stack:1741]
7f36ec1ed000-7f36ec1f3000 rw-p 00000000 00:00 0 
7f36ec1f3000-7f36eca7e000 r--p 00000000 08:07 5381156                    /usr/lib/locale/locale-archive
7f36eca7e000-7f36eca81000 r-xp 00000000 08:07 4198298                    /usr/local/jdk1.7.0_71/jre/lib/amd64/libnpt.so
7f36eca81000-7f36ecc80000 ---p 00003000 08:07 4198298                    /usr/local/jdk1.7.0_71/jre/lib/amd64/libnpt.so
7f36ecc80000-7f36ecc81000 rw-p 00002000 08:07 4198298                    /usr/local/jdk1.7.0_71/jre/lib/amd64/libnpt.so
7f36ecc81000-7f36eccba000 r-xp 00000000 08:07 4198284                    /usr/local/jdk1.7.0_71/jre/lib/amd64/libjdwp.so
7f36eccba000-7f36eceba000 ---p 00039000 08:07 4198284                    /usr/local/jdk1.7.0_71/jre/lib/amd64/libjdwp.so
7f36eceba000-7f36ecebb000 rw-p 00039000 08:07 4198284                    /usr/local/jdk1.7.0_71/jre/lib/amd64/libjdwp.so
7f36ecebb000-7f36ecebc000 rw-p 00000000 00:00 0 
7f36ecebc000-7f36ecee5000 r-xp 00000000 08:07 4198313                    /usr/local/jdk1.7.0_71/jre/lib/amd64/libjava.so
7f36ecee5000-7f36ed0e5000 ---p 00029000 08:07 4198313                    /usr/local/jdk1.7.0_71/jre/lib/amd64/libjava.so
7f36ed0e5000-7f36ed0e7000 rw-p 00029000 08:07 4198313                    /usr/local/jdk1.7.0_71/jre/lib/amd64/libjava.so
7f36ed0e7000-7f36ed0f4000 r-xp 00000000 08:07 4198275                    /usr/local/jdk1.7.0_71/jre/lib/amd64/libverify.so
7f36ed0f4000-7f36ed2f3000 ---p 0000d000 08:07 4198275                    /usr/local/jdk1.7.0_71/jre/lib/amd64/libverify.so
7f36ed2f3000-7f36ed2f5000 rw-p 0000c000 08:07 4198275                    /usr/local/jdk1.7.0_71/jre/lib/amd64/libverify.so
7f36ed2f5000-7f36ed2fc000 r-xp 00000000 08:07 6686960                    /lib/x86_64-linux-gnu/librt-2.19.so
7f36ed2fc000-7f36ed4fb000 ---p 00007000 08:07 6686960                    /lib/x86_64-linux-gnu/librt-2.19.so
7f36ed4fb000-7f36ed4fc000 r--p 00006000 08:07 6686960                    /lib/x86_64-linux-gnu/librt-2.19.so
7f36ed4fc000-7f36ed4fd000 rw-p 00007000 08:07 6686960                    /lib/x86_64-linux-gnu/librt-2.19.so
7f36ed4fd000-7f36ed602000 r-xp 00000000 08:07 6686874                    /lib/x86_64-linux-gnu/libm-2.19.so
7f36ed602000-7f36ed801000 ---p 00105000 08:07 6686874                    /lib/x86_64-linux-gnu/libm-2.19.so
7f36ed801000-7f36ed802000 r--p 00104000 08:07 6686874                    /lib/x86_64-linux-gnu/libm-2.19.so
7f36ed802000-7f36ed803000 rw-p 00105000 08:07 6686874                    /lib/x86_64-linux-gnu/libm-2.19.so
7f36ed803000-7f36ee375000 r-xp 00000000 08:07 4198289                    /usr/local/jdk1.7.0_71/jre/lib/amd64/server/libjvm.so
7f36ee375000-7f36ee574000 ---p 00b72000 08:07 4198289                    /usr/local/jdk1.7.0_71/jre/lib/amd64/server/libjvm.so
7f36ee574000-7f36ee639000 rw-p 00b71000 08:07 4198289                    /usr/local/jdk1.7.0_71/jre/lib/amd64/server/libjvm.so
7f36ee639000-7f36ee679000 rw-p 00000000 00:00 0 
7f36ee679000-7f36ee834000 r-xp 00000000 08:07 6686954                    /lib/x86_64-linux-gnu/libc-2.19.so
7f36ee834000-7f36eea33000 ---p 001bb000 08:07 6686954                    /lib/x86_64-linux-gnu/libc-2.19.so
7f36eea33000-7f36eea37000 r--p 001ba000 08:07 6686954                    /lib/x86_64-linux-gnu/libc-2.19.so
7f36eea37000-7f36eea39000 rw-p 001be000 08:07 6686954                    /lib/x86_64-linux-gnu/libc-2.19.so
7f36eea39000-7f36eea3e000 rw-p 00000000 00:00 0 
7f36eea3e000-7f36eea41000 r-xp 00000000 08:07 6686882                    /lib/x86_64-linux-gnu/libdl-2.19.so
7f36eea41000-7f36eec40000 ---p 00003000 08:07 6686882                    /lib/x86_64-linux-gnu/libdl-2.19.so
7f36eec40000-7f36eec41000 r--p 00002000 08:07 6686882                    /lib/x86_64-linux-gnu/libdl-2.19.so
7f36eec41000-7f36eec42000 rw-p 00003000 08:07 6686882                    /lib/x86_64-linux-gnu/libdl-2.19.so
7f36eec42000-7f36eec58000 r-xp 00000000 08:07 4196463                    /usr/local/jdk1.7.0_71/lib/amd64/jli/libjli.so
7f36eec58000-7f36eee58000 ---p 00016000 08:07 4196463                    /usr/local/jdk1.7.0_71/lib/amd64/jli/libjli.so
7f36eee58000-7f36eee59000 rw-p 00016000 08:07 4196463                    /usr/local/jdk1.7.0_71/lib/amd64/jli/libjli.so
7f36eee59000-7f36eee72000 r-xp 00000000 08:07 6686956                    /lib/x86_64-linux-gnu/libpthread-2.19.so
7f36eee72000-7f36ef071000 ---p 00019000 08:07 6686956                    /lib/x86_64-linux-gnu/libpthread-2.19.so
7f36ef071000-7f36ef072000 r--p 00018000 08:07 6686956                    /lib/x86_64-linux-gnu/libpthread-2.19.so
7f36ef072000-7f36ef073000 rw-p 00019000 08:07 6686956                    /lib/x86_64-linux-gnu/libpthread-2.19.so
7f36ef073000-7f36ef077000 rw-p 00000000 00:00 0 
7f36ef077000-7f36ef09a000 r-xp 00000000 08:07 6686948                    /lib/x86_64-linux-gnu/ld-2.19.so
7f36ef09a000-7f36ef09b000 r--s 00006000 08:07 5508264                    /usr/local/apache-maven-3.2.5/lib/plexus-sec-dispatcher-1.3.jar
7f36ef09b000-7f36ef0a2000 r--s 0004d000 08:07 5508273                    /usr/local/apache-maven-3.2.5/lib/org.eclipse.sisu.inject-0.3.0.M1.jar
7f36ef0a2000-7f36ef0a3000 r--s 00002000 08:07 5508292                    /usr/local/apache-maven-3.2.5/lib/wagon-file-2.8.jar
7f36ef0a3000-7f36ef0a9000 r--s 00040000 08:07 5508283                    /usr/local/apache-maven-3.2.5/lib/maven-compat-3.2.5.jar
7f36ef0a9000-7f36ef0ab000 r--s 00005000 08:07 5508294                    /usr/local/apache-maven-3.2.5/lib/aether-transport-wagon-1.0.0.v20140518.jar
7f36ef0ab000-7f36ef0af000 r--s 00038000 08:07 5508258                    /usr/local/apache-maven-3.2.5/lib/plexus-utils-3.0.20.jar
7f36ef0af000-7f36ef0b5000 r--s 00042000 08:07 5508289                    /usr/local/apache-maven-3.2.5/lib/jsoup-1.7.2.jar
7f36ef0b5000-7f36ef0cf000 rw-p 00000000 00:00 0 
7f36ef0cf000-7f36ef175000 rw-p 00000000 00:00 0 
7f36ef175000-7f36ef178000 ---p 00000000 00:00 0 
7f36ef178000-7f36ef27a000 rw-p 00000000 00:00 0                          [stack:1740]
7f36ef27a000-7f36ef27d000 r--s 00027000 08:07 5508279                    /usr/local/apache-maven-3.2.5/lib/aether-impl-1.0.0.v20140518.jar
7f36ef27d000-7f36ef27f000 r--s 00009000 08:07 5508261                    /usr/local/apache-maven-3.2.5/lib/maven-settings-builder-3.2.5.jar
7f36ef27f000-7f36ef281000 r--s 0000f000 08:07 5508275                    /usr/local/apache-maven-3.2.5/lib/maven-aether-provider-3.2.5.jar
7f36ef281000-7f36ef282000 r--s 00002000 08:07 5508288                    /usr/local/apache-maven-3.2.5/lib/wagon-http-shared-2.8.jar
7f36ef282000-7f36ef283000 r--s 00000000 08:07 5508272                    /usr/local/apache-maven-3.2.5/lib/javax.inject-1.jar
7f36ef283000-7f36ef288000 r--s 0001d000 08:07 5508276                    /usr/local/apache-maven-3.2.5/lib/aether-api-1.0.0.v20140518.jar
7f36ef288000-7f36ef289000 r--s 00001000 08:07 5508271                    /usr/local/apache-maven-3.2.5/lib/jsr250-api-1.0.jar
7f36ef289000-7f36ef28b000 r--s 00016000 08:07 5380016                    /usr/local/idea-IU-139.659.2/lib/idea_rt.jar
7f36ef28b000-7f36ef28d000 r--s 0000b000 08:07 5508255                    /usr/local/apache-maven-3.2.5/boot/plexus-classworlds-2.5.2.jar
7f36ef28d000-7f36ef295000 rw-s 00000000 08:07 3276917                    /tmp/hsperfdata_songlinyang/1739
7f36ef295000-7f36ef296000 rw-p 00000000 00:00 0 
7f36ef296000-7f36ef297000 r--p 00000000 00:00 0 
7f36ef297000-7f36ef299000 rw-p 00000000 00:00 0 
7f36ef299000-7f36ef29a000 r--p 00022000 08:07 6686948                    /lib/x86_64-linux-gnu/ld-2.19.so
7f36ef29a000-7f36ef29b000 rw-p 00023000 08:07 6686948                    /lib/x86_64-linux-gnu/ld-2.19.so
7f36ef29b000-7f36ef29c000 rw-p 00000000 00:00 0 
7fffb0c5f000-7fffb0c80000 rw-p 00000000 00:00 0                          [stack]
7fffb0cca000-7fffb0ccc000 r-xp 00000000 00:00 0                          [vdso]
ffffffffff600000-ffffffffff601000 r-xp 00000000 00:00 0                  [vsyscall]

VM Arguments:
jvm_args: -agentlib:jdwp=transport=dt_socket,address=127.0.0.1:53430,suspend=y,server=n -Dmaven.home=/usr/local/apache-maven-3.2.5 -Dclassworlds.conf=/usr/local/apache-maven-3.2.5/bin/m2.conf -Dfile.encoding=UTF-8 
java_command: org.codehaus.classworlds.Launcher -Didea.version=14.0.2 jetty:run -DforkMode=never -P dev
Launcher Type: SUN_STANDARD

Environment Variables:
JAVA_HOME=/usr/local/jdk1.7.0_71
JRE_HOME=/usr/local/jdk1.7.0_71/jre
CLASSPATH=/usr/local/idea-IU-139.659.2/bin/../lib/bootstrap.jar:/usr/local/idea-IU-139.659.2/bin/../lib/extensions.jar:/usr/local/idea-IU-139.659.2/bin/../lib/util.jar:/usr/local/idea-IU-139.659.2/bin/../lib/jdom.jar:/usr/local/idea-IU-139.659.2/bin/../lib/log4j.jar:/usr/local/idea-IU-139.659.2/bin/../lib/trove4j.jar:/usr/local/idea-IU-139.659.2/bin/../lib/jna.jar:/usr/local/jdk1.7.0_71/lib/tools.jar
PATH=/usr/local/hive/bin:/usr/local/hbase-1.0.0/bin:/usr/local/findbugs-2.0.3/bin:/usr/local/apache-ant-1.9.4/bin:/usr/local/apache-maven-3.2.5/bin:/usr/local/zookeeper-3.4.6/bin:/usr/local/jdk1.7.0_71/bin:/usr/local/jdk1.7.0_71/jre/bin:/usr/local/sbin:/usr/local/bin:/usr/sbin:/usr/bin:/sbin:/bin:/usr/games:/usr/local/games:/usr/local/pig-0.14.0/bin
LD_LIBRARY_PATH=/usr/local/idea-IU-139.659.2/bin:
SHELL=/bin/bash
DISPLAY=:0

Signal Handlers:
SIGSEGV: [libjvm.so+0x9a1330], sa_mask[0]=0x7ffbfeff, sa_flags=0x10000004
SIGBUS: [libjvm.so+0x9a1330], sa_mask[0]=0x7ffbfeff, sa_flags=0x10000004
SIGFPE: [libjvm.so+0x81b390], sa_mask[0]=0x7ffbfeff, sa_flags=0x10000004
SIGPIPE: [libjvm.so+0x81b390], sa_mask[0]=0x7ffbfeff, sa_flags=0x10000004
SIGXFSZ: [libjvm.so+0x81b390], sa_mask[0]=0x7ffbfeff, sa_flags=0x10000004
SIGILL: [libjvm.so+0x81b390], sa_mask[0]=0x7ffbfeff, sa_flags=0x10000004
SIGUSR1: SIG_DFL, sa_mask[0]=0x00000000, sa_flags=0x00000000
SIGUSR2: [libjvm.so+0x81cb90], sa_mask[0]=0x00000004, sa_flags=0x10000004
SIGHUP: [libjvm.so+0x81dc90], sa_mask[0]=0x7ffbfeff, sa_flags=0x10000004
SIGINT: [libjvm.so+0x81dc90], sa_mask[0]=0x7ffbfeff, sa_flags=0x10000004
SIGTERM: [libjvm.so+0x81dc90], sa_mask[0]=0x7ffbfeff, sa_flags=0x10000004
SIGQUIT: [libjvm.so+0x81dc90], sa_mask[0]=0x7ffbfeff, sa_flags=0x10000004


---------------  S Y S T E M  ---------------

OS:jessie/sid

uname:Linux 3.13.0-48-generic #80-Ubuntu SMP Thu Mar 12 11:16:15 UTC 2015 x86_64
libc:glibc 2.19 NPTL 2.19 
rlimit: STACK 8192k, CORE 0k, NPROC 61333, NOFILE 4096, AS infinity
load average:1.67 0.53 0.32

/proc/meminfo:
MemTotal:        8068520 kB
MemFree:          442272 kB
Buffers:           80324 kB
Cached:          1282524 kB
SwapCached:         6924 kB
Active:          5753288 kB
Inactive:        1486996 kB
Active(anon):    5259664 kB
Inactive(anon):  1216232 kB
Active(file):     493624 kB
Inactive(file):   270764 kB
Unevictable:          72 kB
Mlocked:              72 kB
SwapTotal:       4567036 kB
SwapFree:        4418892 kB
Dirty:             43580 kB
Writeback:            92 kB
AnonPages:       5871000 kB
Mapped:           374980 kB
Shmem:            598188 kB
Slab:             245492 kB
SReclaimable:     203080 kB
SUnreclaim:        42412 kB
KernelStack:        7264 kB
PageTables:        55808 kB
NFS_Unstable:          0 kB
Bounce:                0 kB
WritebackTmp:          0 kB
CommitLimit:     8601296 kB
Committed_AS:   15971984 kB
VmallocTotal:   34359738367 kB
VmallocUsed:      360012 kB
VmallocChunk:   34359364684 kB
HardwareCorrupted:     0 kB
AnonHugePages:   2879488 kB
HugePages_Total:       0
HugePages_Free:        0
HugePages_Rsvd:        0
HugePages_Surp:        0
Hugepagesize:       2048 kB
DirectMap4k:       61476 kB
DirectMap2M:     8218624 kB


CPU:total 2 (2 cores per cpu, 1 threads per core) family 6 model 58 stepping 9, cmov, cx8, fxsr, mmx, sse, sse2, sse3, ssse3, sse4.1, sse4.2, popcnt, erms, tsc, tscinvbit, tscinv

/proc/cpuinfo:
processor	: 0
vendor_id	: GenuineIntel
cpu family	: 6
model		: 58
model name	: Intel(R) Pentium(R) CPU G2010 @ 2.80GHz
stepping	: 9
microcode	: 0x15
cpu MHz		: 2800.000
cache size	: 3072 KB
physical id	: 0
siblings	: 2
core id		: 0
cpu cores	: 2
apicid		: 0
initial apicid	: 0
fpu		: yes
fpu_exception	: yes
cpuid level	: 13
wp		: yes
flags		: fpu vme de pse tsc msr pae mce cx8 apic sep mtrr pge mca cmov pat pse36 clflush dts acpi mmx fxsr sse sse2 ss ht tm pbe syscall nx rdtscp lm constant_tsc arch_perfmon pebs bts rep_good nopl xtopology nonstop_tsc aperfmperf eagerfpu pni pclmulqdq dtes64 monitor ds_cpl vmx est tm2 ssse3 cx16 xtpr pdcm pcid sse4_1 sse4_2 popcnt tsc_deadline_timer xsave lahf_lm arat epb xsaveopt pln pts dtherm tpr_shadow vnmi flexpriority ept vpid fsgsbase smep erms
bogomips	: 5587.19
clflush size	: 64
cache_alignment	: 64
address sizes	: 36 bits physical, 48 bits virtual
power management:

processor	: 1
vendor_id	: GenuineIntel
cpu family	: 6
model		: 58
model name	: Intel(R) Pentium(R) CPU G2010 @ 2.80GHz
stepping	: 9
microcode	: 0x15
cpu MHz		: 2800.000
cache size	: 3072 KB
physical id	: 0
siblings	: 2
core id		: 1
cpu cores	: 2
apicid		: 2
initial apicid	: 2
fpu		: yes
fpu_exception	: yes
cpuid level	: 13
wp		: yes
flags		: fpu vme de pse tsc msr pae mce cx8 apic sep mtrr pge mca cmov pat pse36 clflush dts acpi mmx fxsr sse sse2 ss ht tm pbe syscall nx rdtscp lm constant_tsc arch_perfmon pebs bts rep_good nopl xtopology nonstop_tsc aperfmperf eagerfpu pni pclmulqdq dtes64 monitor ds_cpl vmx est tm2 ssse3 cx16 xtpr pdcm pcid sse4_1 sse4_2 popcnt tsc_deadline_timer xsave lahf_lm arat epb xsaveopt pln pts dtherm tpr_shadow vnmi flexpriority ept vpid fsgsbase smep erms
bogomips	: 5587.19
clflush size	: 64
cache_alignment	: 64
address sizes	: 36 bits physical, 48 bits virtual
power management:



Memory: 4k page, physical 8068520k(442272k free), swap 4567036k(4418892k free)

vm_info: Java HotSpot(TM) 64-Bit Server VM (24.71-b01) for linux-amd64 JRE (1.7.0_71-b14), built on Sep 26 2014 16:41:40 by "java_re" with gcc 4.3.0 20080428 (Red Hat 4.3.0-8)

time: Wed Apr 29 12:02:03 2015
elapsed time: 2488 seconds

