#
# A fatal error has been detected by the Java Runtime Environment:
#
#  SIGSEGV (0xb) at pc=0x00007f058dacd72f, pid=14244, tid=139661448099584
#
# JRE version: Java(TM) SE Runtime Environment (7.0_71-b14) (build 1.7.0_71-b14)
# Java VM: Java HotSpot(TM) 64-Bit Server VM (24.71-b01 mixed mode linux-amd64 compressed oops)
# Problematic frame:
# C  [libc.so.6+0x14972f]  __nss_hosts_lookup+0x124af
#
# Failed to write core dump. Core dumps have been disabled. To enable core dumping, try "ulimit -c unlimited" before starting Java again
#
# If you would like to submit a bug report, please visit:
#   http://bugreport.sun.com/bugreport/crash.jsp
# The crash happened outside the Java Virtual Machine in native code.
# See problematic frame for where to report the bug.
#

---------------  T H R E A D  ---------------

Current thread (0x00007f05896b9000):  JavaThread "Scanner-0" daemon [_thread_in_native, id=14304, stack(0x00007f0576f0b000,0x00007f057700c000)]

siginfo:si_signo=SIGSEGV: si_errno=0, si_code=2 (SEGV_ACCERR), si_addr=0x00007f05803c1000

Registers:
RAX=0x00007f055cbb7c70, RBX=0x000000000000d0c4, RCX=0x0000000000004000, RDX=0x0000000000001534
RSP=0x00007f0577009e18, RBP=0x00007f0577009e70, RSI=0x00007f05803c0fef, RDI=0x00007f055cbc3780
R8 =0x00007f055cbb7c70, R9 =0x00007f058dacd720, R10=0x00007f055c000078, R11=0x00007f058db0afb0
R12=0x00007f05803b54b1, R13=0x00007f055c216a30, R14=0x0000000000009035, R15=0x00007f0588c163f0
RIP=0x00007f058dacd72f, EFLAGS=0x0000000000010202, CSGSFS=0x0000000000000033, ERR=0x0000000000000004
  TRAPNO=0x000000000000000e

Top of Stack: (sp=0x00007f0577009e18)
0x00007f0577009e18:   00007f05868e4b07 00007f0577009f70
0x00007f0577009e28:   fa95350500000001 000000000000d0c4
0x00007f0577009e38:   0000000000000000 00007f055c216a30
0x00007f0577009e48:   0000000000000000 00007f0588c163f0
0x00007f0577009e58:   00007f0577009f70 00007f0577009ed0
0x00007f0577009e68:   00007f05896b9000 00007f0577009e90
0x00007f0577009e78:   00007f05868e4fd3 00007f0577009f40
0x00007f0577009e88:   0000000000000000 00007f0577009ee0
0x00007f0577009e98:   00007f0583b3f416 00007f0577009fb8
0x00007f0577009ea8:   00007f0577009f40 0000000000000000
0x00007f0577009eb8:   00007f0577009f70 00007f057700a030
0x00007f0577009ec8:   00007f05896b9000 0000000784f50a48
0x00007f0577009ed8:   00007f058393e348 0000000000000000
0x00007f0577009ee8:   00007f0583a8da74 00000007ef469b30
0x00007f0577009ef8:   00000007ef469b18 00000007f0c8d993
0x00007f0577009f08:   000000078646cc98 00007f0588c163f0
0x00007f0577009f18:   00007f0583b3e944 00000007ef469b18
0x00007f0577009f28:   00000000000000b9 0000000000000000
0x00007f0577009f38:   000000078286375e 00000012cae00c09
0x00007f0577009f48:   00007f05896b9000 00007f0577009fb8
0x00007f0577009f58:   00007f05838e6961 00007f05838e62b3
0x00007f0577009f68:   00007f05838e6961 00000007ef469b30
0x00007f0577009f78:   00007f0577009f78 000000078286375e
0x00007f0577009f88:   00007f057700a030 0000000782865740
0x00007f0577009f98:   0000000000000000 0000000782863a40
0x00007f0577009fa8:   00007f0577009f70 00007f057700a018
0x00007f0577009fb8:   00007f057700a078 00007f05838e60d8
0x00007f0577009fc8:   0000000000000000 0000000000000000
0x00007f0577009fd8:   0000000000000000 0000000000000000
0x00007f0577009fe8:   0000000000000000 00000007ef469b30
0x00007f0577009ff8:   00000007ef469950 000000078646cc98
0x00007f057700a008:   0000000000000000 00000007ef469858 

Instructions: (pc=0x00007f058dacd72f)
0x00007f058dacd70f:   07 4d 8d 89 f9 ff ff ff 48 8d 52 c0 41 ff e1 0f
0x00007f058dacd71f:   0b 0f 18 86 c0 01 00 00 48 83 ea 40 0f 28 56 01
0x00007f058dacd72f:   0f 28 5e 11 0f 28 66 21 0f 28 6e 31 66 0f 6f f5
0x00007f058dacd73f:   66 0f 3a 0f ec 0f 48 8d 76 40 66 0f 3a 0f e3 0f 

Register to memory mapping:

RAX=0x00007f055cbb7c70 is an unknown value
RBX=0x000000000000d0c4 is an unknown value
RCX=0x0000000000004000 is an unknown value
RDX=0x0000000000001534 is an unknown value
RSP=0x00007f0577009e18 is pointing into the stack for thread: 0x00007f05896b9000
RBP=0x00007f0577009e70 is pointing into the stack for thread: 0x00007f05896b9000
RSI=0x00007f05803c0fef is an unknown value
RDI=0x00007f055cbc3780 is an unknown value
R8 =0x00007f055cbb7c70 is an unknown value
R9 =0x00007f058dacd720: <offset 0x149720> in /lib/x86_64-linux-gnu/libc.so.6 at 0x00007f058d984000
R10=0x00007f055c000078 is an unknown value
R11=0x00007f058db0afb0: <offset 0x186fb0> in /lib/x86_64-linux-gnu/libc.so.6 at 0x00007f058d984000
R12=0x00007f05803b54b1 is an unknown value
R13=0x00007f055c216a30 is an unknown value
R14=0x0000000000009035 is an unknown value
R15=0x00007f0588c163f0 is an unknown value


Stack: [0x00007f0576f0b000,0x00007f057700c000],  sp=0x00007f0577009e18,  free space=1019k
Native frames: (J=compiled Java code, j=interpreted, Vv=VM code, C=native code)
C  [libc.so.6+0x14972f]  __nss_hosts_lookup+0x124af
C  [libzip.so+0x4fd3]  ZIP_GetNextEntry+0x53
J 714  java.util.zip.ZipFile.getNextEntry(JI)J (0 bytes) @ 0x00007f0583b3f416 [0x00007f0583b3f360+0xb6]

Java frames: (J=compiled Java code, j=interpreted, Vv=VM code)
J 714  java.util.zip.ZipFile.getNextEntry(JI)J (0 bytes) @ 0x00007f0583b3f3a4 [0x00007f0583b3f360+0x44]
J 709 C2 java.util.jar.JarFile$1.nextElement()Ljava/lang/Object; (5 bytes) @ 0x00007f0583a8da74 [0x00007f0583a8d960+0x114]
j  org.apache.jasper.runtime.TldScanner.scanJar(Ljava/net/JarURLConnection;Ljava/util/List;Z)V+158
j  org.apache.jasper.runtime.TldScanner.scanJars()V+228
j  org.apache.jasper.runtime.TldScanner.scanTlds()V+28
j  org.apache.jasper.runtime.TldScanner.onStartup(Ljava/util/Set;Ljavax/servlet/ServletContext;)V+73
j  org.eclipse.jetty.plus.annotation.ContainerInitializer.callStartup(Lorg/eclipse/jetty/webapp/WebAppContext;)V+182
j  org.eclipse.jetty.annotations.ServletContainerInitializersStarter.doStart()V+100
j  org.eclipse.jetty.util.component.AbstractLifeCycle.start()V+31
j  org.eclipse.jetty.servlet.ServletContextHandler.startContext()V+16
j  org.eclipse.jetty.webapp.WebAppContext.startContext()V+13
j  org.eclipse.jetty.server.handler.ContextHandler.doStart()V+134
j  org.eclipse.jetty.webapp.WebAppContext.doStart()V+16
j  org.eclipse.jetty.maven.plugin.JettyWebAppContext.doStart()V+240
j  org.eclipse.jetty.util.component.AbstractLifeCycle.start()V+31
j  org.eclipse.jetty.maven.plugin.JettyRunMojo.restartWebApp(Z)V+272
j  org.eclipse.jetty.maven.plugin.JettyRunMojo$1.filesChanged(Ljava/util/List;)V+25
j  org.eclipse.jetty.util.Scanner.reportBulkChanges(Ljava/util/List;)V+41
j  org.eclipse.jetty.util.Scanner.reportDifferences(Ljava/util/Map;Ljava/util/Map;)V+632
j  org.eclipse.jetty.util.Scanner.scan()V+28
j  org.eclipse.jetty.util.Scanner$1.run()V+4
j  java.util.TimerThread.mainLoop()V+221
j  java.util.TimerThread.run()V+1
v  ~StubRoutines::call_stub

---------------  P R O C E S S  ---------------

Java Threads: ( => current thread )
  0x00007f055061d800 JavaThread "qtp2134344854-47" [_thread_blocked, id=17239, stack(0x00007f0577bdc000,0x00007f0577cdd000)]
  0x00007f055498e000 JavaThread "qtp2134344854-46" [_thread_blocked, id=17235, stack(0x00007f058007e000,0x00007f058017f000)]
  0x00007f055c09c000 JavaThread "DubboSharedHandler-thread-1" daemon [_thread_blocked, id=16247, stack(0x00007f0577edf000,0x00007f0577fe0000)]
  0x00007f0570022000 JavaThread "NettyClientBoss-thread-2" daemon [_thread_blocked, id=16207, stack(0x00007f0577886000,0x00007f0577987000)]
  0x00007f056c015000 JavaThread "main-EventThread" daemon [_thread_blocked, id=14382, stack(0x00007f057720e000,0x00007f057730f000)]
  0x00007f056c014000 JavaThread "main-SendThread(localhost:2181)" daemon [_thread_in_native, id=14381, stack(0x00007f0577785000,0x00007f0577886000)]
  0x00007f054c27b800 JavaThread "DubboResponseTimeoutScanTimer" daemon [_thread_blocked, id=14315, stack(0x00007f0576e0a000,0x00007f0576f0b000)]
=>0x00007f05896b9000 JavaThread "Scanner-0" daemon [_thread_in_native, id=14304, stack(0x00007f0576f0b000,0x00007f057700c000)]
  0x00007f0589692800 JavaThread "MongoCleaner604049546" daemon [_thread_blocked, id=14303, stack(0x00007f057700c000,0x00007f057710d000)]
  0x00007f058963d000 JavaThread "dubbo-remoting-client-heartbeat-thread-2" daemon [_thread_blocked, id=14301, stack(0x00007f057710d000,0x00007f057720e000)]
  0x00007f057c028800 JavaThread "NettyClientWorker-thread-2" daemon [_thread_blocked, id=14299, stack(0x00007f057730f000,0x00007f0577410000)]
  0x00007f058963b800 JavaThread "DubboClientReconnectTimer-thread-2" daemon [_thread_blocked, id=14297, stack(0x00007f0577410000,0x00007f0577511000)]
  0x00007f05895bb800 JavaThread "dubbo-remoting-client-heartbeat-thread-1" daemon [_thread_blocked, id=14294, stack(0x00007f05779da000,0x00007f0577adb000)]
  0x00007f057c027000 JavaThread "NettyClientWorker-thread-1" daemon [_thread_blocked, id=14293, stack(0x00007f0577adb000,0x00007f0577bdc000)]
  0x00007f058960f000 JavaThread "DubboClientReconnectTimer-thread-1" daemon [_thread_blocked, id=14290, stack(0x00007f0577cdd000,0x00007f0577dde000)]
  0x00007f0589555800 JavaThread "DubboSaveRegistryCache-thread-1" daemon [_thread_blocked, id=14289, stack(0x00007f0577dde000,0x00007f0577edf000)]
  0x00007f058953d000 JavaThread "ZkClient-EventThread-25-127.0.0.1:2181" daemon [_thread_blocked, id=14286, stack(0x00007f0577511000,0x00007f0577612000)]
  0x00007f0589523000 JavaThread "DubboRegistryFailedRetryTimer-thread-1" daemon [_thread_blocked, id=14285, stack(0x00007f0577612000,0x00007f0577713000)]
  0x00007f0588c12000 JavaThread "qtp2134344854-20" [_thread_blocked, id=14278, stack(0x00007f05804c2000,0x00007f05805c3000)]
  0x00007f0588c10000 JavaThread "qtp2134344854-19-selector-ServerConnectorManager@2f7d7715/1" [_thread_in_native, id=14277, stack(0x00007f05805c3000,0x00007f05806c4000)]
  0x00007f0588c0e000 JavaThread "qtp2134344854-18" [_thread_blocked, id=14276, stack(0x00007f05806c4000,0x00007f05807c5000)]
  0x00007f0588c0c000 JavaThread "qtp2134344854-17" [_thread_blocked, id=14275, stack(0x00007f05807c5000,0x00007f05808c6000)]
  0x00007f0588c0a800 JavaThread "qtp2134344854-16-selector-ServerConnectorManager@2f7d7715/0" [_thread_in_native, id=14274, stack(0x00007f05808c6000,0x00007f05809c7000)]
  0x00007f0588c05800 JavaThread "qtp2134344854-15-acceptor-0-ServerConnector@3e50749{HTTP/1.1}{0.0.0.0:8080}" [_thread_in_native, id=14273, stack(0x00007f05809c7000,0x00007f0580ac8000)]
  0x00007f0588c09800 JavaThread "qtp2134344854-14" [_thread_blocked, id=14272, stack(0x00007f0580ac8000,0x00007f0580bc9000)]
  0x00007f05880a6000 JavaThread "Service Thread" daemon [_thread_blocked, id=14259, stack(0x00007f058153f000,0x00007f0581640000)]
  0x00007f05880a3800 JavaThread "C2 CompilerThread1" daemon [_thread_blocked, id=14258, stack(0x00007f0581640000,0x00007f0581741000)]
  0x00007f05880a0800 JavaThread "C2 CompilerThread0" daemon [_thread_blocked, id=14257, stack(0x00007f0581741000,0x00007f0581842000)]
  0x00007f0558001000 JavaThread "JDWP Command Reader" daemon [_thread_in_native, id=14255, stack(0x00007f0581842000,0x00007f0581943000)]
  0x00007f058809e800 JavaThread "JDWP Event Helper Thread" daemon [_thread_blocked, id=14254, stack(0x00007f0581943000,0x00007f0581a44000)]
  0x00007f058809a800 JavaThread "JDWP Transport Listener: dt_socket" daemon [_thread_blocked, id=14252, stack(0x00007f0581a44000,0x00007f0581b45000)]
  0x00007f058808d800 JavaThread "Signal Dispatcher" daemon [_thread_blocked, id=14251, stack(0x00007f0581d49000,0x00007f0581e4a000)]
  0x00007f058806e000 JavaThread "Finalizer" daemon [_thread_blocked, id=14250, stack(0x00007f0581e4a000,0x00007f0581f4b000)]
  0x00007f058806c000 JavaThread "Reference Handler" daemon [_thread_blocked, id=14249, stack(0x00007f0581f4b000,0x00007f058204c000)]
  0x00007f058800c800 JavaThread "main" [_thread_blocked, id=14245, stack(0x00007f058e480000,0x00007f058e581000)]

Other Threads:
  0x00007f0588067800 VMThread [stack: 0x00007f058204c000,0x00007f058214d000] [id=14248]
  0x00007f05880b0800 WatcherThread [stack: 0x00007f058143e000,0x00007f058153f000] [id=14260]

VM state:not at safepoint (normal execution)

VM Mutex/Monitor currently owned by a thread: None

Heap
 PSYoungGen      total 538624K, used 399411K [0x00000007d6f00000, 0x0000000800000000, 0x0000000800000000)
  eden space 457728K, 87% used [0x00000007d6f00000,0x00000007ef50cd48,0x00000007f2e00000)
  from space 80896K, 0% used [0x00000007fb100000,0x00000007fb100000,0x0000000800000000)
  to   space 107520K, 0% used [0x00000007f2e00000,0x00000007f2e00000,0x00000007f9700000)
 ParOldGen       total 233984K, used 143264K [0x0000000784e00000, 0x0000000793280000, 0x00000007d6f00000)
  object space 233984K, 61% used [0x0000000784e00000,0x000000078d9e8210,0x0000000793280000)
 PSPermGen       total 70656K, used 45641K [0x000000077fc00000, 0x0000000784100000, 0x0000000784e00000)
  object space 70656K, 64% used [0x000000077fc00000,0x0000000782892470,0x0000000784100000)

Card table byte_map: [0x00007f05834dd000,0x00007f05838e0000] byte_map_base: 0x00007f057f8df000

Polling page: 0x00007f058e5a1000

Code Cache  [0x00007f05838e0000, 0x00007f0583e40000, 0x00007f05868e0000)
 total_blobs=1860 nmethods=1458 adapters=363 free_code_cache=43796Kb largest_free_block=44696128

Compilation events (10 events):
Event: 1726.876 Thread 0x00007f05880a3800 nmethod 1611 0x00007f0583c0b910 code [0x00007f0583c0bb20, 0x00007f0583c0c3c8]
Event: 1726.980 Thread 0x00007f05880a3800 1612             java.util.HashMap::resize (62 bytes)
Event: 1726.988 Thread 0x00007f05880a3800 nmethod 1612 0x00007f0583b116d0 code [0x00007f0583b11860, 0x00007f0583b11e68]
Event: 1727.031 Thread 0x00007f05880a0800 nmethod 1610 0x00007f0583d65a90 code [0x00007f0583d65ec0, 0x00007f0583d69138]
Event: 1727.112 Thread 0x00007f05880a3800 1613             java.lang.reflect.ReflectAccess::copyConstructor (5 bytes)
Event: 1727.113 Thread 0x00007f05880a3800 nmethod 1613 0x00007f0583b112d0 code [0x00007f0583b11420, 0x00007f0583b115b8]
Event: 1727.608 Thread 0x00007f05880a3800 1614  s          java.util.jar.JarFile::getInputStream (89 bytes)
Event: 1727.776 Thread 0x00007f05880a3800 nmethod 1614 0x00007f0583e292d0 code [0x00007f0583e29780, 0x00007f0583e2c070]
Event: 1727.841 Thread 0x00007f05880a0800 1615             org.eclipse.jetty.annotations.AnnotationParser$MyClassVisitor::visitAnnotation (55 bytes)
Event: 1727.862 Thread 0x00007f05880a0800 nmethod 1615 0x00007f0583afa990 code [0x00007f0583afaba0, 0x00007f0583afb448]

GC Heap History (10 events):
Event: 11.826 GC heap before
{Heap before GC invocations=12 (full 1):
 PSYoungGen      total 378880K, used 378849K [0x00000007d6f00000, 0x00000007f4600000, 0x0000000800000000)
  eden space 324096K, 100% used [0x00000007d6f00000,0x00000007eab80000,0x00000007eab80000)
  from space 54784K, 99% used [0x00000007f1080000,0x00000007f45f8470,0x00000007f4600000)
  to   space 64512K, 0% used [0x00000007ec800000,0x00000007ec800000,0x00000007f0700000)
 ParOldGen       total 149504K, used 81053K [0x0000000784e00000, 0x000000078e000000, 0x00000007d6f00000)
  object space 149504K, 54% used [0x0000000784e00000,0x0000000789d276c0,0x000000078e000000)
 PSPermGen       total 48640K, used 24220K [0x000000077fc00000, 0x0000000782b80000, 0x0000000784e00000)
  object space 48640K, 49% used [0x000000077fc00000,0x00000007813a72e8,0x0000000782b80000)
Event: 11.918 GC heap after
Heap after GC invocations=12 (full 1):
 PSYoungGen      total 417792K, used 64505K [0x00000007d6f00000, 0x00000007fc900000, 0x0000000800000000)
  eden space 353280K, 0% used [0x00000007d6f00000,0x00000007d6f00000,0x00000007ec800000)
  from space 64512K, 99% used [0x00000007ec800000,0x00000007f06fe650,0x00000007f0700000)
  to   space 83456K, 0% used [0x00000007f7780000,0x00000007f7780000,0x00000007fc900000)
 ParOldGen       total 149504K, used 102506K [0x0000000784e00000, 0x000000078e000000, 0x00000007d6f00000)
  object space 149504K, 68% used [0x0000000784e00000,0x000000078b21a8a0,0x000000078e000000)
 PSPermGen       total 48640K, used 24220K [0x000000077fc00000, 0x0000000782b80000, 0x0000000784e00000)
  object space 48640K, 49% used [0x000000077fc00000,0x00000007813a72e8,0x0000000782b80000)
}
Event: 17.972 GC heap before
{Heap before GC invocations=13 (full 1):
 PSYoungGen      total 417792K, used 417785K [0x00000007d6f00000, 0x00000007fc900000, 0x0000000800000000)
  eden space 353280K, 100% used [0x00000007d6f00000,0x00000007ec800000,0x00000007ec800000)
  from space 64512K, 99% used [0x00000007ec800000,0x00000007f06fe650,0x00000007f0700000)
  to   space 83456K, 0% used [0x00000007f7780000,0x00000007f7780000,0x00000007fc900000)
 ParOldGen       total 149504K, used 102506K [0x0000000784e00000, 0x000000078e000000, 0x00000007d6f00000)
  object space 149504K, 68% used [0x0000000784e00000,0x000000078b21a8a0,0x000000078e000000)
 PSPermGen       total 48640K, used 40015K [0x000000077fc00000, 0x0000000782b80000, 0x0000000784e00000)
  object space 48640K, 82% used [0x000000077fc00000,0x0000000782313c18,0x0000000782b80000)
Event: 18.013 GC heap after
Heap after GC invocations=13 (full 1):
 PSYoungGen      total 538112K, used 29381K [0x00000007d6f00000, 0x00000007fda00000, 0x0000000800000000)
  eden space 454656K, 0% used [0x00000007d6f00000,0x00000007d6f00000,0x00000007f2b00000)
  from space 83456K, 35% used [0x00000007f7780000,0x00000007f9431450,0x00000007fc900000)
  to   space 78336K, 0% used [0x00000007f2b00000,0x00000007f2b00000,0x00000007f7780000)
 ParOldGen       total 149504K, used 106970K [0x0000000784e00000, 0x000000078e000000, 0x00000007d6f00000)
  object space 149504K, 71% used [0x0000000784e00000,0x000000078b6769a0,0x000000078e000000)
 PSPermGen       total 48640K, used 40015K [0x000000077fc00000, 0x0000000782b80000, 0x0000000784e00000)
  object space 48640K, 82% used [0x000000077fc00000,0x0000000782313c18,0x0000000782b80000)
}
Event: 1722.695 GC heap before
{Heap before GC invocations=14 (full 1):
 PSYoungGen      total 538112K, used 484037K [0x00000007d6f00000, 0x00000007fda00000, 0x0000000800000000)
  eden space 454656K, 100% used [0x00000007d6f00000,0x00000007f2b00000,0x00000007f2b00000)
  from space 83456K, 35% used [0x00000007f7780000,0x00000007f9431450,0x00000007fc900000)
  to   space 78336K, 0% used [0x00000007f2b00000,0x00000007f2b00000,0x00000007f7780000)
 ParOldGen       total 149504K, used 107119K [0x0000000784e00000, 0x000000078e000000, 0x00000007d6f00000)
  object space 149504K, 71% used [0x0000000784e00000,0x000000078b69bd10,0x000000078e000000)
 PSPermGen       total 48640K, used 45487K [0x000000077fc00000, 0x0000000782b80000, 0x0000000784e00000)
  object space 48640K, 93% used [0x000000077fc00000,0x000000078286bc00,0x0000000782b80000)
Event: 1723.020 GC heap after
Heap after GC invocations=14 (full 1):
 PSYoungGen      total 532992K, used 49777K [0x00000007d6f00000, 0x0000000800000000, 0x0000000800000000)
  eden space 454656K, 0% used [0x00000007d6f00000,0x00000007d6f00000,0x00000007f2b00000)
  from space 78336K, 63% used [0x00000007f2b00000,0x00000007f5b9c4c0,0x00000007f7780000)
  to   space 80896K, 0% used [0x00000007fb100000,0x00000007fb100000,0x0000000800000000)
 ParOldGen       total 149504K, used 114052K [0x0000000784e00000, 0x000000078e000000, 0x00000007d6f00000)
  object space 149504K, 76% used [0x0000000784e00000,0x000000078bd610f0,0x000000078e000000)
 PSPermGen       total 48640K, used 45487K [0x000000077fc00000, 0x0000000782b80000, 0x0000000784e00000)
  object space 48640K, 93% used [0x000000077fc00000,0x000000078286bc00,0x0000000782b80000)
}
Event: 1725.553 GC heap before
{Heap before GC invocations=15 (full 1):
 PSYoungGen      total 532992K, used 504433K [0x00000007d6f00000, 0x0000000800000000, 0x0000000800000000)
  eden space 454656K, 100% used [0x00000007d6f00000,0x00000007f2b00000,0x00000007f2b00000)
  from space 78336K, 63% used [0x00000007f2b00000,0x00000007f5b9c4c0,0x00000007f7780000)
  to   space 80896K, 0% used [0x00000007fb100000,0x00000007fb100000,0x0000000800000000)
 ParOldGen       total 149504K, used 114059K [0x0000000784e00000, 0x000000078e000000, 0x00000007d6f00000)
  object space 149504K, 76% used [0x0000000784e00000,0x000000078bd62cb0,0x000000078e000000)
 PSPermGen       total 48640K, used 45501K [0x000000077fc00000, 0x0000000782b80000, 0x0000000784e00000)
  object space 48640K, 93% used [0x000000077fc00000,0x000000078286f6b0,0x0000000782b80000)
Event: 1725.768 GC heap after
Heap after GC invocations=15 (full 1):
 PSYoungGen      total 538624K, used 80878K [0x00000007d6f00000, 0x0000000800000000, 0x0000000800000000)
  eden space 457728K, 0% used [0x00000007d6f00000,0x00000007d6f00000,0x00000007f2e00000)
  from space 80896K, 99% used [0x00000007fb100000,0x00000007ffffba88,0x0000000800000000)
  to   space 107520K, 0% used [0x00000007f2e00000,0x00000007f2e00000,0x00000007f9700000)
 ParOldGen       total 151040K, used 150750K [0x0000000784e00000, 0x000000078e180000, 0x00000007d6f00000)
  object space 151040K, 99% used [0x0000000784e00000,0x000000078e137bb0,0x000000078e180000)
 PSPermGen       total 48640K, used 45501K [0x000000077fc00000, 0x0000000782b80000, 0x0000000784e00000)
  object space 48640K, 93% used [0x000000077fc00000,0x000000078286f6b0,0x0000000782b80000)
}
Event: 1725.768 GC heap before
{Heap before GC invocations=16 (full 2):
 PSYoungGen      total 538624K, used 80878K [0x00000007d6f00000, 0x0000000800000000, 0x0000000800000000)
  eden space 457728K, 0% used [0x00000007d6f00000,0x00000007d6f00000,0x00000007f2e00000)
  from space 80896K, 99% used [0x00000007fb100000,0x00000007ffffba88,0x0000000800000000)
  to   space 107520K, 0% used [0x00000007f2e00000,0x00000007f2e00000,0x00000007f9700000)
 ParOldGen       total 151040K, used 150750K [0x0000000784e00000, 0x000000078e180000, 0x00000007d6f00000)
  object space 151040K, 99% used [0x0000000784e00000,0x000000078e137bb0,0x000000078e180000)
 PSPermGen       total 48640K, used 45501K [0x000000077fc00000, 0x0000000782b80000, 0x0000000784e00000)
  object space 48640K, 93% used [0x000000077fc00000,0x000000078286f6b0,0x0000000782b80000)
Event: 1726.532 GC heap after
Heap after GC invocations=16 (full 2):
 PSYoungGen      total 538624K, used 0K [0x00000007d6f00000, 0x0000000800000000, 0x0000000800000000)
  eden space 457728K, 0% used [0x00000007d6f00000,0x00000007d6f00000,0x00000007f2e00000)
  from space 80896K, 0% used [0x00000007fb100000,0x00000007fb100000,0x0000000800000000)
  to   space 107520K, 0% used [0x00000007f2e00000,0x00000007f2e00000,0x00000007f9700000)
 ParOldGen       total 233984K, used 143264K [0x0000000784e00000, 0x0000000793280000, 0x00000007d6f00000)
  object space 233984K, 61% used [0x0000000784e00000,0x000000078d9e8210,0x0000000793280000)
 PSPermGen       total 70656K, used 45481K [0x000000077fc00000, 0x0000000784100000, 0x0000000784e00000)
  object space 70656K, 64% used [0x000000077fc00000,0x000000078286a488,0x0000000784100000)
}

Deoptimization events (10 events):
Event: 1720.909 Thread 0x00007f0588c14000 Uncommon trap: reason=class_check action=maybe_recompile pc=0x00007f0583c48e78 method=org.objectweb.asm.ClassReader.a(Ljava/io/InputStream;Z)[B @ 16
Event: 1720.909 Thread 0x00007f0588c14000 Uncommon trap: reason=class_check action=maybe_recompile pc=0x00007f0583c48e78 method=org.objectweb.asm.ClassReader.a(Ljava/io/InputStream;Z)[B @ 16
Event: 1720.910 Thread 0x00007f0588c09800 Uncommon trap: reason=bimorphic action=maybe_recompile pc=0x00007f0583cb6240 method=java.io.BufferedInputStream.read([BII)I @ 101
Event: 1720.915 Thread 0x00007f0588c0c000 Uncommon trap: reason=bimorphic action=maybe_recompile pc=0x00007f0583cb6240 method=java.io.BufferedInputStream.read([BII)I @ 101
Event: 1720.929 Thread 0x00007f0588c12000 Uncommon trap: reason=bimorphic action=maybe_recompile pc=0x00007f0583cb6240 method=java.io.BufferedInputStream.read([BII)I @ 101
Event: 1723.038 Thread 0x00007f058806c000 Uncommon trap: reason=unreached action=reinterpret pc=0x00007f05839cbcc0 method=java.lang.ref.Reference$ReferenceHandler.run()V @ 74
Event: 1723.101 Thread 0x00007f058806e000 Uncommon trap: reason=unreached action=reinterpret pc=0x00007f0583c5d1a8 method=org.eclipse.jetty.util.resource.JarFileResource.close()V @ 26
Event: 1723.101 Thread 0x00007f058806e000 Uncommon trap: reason=unreached action=reinterpret pc=0x00007f0583c6025c method=org.eclipse.jetty.util.resource.URLResource.close()V @ 36
Event: 1728.505 Thread 0x00007f0588c09800 Uncommon trap: reason=unreached action=reinterpret pc=0x00007f058394eb68 method=java.util.concurrent.locks.ReentrantLock$Sync.nonfairTryAcquire(I)Z @ 34
Event: 1728.505 Thread 0x00007f0588c09800 Uncommon trap: reason=unreached action=reinterpret pc=0x00007f0583cf8a74 method=java.util.concurrent.ConcurrentHashMap$Segment.put(Ljava/lang/Object;ILjava/lang/Object;Z)Ljava/lang/Object; @ 126

Internal exceptions (10 events):
Event: 1720.890 Thread 0x00007f05896b9000 Threw 0x00000007eaa546b0 at /HUDSON/workspace/7u-2-build-linux-amd64/jdk7u71/1605/hotspot/src/share/vm/prims/jvm.cpp:1281
Event: 1720.891 Thread 0x00007f05896b9000 Threw 0x00000007eaa548d8 at /HUDSON/workspace/7u-2-build-linux-amd64/jdk7u71/1605/hotspot/src/share/vm/prims/jvm.cpp:1281
Event: 1720.891 Thread 0x00007f05896b9000 Threw 0x00000007eaa555a8 at /HUDSON/workspace/7u-2-build-linux-amd64/jdk7u71/1605/hotspot/src/share/vm/prims/jvm.cpp:1281
Event: 1720.891 Thread 0x00007f05896b9000 Threw 0x00000007eaa557d0 at /HUDSON/workspace/7u-2-build-linux-amd64/jdk7u71/1605/hotspot/src/share/vm/prims/jvm.cpp:1281
Event: 1720.891 Thread 0x00007f05896b9000 Threw 0x00000007eaa56500 at /HUDSON/workspace/7u-2-build-linux-amd64/jdk7u71/1605/hotspot/src/share/vm/prims/jvm.cpp:1281
Event: 1720.891 Thread 0x00007f05896b9000 Threw 0x00000007eaa56728 at /HUDSON/workspace/7u-2-build-linux-amd64/jdk7u71/1605/hotspot/src/share/vm/prims/jvm.cpp:1281
Event: 1720.891 Thread 0x00007f05896b9000 Threw 0x00000007eaa573f8 at /HUDSON/workspace/7u-2-build-linux-amd64/jdk7u71/1605/hotspot/src/share/vm/prims/jvm.cpp:1281
Event: 1720.891 Thread 0x00007f05896b9000 Threw 0x00000007eaa57620 at /HUDSON/workspace/7u-2-build-linux-amd64/jdk7u71/1605/hotspot/src/share/vm/prims/jvm.cpp:1281
Event: 1728.676 Thread 0x00007f05896b9000 Threw 0x00000007ef33fd08 at /HUDSON/workspace/7u-2-build-linux-amd64/jdk7u71/1605/hotspot/src/share/vm/prims/jvm.cpp:1281
Event: 1728.676 Thread 0x00007f05896b9000 Threw 0x00000007ef34b238 at /HUDSON/workspace/7u-2-build-linux-amd64/jdk7u71/1605/hotspot/src/share/vm/prims/jvm.cpp:1281

Events (10 events):
Event: 1728.505 Thread 0x00007f0588c09800 DEOPT UNPACKING pc=0x00007f0583919045 sp=0x00007f0580bc7188 mode 2
Event: 1728.505 Thread 0x00007f0588c09800 Uncommon trap: trap_request=0xffffffad fr.pc=0x00007f0583cf8a74
Event: 1728.505 Thread 0x00007f0588c09800 DEOPT PACKING pc=0x00007f0583cf8a74 sp=0x00007f0580bc7320
Event: 1728.505 Thread 0x00007f0588c09800 DEOPT UNPACKING pc=0x00007f0583919045 sp=0x00007f0580bc72e0 mode 2
Event: 1728.676 Thread 0x00007f05896b9000 DEOPT PACKING pc=0x00007f0583d083e0 sp=0x00007f0577009910
Event: 1728.676 Thread 0x00007f05896b9000 DEOPT UNPACKING pc=0x00007f0583918e0f sp=0x00007f0577009658 mode 1
Event: 1728.676 Thread 0x00007f05896b9000 DEOPT PACKING pc=0x00007f0583d083e0 sp=0x00007f0577009910
Event: 1728.676 Thread 0x00007f05896b9000 DEOPT UNPACKING pc=0x00007f0583918e0f sp=0x00007f0577009658 mode 1
Event: 1728.677 Thread 0x00007f05896b9000 DEOPT PACKING pc=0x00007f0583ae5e40 sp=0x00007f0577008960
Event: 1728.677 Thread 0x00007f05896b9000 DEOPT UNPACKING pc=0x00007f0583918e0f sp=0x00007f05770086a8 mode 1


Dynamic libraries:
00400000-00401000 r-xp 00000000 08:07 4197626                            /usr/local/jdk1.7.0_71/bin/java
00600000-00601000 rw-p 00000000 08:07 4197626                            /usr/local/jdk1.7.0_71/bin/java
02524000-02f7e000 rw-p 00000000 00:00 0                                  [heap]
77fc00000-784100000 rw-p 00000000 00:00 0 
784100000-784e00000 rw-p 00000000 00:00 0 
784e00000-793280000 rw-p 00000000 00:00 0 
793280000-7d6f00000 rw-p 00000000 00:00 0 
7d6f00000-800000000 rw-p 00000000 00:00 0 
7f0540000000-7f05412b0000 rw-p 00000000 00:00 0 
7f05412b0000-7f0544000000 ---p 00000000 00:00 0 
7f0544000000-7f05453d0000 rw-p 00000000 00:00 0 
7f05453d0000-7f0548000000 ---p 00000000 00:00 0 
7f0548000000-7f0549896000 rw-p 00000000 00:00 0 
7f0549896000-7f054c000000 ---p 00000000 00:00 0 
7f054c000000-7f054d1b4000 rw-p 00000000 00:00 0 
7f054d1b4000-7f0550000000 ---p 00000000 00:00 0 
7f0550000000-7f0551321000 rw-p 00000000 00:00 0 
7f0551321000-7f0554000000 ---p 00000000 00:00 0 
7f0554000000-7f0557f43000 rw-p 00000000 00:00 0 
7f0557f43000-7f0558000000 ---p 00000000 00:00 0 
7f0558000000-7f0558264000 rw-p 00000000 00:00 0 
7f0558264000-7f055c000000 ---p 00000000 00:00 0 
7f055c000000-7f055cbd8000 rw-p 00000000 00:00 0 
7f055cbd8000-7f0560000000 ---p 00000000 00:00 0 
7f0560000000-7f0560024000 rw-p 00000000 00:00 0 
7f0560024000-7f0564000000 ---p 00000000 00:00 0 
7f0564000000-7f0564021000 rw-p 00000000 00:00 0 
7f0564021000-7f0568000000 ---p 00000000 00:00 0 
7f0568000000-7f05680ba000 rw-p 00000000 00:00 0 
7f05680ba000-7f056c000000 ---p 00000000 00:00 0 
7f056c000000-7f056c021000 rw-p 00000000 00:00 0 
7f056c021000-7f0570000000 ---p 00000000 00:00 0 
7f0570000000-7f057003d000 rw-p 00000000 00:00 0 
7f057003d000-7f0574000000 ---p 00000000 00:00 0 
7f0576e0a000-7f0576e0d000 ---p 00000000 00:00 0 
7f0576e0d000-7f0576f0b000 rw-p 00000000 00:00 0                          [stack:14315]
7f0576f0b000-7f0576f0e000 ---p 00000000 00:00 0 
7f0576f0e000-7f057700c000 rw-p 00000000 00:00 0                          [stack:14304]
7f057700c000-7f057700f000 ---p 00000000 00:00 0 
7f057700f000-7f057710d000 rw-p 00000000 00:00 0                          [stack:14303]
7f057710d000-7f0577110000 ---p 00000000 00:00 0 
7f0577110000-7f057720e000 rw-p 00000000 00:00 0                          [stack:14301]
7f057720e000-7f0577211000 ---p 00000000 00:00 0 
7f0577211000-7f057730f000 rw-p 00000000 00:00 0                          [stack:14382]
7f057730f000-7f0577312000 ---p 00000000 00:00 0 
7f0577312000-7f0577410000 rw-p 00000000 00:00 0                          [stack:14299]
7f0577410000-7f0577413000 ---p 00000000 00:00 0 
7f0577413000-7f0577511000 rw-p 00000000 00:00 0                          [stack:14297]
7f0577511000-7f0577514000 ---p 00000000 00:00 0 
7f0577514000-7f0577612000 rw-p 00000000 00:00 0                          [stack:14286]
7f0577612000-7f0577615000 ---p 00000000 00:00 0 
7f0577615000-7f0577713000 rw-p 00000000 00:00 0                          [stack:14285]
7f0577785000-7f0577788000 ---p 00000000 00:00 0 
7f0577788000-7f0577886000 rw-p 00000000 00:00 0                          [stack:14381]
7f0577886000-7f0577889000 ---p 00000000 00:00 0 
7f0577889000-7f0577987000 rw-p 00000000 00:00 0                          [stack:16207]
7f05779da000-7f05779dd000 ---p 00000000 00:00 0 
7f05779dd000-7f0577adb000 rw-p 00000000 00:00 0                          [stack:14294]
7f0577adb000-7f0577ade000 ---p 00000000 00:00 0 
7f0577ade000-7f0577bdc000 rw-p 00000000 00:00 0                          [stack:14293]
7f0577bdc000-7f0577bdf000 ---p 00000000 00:00 0 
7f0577bdf000-7f0577cdd000 rw-p 00000000 00:00 0                          [stack:17239]
7f0577cdd000-7f0577ce0000 ---p 00000000 00:00 0 
7f0577ce0000-7f0577dde000 rw-p 00000000 00:00 0                          [stack:14290]
7f0577dde000-7f0577de1000 ---p 00000000 00:00 0 
7f0577de1000-7f0577edf000 rw-p 00000000 00:00 0                          [stack:14289]
7f0577edf000-7f0577ee2000 ---p 00000000 00:00 0 
7f0577ee2000-7f057c000000 rw-p 00000000 00:00 0                          [stack:16247]
7f057c000000-7f057d27d000 rw-p 00000000 00:00 0 
7f057d27d000-7f0580000000 ---p 00000000 00:00 0 
7f058006b000-7f058006c000 rw-p 00000000 00:00 0 
7f058006c000-7f0580071000 r--s 00035000 08:07 5123784                    /home/songlinyang/.m2/repository/com/lezhai365/pms-model/1.2.4-SNAPSHOT/pms-model-1.2.4-SNAPSHOT.jar
7f0580071000-7f0580073000 r--s 00007000 08:07 5123791                    /home/songlinyang/.m2/repository/com/lezhai365/pms-spi/1.2.4-SNAPSHOT/pms-spi-1.2.4-SNAPSHOT.jar
7f0580073000-7f058007e000 r--s 0037c000 08:07 4197790                    /usr/local/jdk1.7.0_71/jre/lib/charsets.jar
7f058007e000-7f0580081000 ---p 00000000 00:00 0 
7f0580081000-7f058017f000 rw-p 00000000 00:00 0                          [stack:17235]
7f058017f000-7f0580182000 r--s 00019000 08:07 4197792                    /usr/local/jdk1.7.0_71/jre/lib/jce.jar
7f0580182000-7f058019d000 r--s 00132000 08:07 4458044                    /home/songlinyang/.m2/repository/com/alibaba/dubbo/2.5.3/dubbo-2.5.3.jar
7f058019d000-7f058019f000 r--s 00007000 08:07 4458671                    /home/songlinyang/.m2/repository/javax/cache/cache-api/0.4/cache-api-0.4.jar
7f058019f000-7f05801a8000 r--s 00051000 08:07 4325672                    /home/songlinyang/.m2/repository/org/hibernate/hibernate-validator/4.2.0.Final/hibernate-validator-4.2.0.Final.jar
7f05801a8000-7f05801ab000 r--s 00009000 08:07 4458708                    /home/songlinyang/.m2/repository/javax/validation/validation-api/1.0.0.GA/validation-api-1.0.0.GA.jar
7f05801ab000-7f05801ae000 r--s 00018000 08:07 4457466                    /home/songlinyang/.m2/repository/org/apache/commons/commons-pool2/2.0/commons-pool2-2.0.jar
7f05801ae000-7f05801b5000 r--s 00044000 08:07 4457464                    /home/songlinyang/.m2/repository/redis/clients/jedis/2.4.0/jedis-2.4.0.jar
7f05801b5000-7f05801b7000 r--s 00005000 08:07 4458669                    /home/songlinyang/.m2/repository/org/slf4j/slf4j-api/1.6.2/slf4j-api-1.6.2.jar
7f05801b7000-7f05801b9000 r--s 00018000 08:07 4458629                    /home/songlinyang/.m2/repository/javax/servlet/servlet-api/2.5/servlet-api-2.5.jar
7f05801b9000-7f05801c1000 r--s 00056000 08:07 4458477                    /home/songlinyang/.m2/repository/com/caucho/hessian/4.0.7/hessian-4.0.7.jar
7f05801c1000-7f05801c6000 r--s 00041000 08:07 4458356                    /home/songlinyang/.m2/repository/commons-lang/commons-lang/2.6/commons-lang-2.6.jar
7f05801c6000-7f05801cd000 r--s 0004c000 08:07 4458400                    /home/songlinyang/.m2/repository/org/apache/thrift/libthrift/0.8.0/libthrift-0.8.0.jar
7f05801cd000-7f05801d2000 r--s 00030000 08:07 4458399                    /home/songlinyang/.m2/repository/org/apache/cxf/cxf-rt-transports-http/2.6.1/cxf-rt-transports-http-2.6.1.jar
7f05801d2000-7f05801d4000 r--s 00019000 08:07 4458398                    /home/songlinyang/.m2/repository/org/apache/cxf/cxf-rt-databinding-jaxb/2.6.1/cxf-rt-databinding-jaxb-2.6.1.jar
7f05801d4000-7f05801d8000 r--s 0002a000 08:07 4458396                    /home/songlinyang/.m2/repository/org/apache/cxf/cxf-rt-bindings-soap/2.6.1/cxf-rt-bindings-soap-2.6.1.jar
7f05801d8000-7f05801ed000 r--s 000f9000 08:07 4458395                    /home/songlinyang/.m2/repository/com/sun/xml/bind/jaxb-impl/2.2.5/jaxb-impl-2.2.5.jar
7f05801ed000-7f05801f4000 r--s 00050000 08:07 4458393                    /home/songlinyang/.m2/repository/org/apache/cxf/cxf-rt-core/2.6.1/cxf-rt-core-2.6.1.jar
7f05801f4000-7f05801f9000 r--s 00020000 08:07 4458392                    /home/songlinyang/.m2/repository/wsdl4j/wsdl4j/1.6.2/wsdl4j-1.6.2.jar
7f05801f9000-7f05801fe000 r--s 00032000 08:07 4458390                    /home/songlinyang/.m2/repository/org/apache/geronimo/specs/geronimo-javamail_1.4_spec/1.7.1/geronimo-javamail_1.4_spec-1.7.1.jar
7f05801fe000-7f0580202000 r--s 00024000 08:07 4458388                    /home/songlinyang/.m2/repository/org/apache/ws/xmlschema/xmlschema-core/2.0.2/xmlschema-core-2.0.2.jar
7f0580202000-7f0580206000 r--s 00029000 08:07 4458386                    /home/songlinyang/.m2/repository/org/codehaus/woodstox/stax2-api/3.1.1/stax2-api-3.1.1.jar
7f0580206000-7f058020b000 r--s 00070000 08:07 4458382                    /home/songlinyang/.m2/repository/org/codehaus/woodstox/woodstox-core-asl/4.1.2/woodstox-core-asl-4.1.2.jar
7f058020b000-7f058021e000 r--s 000de000 08:07 4458379                    /home/songlinyang/.m2/repository/org/apache/cxf/cxf-api/2.6.1/cxf-api-2.6.1.jar
7f058021e000-7f0580220000 r--s 0000e000 08:07 4458377                    /home/songlinyang/.m2/repository/org/apache/cxf/cxf-rt-frontend-simple/2.6.1/cxf-rt-frontend-simple-2.6.1.jar
7f0580220000-7f0580229000 r--s 0005f000 08:07 4458375                    /home/songlinyang/.m2/repository/com/googlecode/xmemcached/xmemcached/1.3.6/xmemcached-1.3.6.jar
7f0580229000-7f058022c000 r--s 00006000 08:07 4458373                    /home/songlinyang/.m2/repository/com/google/code/findbugs/jsr305/1.3.9/jsr305-1.3.9.jar
7f058022c000-7f058024c000 r--s 00173000 08:07 4458372                    /home/songlinyang/.m2/repository/com/google/guava/guava/11.0.1/guava-11.0.1.jar
7f058024c000-7f058024e000 r--s 00009000 08:07 4458353                    /home/songlinyang/.m2/repository/com/netflix/curator/curator-client/1.1.16/curator-client-1.1.16.jar
7f058024e000-7f0580252000 r--s 0001c000 08:07 4458286                    /home/songlinyang/.m2/repository/com/netflix/curator/curator-framework/1.1.16/curator-framework-1.1.16.jar
7f0580252000-7f0580254000 r--s 0000e000 08:07 4458082                    /home/songlinyang/.m2/repository/com/github/sgroschupf/zkclient/0.1/zkclient-0.1.jar
7f0580254000-7f0580256000 r--s 00014000 08:07 4458078                    /home/songlinyang/.m2/repository/jline/jline/0.9.94/jline-0.9.94.jar
7f0580256000-7f058025f000 r--s 0006d000 08:07 4458358                    /home/songlinyang/.m2/repository/log4j/log4j/1.2.16/log4j-1.2.16.jar
7f058025f000-7f0580260000 r--s 00002000 08:07 4457467                    /home/songlinyang/.m2/repository/org/slf4j/slf4j-log4j12/1.6.2/slf4j-log4j12-1.6.2.jar
7f0580260000-7f058026c000 r--s 000b3000 08:07 4458076                    /home/songlinyang/.m2/repository/org/apache/zookeeper/zookeeper/3.4.5/zookeeper-3.4.5.jar
7f058026c000-7f058026d000 r--s 00004000 08:07 4458074                    /home/songlinyang/.m2/repository/org/apache/bsf/bsf-api/3.1/bsf-api-3.1.jar
7f058026d000-7f058026f000 r--s 00005000 08:07 4458072                    /home/songlinyang/.m2/repository/xpp3/xpp3_min/1.1.4c/xpp3_min-1.1.4c.jar
7f058026f000-7f0580270000 r--s 00001000 08:07 4458071                    /home/songlinyang/.m2/repository/xmlpull/xmlpull/1.1.3.1/xmlpull-1.1.3.1.jar
7f0580270000-7f058027d000 r--s 0006d000 08:07 4458069                    /home/songlinyang/.m2/repository/com/thoughtworks/xstream/xstream/1.4.1/xstream-1.4.1.jar
7f058027d000-7f0580283000 r--s 00052000 08:07 4458360                    /home/songlinyang/.m2/repository/com/alibaba/fastjson/1.1.37/fastjson-1.1.37.jar
7f0580283000-7f0580289000 r--s 00033000 08:07 4458068                    /home/songlinyang/.m2/repository/commons-codec/commons-codec/1.6/commons-codec-1.6.jar
7f0580289000-7f058028f000 r--s 0003f000 08:07 4457453                    /home/songlinyang/.m2/repository/org/apache/httpcomponents/httpcore/4.3/httpcore-4.3.jar
7f058028f000-7f058029a000 r--s 00084000 08:07 4458062                    /home/songlinyang/.m2/repository/org/apache/httpcomponents/httpclient/4.3.1/httpclient-4.3.1.jar
7f058029a000-7f058029b000 r--s 00001000 08:07 4458061                    /home/songlinyang/.m2/repository/org/glassfish/grizzly/grizzly-rcm/2.1.4/grizzly-rcm-2.1.4.jar
7f058029b000-7f058029d000 r--s 00003000 08:07 4458060                    /home/songlinyang/.m2/repository/org/glassfish/grizzly/grizzly-portunif/2.1.4/grizzly-portunif-2.1.4.jar
7f058029d000-7f058029f000 r--s 00009000 08:07 4458058                    /home/songlinyang/.m2/repository/org/glassfish/external/management-api/3.0.0-b012/management-api-3.0.0-b012.jar
7f058029f000-7f05802a1000 r--s 00004000 08:07 4458056                    /home/songlinyang/.m2/repository/org/glassfish/gmbal/gmbal-api-only/3.0.0-b023/gmbal-api-only-3.0.0-b023.jar
7f05802a1000-7f05802ae000 r--s 0009c000 08:07 4458054                    /home/songlinyang/.m2/repository/org/glassfish/grizzly/grizzly-framework/2.1.4/grizzly-framework-2.1.4.jar
7f05802ae000-7f05802bc000 r--s 0009f000 08:07 4458052                    /home/songlinyang/.m2/repository/org/glassfish/grizzly/grizzly-core/2.1.4/grizzly-core-2.1.4.jar
7f05802bc000-7f05802c4000 r--s 00046000 08:07 4458050                    /home/songlinyang/.m2/repository/org/apache/mina/mina-core/1.1.7/mina-core-1.1.7.jar
7f05802c4000-7f05802d4000 r--s 000b2000 08:07 4458047                    /home/songlinyang/.m2/repository/org/jboss/netty/netty/3.2.5.Final/netty-3.2.5.Final.jar
7f05802d4000-7f05802dd000 r--s 00096000 08:07 4458045                    /home/songlinyang/.m2/repository/org/javassist/javassist/3.15.0-GA/javassist-3.15.0-GA.jar
7f05802dd000-7f05802e0000 r--s 00013000 08:07 4457460                    /home/songlinyang/.m2/repository/commons-io/commons-io/1.3.2/commons-io-1.3.2.jar
7f05802e0000-7f05802e2000 r--s 0000d000 08:07 4457406                    /home/songlinyang/.m2/repository/commons-fileupload/commons-fileupload/1.2.2/commons-fileupload-1.2.2.jar
7f05802e2000-7f05802f0000 r--s 000b2000 08:07 4590969                    /home/songlinyang/.m2/repository/org/codehaus/jackson/jackson-mapper-lgpl/1.9.10/jackson-mapper-lgpl-1.9.10.jar
7f05802f0000-7f05802f4000 r--s 00036000 08:07 4590967                    /home/songlinyang/.m2/repository/org/codehaus/jackson/jackson-core-lgpl/1.9.10/jackson-core-lgpl-1.9.10.jar
7f05802f4000-7f05802f8000 r--s 0002f000 08:07 4588522                    /home/songlinyang/.m2/repository/commons-beanutils/commons-beanutils-core/1.8.3/commons-beanutils-core-1.8.3.jar
7f05802f8000-7f05802fa000 r--s 00018000 08:07 4590965                    /home/songlinyang/.m2/repository/org/eclipse/jetty/orbit/javax.servlet.jsp/2.2.0.v201112011158/javax.servlet.jsp-2.2.0.v201112011158.jar
7f05802fa000-7f05802fd000 r--s 0002e000 08:07 4457443                    /home/songlinyang/.m2/repository/org/eclipse/jetty/orbit/javax.servlet/3.0.0.v201112011016/javax.servlet-3.0.0.v201112011016.jar
7f05802fd000-7f0580304000 r--s 0008a000 08:07 4590963                    /home/songlinyang/.m2/repository/org/eclipse/jetty/orbit/org.apache.jasper.glassfish/2.2.2.v201112011158/org.apache.jasper.glassfish-2.2.2.v201112011158.jar
7f0580304000-7f058030c000 r--s 00061000 08:07 4590959                    /home/songlinyang/.m2/repository/org/eclipse/jetty/orbit/org.apache.taglibs.standard.glassfish/1.2.0.v201112081803/org.apache.taglibs.standard.glassfish-1.2.0.v201112081803.jar
7f058030c000-7f0580316000 r--s 0005c000 08:07 4590957                    /home/songlinyang/.m2/repository/javax/servlet/jstl/1.2/jstl-1.2.jar
7f0580316000-7f058032c000 r--s 00181000 08:07 4458041                    /home/songlinyang/.m2/repository/org/aspectj/aspectjweaver/1.6.9/aspectjweaver-1.6.9.jar
7f058032c000-7f0580331000 r--s 00018000 08:07 4458038                    /home/songlinyang/.m2/repository/org/aspectj/aspectjrt/1.6.9/aspectjrt-1.6.9.jar
7f0580331000-7f0580336000 r--s 0002c000 08:07 4458036                    /home/songlinyang/.m2/repository/org/springframework/spring-expression/3.2.4.RELEASE/spring-expression-3.2.4.RELEASE.jar
7f0580336000-7f0580342000 r--s 00090000 08:07 4590955                    /home/songlinyang/.m2/repository/org/springframework/spring-webmvc/3.2.4.RELEASE/spring-webmvc-3.2.4.RELEASE.jar
7f0580342000-7f0580356000 r--s 000bf000 08:07 4458032                    /home/songlinyang/.m2/repository/org/springframework/spring-context/3.2.4.RELEASE/spring-context-3.2.4.RELEASE.jar
7f0580356000-7f0580362000 r--s 00089000 08:07 4457482                    /home/songlinyang/.m2/repository/org/springframework/spring-beans/3.2.4.RELEASE/spring-beans-3.2.4.RELEASE.jar
7f0580362000-7f058036a000 r--s 0004a000 08:07 4458034                    /home/songlinyang/.m2/repository/org/springframework/spring-aop/3.2.4.RELEASE/spring-aop-3.2.4.RELEASE.jar
7f058036a000-7f058036c000 r--s 00000000 08:07 4457480                    /home/songlinyang/.m2/repository/aopalliance/aopalliance/1.0/aopalliance-1.0.jar
7f058036c000-7f058037a000 r--s 0008b000 08:07 4590953                    /home/songlinyang/.m2/repository/org/springframework/spring-web/3.2.4.RELEASE/spring-web-3.2.4.RELEASE.jar
7f058037a000-7f058037c000 r--s 0000d000 08:07 4329818                    /home/songlinyang/.m2/repository/commons-logging/commons-logging/1.1.1/commons-logging-1.1.1.jar
7f058037c000-7f058038e000 r--s 000c3000 08:07 4329817                    /home/songlinyang/.m2/repository/org/springframework/spring-core/3.2.4.RELEASE/spring-core-3.2.4.RELEASE.jar
7f058038e000-7f0580393000 r--s 0003c000 08:07 4458030                    /home/songlinyang/.m2/repository/com/mongodb/mongo-java-driver/2.7.1/mongo-java-driver-2.7.1.jar
7f0580393000-7f0580395000 r--s 00001000 08:07 5123803                    /home/songlinyang/.m2/repository/com/lezhai365/lezhai365-nosql/1.2.1/lezhai365-nosql-1.2.1.jar
7f0580395000-7f058039a000 r--s 00038000 08:07 4457470                    /home/songlinyang/.m2/repository/de/ruedigermoeller/fst/1.35/fst-1.35.jar
7f058039a000-7f058039b000 r--s 00002000 08:07 5123758                    /home/songlinyang/.m2/repository/com/lezhai365/lezhai365-cache/1.2.1/lezhai365-cache-1.2.1.jar
7f058039b000-7f058039c000 r--s 00002000 08:07 5123762                    /home/songlinyang/.m2/repository/com/lezhai365/common-config/1.2.2/common-config-1.2.2.jar
7f058039c000-7f058039e000 r--s 0000d000 08:07 4590951                    /home/songlinyang/.m2/repository/org/csource/fastdfs-client/1.2.4/fastdfs-client-1.2.4.jar
7f058039e000-7f05803a0000 r--s 00004000 08:07 4590949                    /home/songlinyang/.m2/repository/org/csource/fastdht-client/1.03/fastdht-client-1.03.jar
7f05803a0000-7f05803a1000 r--s 00001000 08:07 4590947                    /home/songlinyang/.m2/repository/org/csource/myfastdfs/1.0.1/myfastdfs-1.0.1.jar
7f05803a1000-7f05803a2000 r--s 00004000 08:07 5123868                    /home/songlinyang/.m2/repository/com/lezhai365/common-web/1.2.2/common-web-1.2.2.jar
7f05803a2000-7f05803a4000 r--s 0000d000 08:07 5123820                    /home/songlinyang/.m2/repository/com/lezhai365/sns-model/1.2.4-SNAPSHOT/sns-model-1.2.4-SNAPSHOT.jar
7f05803a4000-7f05803a6000 r--s 00005000 08:07 5123760                    /home/songlinyang/.m2/repository/com/lezhai365/common-utils/1.2.2/common-utils-1.2.2.jar
7f05803a6000-7f05803a8000 r--s 00002000 08:07 5123827                    /home/songlinyang/.m2/repository/com/lezhai365/sns-spi/1.2.4-SNAPSHOT/sns-spi-1.2.4-SNAPSHOT.jar
7f05803a8000-7f05803a9000 r--s 00002000 08:07 5123713                    /home/songlinyang/.m2/repository/com/lezhai365/base-spi/1.2.4-SNAPSHOT/base-spi-1.2.4-SNAPSHOT.jar
7f05803a9000-7f05803ab000 r--s 0000c000 08:07 5123706                    /home/songlinyang/.m2/repository/com/lezhai365/base-model/1.2.4-SNAPSHOT/base-model-1.2.4-SNAPSHOT.jar
7f05803ab000-7f05803ad000 r--s 00002000 08:07 5123703                    /home/songlinyang/.m2/repository/com/lezhai365/common-model/1.2.2/common-model-1.2.2.jar
7f05803ad000-7f05803b0000 r--s 0000b000 08:07 4329796                    /home/songlinyang/.m2/repository/javax/persistence/persistence-api/1.0.2/persistence-api-1.0.2.jar
7f05803b0000-7f05803b5000 r--s 00035000 08:07 5123784                    /home/songlinyang/.m2/repository/com/lezhai365/pms-model/1.2.4-SNAPSHOT/pms-model-1.2.4-SNAPSHOT.jar
7f05803b5000-7f05803b7000 r--s 00007000 08:07 5123791                    /home/songlinyang/.m2/repository/com/lezhai365/pms-spi/1.2.4-SNAPSHOT/pms-spi-1.2.4-SNAPSHOT.jar
7f05803b7000-7f05803c1000 r--s 00251000 08:07 4198388                    /usr/local/jdk1.7.0_71/jre/lib/resources.jar
7f05803c1000-7f05803c4000 ---p 00000000 00:00 0 
7f05803c4000-7f05804c2000 rw-p 00000000 00:00 0 
7f05804c2000-7f05804c5000 ---p 00000000 00:00 0 
7f05804c5000-7f05805c3000 rw-p 00000000 00:00 0                          [stack:14278]
7f05805c3000-7f05805c6000 ---p 00000000 00:00 0 
7f05805c6000-7f05806c4000 rw-p 00000000 00:00 0                          [stack:14277]
7f05806c4000-7f05806c7000 ---p 00000000 00:00 0 
7f05806c7000-7f05807c5000 rw-p 00000000 00:00 0                          [stack:14276]
7f05807c5000-7f05807c8000 ---p 00000000 00:00 0 
7f05807c8000-7f05808c6000 rw-p 00000000 00:00 0                          [stack:14275]
7f05808c6000-7f05808c9000 ---p 00000000 00:00 0 
7f05808c9000-7f05809c7000 rw-p 00000000 00:00 0                          [stack:14274]
7f05809c7000-7f05809ca000 ---p 00000000 00:00 0 
7f05809ca000-7f0580ac8000 rw-p 00000000 00:00 0                          [stack:14273]
7f0580ac8000-7f0580acb000 ---p 00000000 00:00 0 
7f0580acb000-7f0580bc9000 rw-p 00000000 00:00 0                          [stack:14272]
7f0580bc9000-7f0580bd1000 r-xp 00000000 08:07 4198329                    /usr/local/jdk1.7.0_71/jre/lib/amd64/libmanagement.so
7f0580bd1000-7f0580dd0000 ---p 00008000 08:07 4198329                    /usr/local/jdk1.7.0_71/jre/lib/amd64/libmanagement.so
7f0580dd0000-7f0580dd1000 rw-p 00007000 08:07 4198329                    /usr/local/jdk1.7.0_71/jre/lib/amd64/libmanagement.so
7f0580dd1000-7f0580dd3000 r--s 00006000 08:07 4718854                    /home/songlinyang/.m2/repository/javax/transaction/javax.transaction-api/1.2/javax.transaction-api-1.2.jar
7f0580dd3000-7f0580de2000 r--s 001a0000 08:07 4718852                    /home/songlinyang/.m2/repository/org/eclipse/jetty/orbit/org.eclipse.jdt.core/3.8.2.v20130121/org.eclipse.jdt.core-3.8.2.v20130121.jar
7f0580de2000-7f0580de6000 r--s 00033000 08:07 4718850                    /home/songlinyang/.m2/repository/org/glassfish/javax.el/3.0.0/javax.el-3.0.0.jar
7f0580de6000-7f0580def000 r--s 0005b000 08:07 4718848                    /home/songlinyang/.m2/repository/org/glassfish/web/javax.servlet.jsp.jstl/1.2.2/javax.servlet.jsp.jstl-1.2.2.jar
7f0580def000-7f0580df1000 r--s 0000b000 08:07 4590961                    /home/songlinyang/.m2/repository/org/eclipse/jetty/orbit/javax.servlet.jsp.jstl/1.2.0.v201105211821/javax.servlet.jsp.jstl-1.2.0.v201105211821.jar
7f0580df1000-7f0580df8000 r--s 0007f000 08:07 4718846                    /home/songlinyang/.m2/repository/org/glassfish/web/javax.servlet.jsp/2.3.2/javax.servlet.jsp-2.3.2.jar
7f0580df8000-7f0580dfa000 r--s 0000b000 08:07 4458362                    /home/songlinyang/.m2/repository/javax/servlet/jsp/javax.servlet.jsp-api/2.3.1/javax.servlet.jsp-api-2.3.1.jar
7f0580dfa000-7f0580dfc000 r--s 0002c000 08:07 4718844                    /home/songlinyang/.m2/repository/org/eclipse/jetty/toolchain/jetty-schemas/3.1.M0/jetty-schemas-3.1.M0.jar
7f0580dfc000-7f0580dfd000 r--s 00000000 08:07 4718842                    /home/songlinyang/.m2/repository/org/eclipse/jetty/jetty-jsp/9.1.3.v20140225/jetty-jsp-9.1.3.v20140225.jar
7f0580dfd000-7f0580dff000 r--s 00003000 08:07 4718840                    /home/songlinyang/.m2/repository/org/eclipse/jetty/websocket/websocket-servlet/9.1.3.v20140225/websocket-servlet-9.1.3.v20140225.jar
7f0580dff000-7f0580e01000 r--s 00007000 08:07 4718839                    /home/songlinyang/.m2/repository/org/eclipse/jetty/websocket/websocket-client/9.1.3.v20140225/websocket-client-9.1.3.v20140225.jar
7f0580e01000-7f0580e03000 r--s 00009000 08:07 4718836                    /home/songlinyang/.m2/repository/org/eclipse/jetty/websocket/websocket-api/9.1.3.v20140225/websocket-api-9.1.3.v20140225.jar
7f0580e03000-7f0580e08000 r--s 00025000 08:07 4718834                    /home/songlinyang/.m2/repository/org/eclipse/jetty/websocket/websocket-common/9.1.3.v20140225/websocket-common-9.1.3.v20140225.jar
7f0580e08000-7f0580e0a000 r--s 00007000 08:07 4718832                    /home/songlinyang/.m2/repository/org/eclipse/jetty/websocket/websocket-server/9.1.3.v20140225/websocket-server-9.1.3.v20140225.jar
7f0580e0a000-7f0580e0c000 r--s 00007000 08:07 4718831                    /home/songlinyang/.m2/repository/javax/websocket/javax.websocket-api/1.0/javax.websocket-api-1.0.jar
7f0580e0c000-7f0580e11000 r--s 00022000 08:07 4718828                    /home/songlinyang/.m2/repository/org/eclipse/jetty/websocket/javax-websocket-client-impl/9.1.3.v20140225/javax-websocket-client-impl-9.1.3.v20140225.jar
7f0580e11000-7f0580e12000 r--s 00008000 08:07 4718826                    /home/songlinyang/.m2/repository/org/eclipse/jetty/websocket/javax-websocket-server-impl/9.1.3.v20140225/javax-websocket-server-impl-9.1.3.v20140225.jar
7f0580e12000-7f0580e14000 r--s 00004000 08:07 4718824                    /home/songlinyang/.m2/repository/org/ow2/asm/asm-tree/4.1/asm-tree-4.1.jar
7f0580e14000-7f0580e16000 r--s 00008000 08:07 4457447                    /home/songlinyang/.m2/repository/org/ow2/asm/asm-commons/4.1/asm-commons-4.1.jar
7f0580e16000-7f0580e17000 r--s 0000b000 08:07 4457445                    /home/songlinyang/.m2/repository/org/ow2/asm/asm/4.1/asm-4.1.jar
7f0580e17000-7f0580e19000 r--s 00005000 08:07 4718822                    /home/songlinyang/.m2/repository/javax/annotation/javax.annotation-api/1.2/javax.annotation-api-1.2.jar
7f0580e19000-7f0580e1c000 r--s 00011000 08:07 4718820                    /home/songlinyang/.m2/repository/org/eclipse/jetty/jetty-annotations/9.1.3.v20140225/jetty-annotations-9.1.3.v20140225.jar
7f0580e1c000-7f0580e1d000 r--s 00005000 08:07 4718818                    /home/songlinyang/.m2/repository/org/eclipse/jetty/jetty-jmx/9.1.3.v20140225/jetty-jmx-9.1.3.v20140225.jar
7f0580e1d000-7f0580e20000 r--s 00016000 08:07 4718816                    /home/songlinyang/.m2/repository/org/eclipse/jetty/jetty-io/9.1.3.v20140225/jetty-io-9.1.3.v20140225.jar
7f0580e20000-7f0580e23000 r--s 00017000 08:07 4718814                    /home/songlinyang/.m2/repository/org/eclipse/jetty/jetty-http/9.1.3.v20140225/jetty-http-9.1.3.v20140225.jar
7f0580e23000-7f0580e26000 r--s 00015000 08:07 4718801                    /home/songlinyang/.m2/repository/javax/servlet/javax.servlet-api/3.1.0/javax.servlet-api-3.1.0.jar
7f0580e26000-7f0580e2c000 r--s 0005d000 08:07 4591119                    /home/songlinyang/.m2/repository/org/eclipse/jetty/jetty-server/9.1.3.v20140225/jetty-server-9.1.3.v20140225.jar
7f0580e2c000-7f0580e2e000 r--s 00009000 08:07 4718810                    /home/songlinyang/.m2/repository/org/eclipse/jetty/jetty-jndi/9.1.3.v20140225/jetty-jndi-9.1.3.v20140225.jar
7f0580e2e000-7f0580e30000 r--s 0000c000 08:07 4718808                    /home/songlinyang/.m2/repository/org/eclipse/jetty/jetty-plus/9.1.3.v20140225/jetty-plus-9.1.3.v20140225.jar
7f0580e30000-7f0580e33000 r--s 00015000 08:07 4459603                    /home/songlinyang/.m2/repository/org/eclipse/jetty/jetty-security/9.1.3.v20140225/jetty-security-9.1.3.v20140225.jar
7f0580e33000-7f0580e35000 r--s 00008000 08:07 4718806                    /home/songlinyang/.m2/repository/org/eclipse/jetty/jetty-jaas/9.1.3.v20140225/jetty-jaas-9.1.3.v20140225.jar
7f0580e35000-7f0580e38000 r--s 00019000 08:07 4718804                    /home/songlinyang/.m2/repository/org/eclipse/jetty/jetty-servlet/9.1.3.v20140225/jetty-servlet-9.1.3.v20140225.jar
7f0580e38000-7f0580e39000 r--s 0000a000 08:07 4718802                    /home/songlinyang/.m2/repository/org/eclipse/jetty/jetty-xml/9.1.3.v20140225/jetty-xml-9.1.3.v20140225.jar
7f0580e39000-7f0580e3b000 r--s 0001a000 08:07 4718800                    /home/songlinyang/.m2/repository/org/eclipse/jetty/jetty-webapp/9.1.3.v20140225/jetty-webapp-9.1.3.v20140225.jar
7f0580e3b000-7f0580e40000 r--s 0004d000 08:07 4718798                    /home/songlinyang/.m2/repository/org/eclipse/jetty/jetty-util/9.1.3.v20140225/jetty-util-9.1.3.v20140225.jar
7f0580e40000-7f0580e48000 r--s 00049000 08:07 4459403                    /home/songlinyang/.m2/repository/backport-util-concurrent/backport-util-concurrent/3.1/backport-util-concurrent-3.1.jar
7f0580e48000-7f0580e49000 r--s 00005000 08:07 4718796                    /home/songlinyang/.m2/repository/org/apache/maven/plugin-tools/maven-plugin-tools-api/3.1/maven-plugin-tools-api-3.1.jar
7f0580e49000-7f0580e4b000 r--s 00002000 08:07 4459400                    /home/songlinyang/.m2/repository/org/sonatype/plexus/plexus-cipher/1.4/plexus-cipher-1.4.jar
7f0580e4b000-7f0580e4c000 r--s 00006000 08:07 4459398                    /home/songlinyang/.m2/repository/org/sonatype/plexus/plexus-sec-dispatcher/1.3/plexus-sec-dispatcher-1.3.jar
7f0580e4c000-7f0580e4e000 r--s 0000d000 08:07 4459396                    /home/songlinyang/.m2/repository/org/codehaus/plexus/plexus-interpolation/1.14/plexus-interpolation-1.14.jar
7f0580e4e000-7f0580e52000 r--s 0001a000 08:07 4718794                    /home/songlinyang/.m2/repository/org/sonatype/aether/aether-util/1.11/aether-util-1.11.jar
7f0580e52000-7f0580e56000 r--s 00033000 08:07 4591113                    /home/songlinyang/.m2/repository/org/codehaus/plexus/plexus-utils/2.0.6/plexus-utils-2.0.6.jar
7f0580e56000-7f0580e62000 r--s 0006b000 08:07 4591115                    /home/songlinyang/.m2/repository/org/sonatype/sisu/sisu-guice/2.9.4/sisu-guice-2.9.4-no_aop.jar
7f0580e62000-7f0580e68000 r--s 00033000 08:07 4591117                    /home/songlinyang/.m2/repository/org/sonatype/sisu/sisu-inject-bean/2.1.1/sisu-inject-bean-2.1.1.jar
7f0580e68000-7f0580e6a000 r--s 00014000 08:07 4457909                    /home/songlinyang/.m2/repository/org/eclipse/jetty/jetty-maven-plugin/9.1.3.v20140225/jetty-maven-plugin-9.1.3.v20140225.jar
7f0580e6a000-7f0580e71000 r--s 00000000 08:07 5638600                    /usr/lib/x86_64-linux-gnu/gconv/gconv-modules.cache
7f0580e71000-7f0580e85000 r--p 00000000 08:07 6299176                    /usr/share/locale-langpack/zh_CN/LC_MESSAGES/libc.mo
7f0580e85000-7f0580ef0000 r--s 00e22000 08:07 4196469                    /usr/local/jdk1.7.0_71/lib/tools.jar
7f0580ef0000-7f0580ef3000 r--s 0001b000 08:07 4457995                    /home/songlinyang/.m2/repository/junit/junit/3.8.2/junit-3.8.2.jar
7f0580ef3000-7f0580f01000 r--s 0008f000 08:07 4457994                    /home/songlinyang/.m2/repository/com/google/collections/google-collections/1.0/google-collections-1.0.jar
7f0580f01000-7f0580f02000 r--s 0000a000 08:07 4457980                    /home/songlinyang/.m2/repository/commons-logging/commons-logging-api/1.1/commons-logging-api-1.1.jar
7f0580f02000-7f0580f09000 r--s 00051000 08:07 4457972                    /home/songlinyang/.m2/repository/log4j/log4j/1.2.12/log4j-1.2.12.jar
7f0580f09000-7f0580f0d000 r--s 0001d000 08:07 4457970                    /home/songlinyang/.m2/repository/org/apache/xbean/xbean-reflect/3.4/xbean-reflect-3.4.jar
7f0580f0d000-7f0580f0e000 r--s 00004000 08:07 4457959                    /home/songlinyang/.m2/repository/org/codehaus/plexus/plexus-compiler-javac/2.2/plexus-compiler-javac-2.2.jar
7f0580f0e000-7f0580f10000 r--s 00000000 08:07 4457958                    /home/songlinyang/.m2/repository/org/codehaus/plexus/plexus-compiler-manager/2.2/plexus-compiler-manager-2.2.jar
7f0580f10000-7f0580f12000 r--s 00005000 08:07 4457957                    /home/songlinyang/.m2/repository/org/codehaus/plexus/plexus-compiler-api/2.2/plexus-compiler-api-2.2.jar
7f0580f12000-7f0580f14000 r--s 00000000 08:07 4457952                    /home/songlinyang/.m2/repository/org/codehaus/plexus/plexus-component-annotations/1.5.5/plexus-component-annotations-1.5.5.jar
7f0580f14000-7f0580f16000 r--s 00002000 08:07 4457948                    /home/songlinyang/.m2/repository/org/apache/maven/shared/maven-shared-incremental/1.1/maven-shared-incremental-1.1.jar
7f0580f16000-7f0580f18000 r--s 00006000 08:07 4457950                    /home/songlinyang/.m2/repository/com/google/code/findbugs/jsr305/2.0.1/jsr305-2.0.1.jar
7f0580f18000-7f0580f1b000 r--s 00023000 08:07 4457946                    /home/songlinyang/.m2/repository/org/apache/maven/shared/maven-shared-utils/0.1/maven-shared-utils-0.1.jar
7f0580f1b000-7f0580f1f000 r--s 00030000 08:07 4457944                    /home/songlinyang/.m2/repository/org/codehaus/plexus/plexus-utils/1.5.1/plexus-utils-1.5.1.jar
7f0580f1f000-7f0580f21000 r--s 00009000 08:07 4329678                    /home/songlinyang/.m2/repository/org/apache/maven/plugins/maven-compiler-plugin/3.1/maven-compiler-plugin-3.1.jar
7f0580f21000-7f0580f23000 r--s 0000d000 08:07 4329977                    /home/songlinyang/.m2/repository/org/codehaus/plexus/plexus-interpolation/1.13/plexus-interpolation-1.13.jar
7f0580f23000-7f0580f24000 r--s 00001000 08:07 4329971                    /home/songlinyang/.m2/repository/org/sonatype/plexus/plexus-build-api/0.0.4/plexus-build-api-0.0.4.jar
7f0580f24000-7f0580f26000 r--s 00009000 08:07 4329967                    /home/songlinyang/.m2/repository/org/apache/maven/shared/maven-filtering/1.1/maven-filtering-1.1.jar
7f0580f26000-7f0580f2a000 r--s 00033000 08:07 4329961                    /home/songlinyang/.m2/repository/org/codehaus/plexus/plexus-utils/2.0.5/plexus-utils-2.0.5.jar
7f0580f2a000-7f0580f2d000 r--s 0001b000 08:07 4329565                    /home/songlinyang/.m2/repository/junit/junit/3.8.1/junit-3.8.1.jar
7f0580f2d000-7f0580f2f000 r--s 00002000 08:07 4329963                    /home/songlinyang/.m2/repository/org/codehaus/plexus/plexus-interactivity-api/1.0-alpha-4/plexus-interactivity-api-1.0-alpha-4.jar
7f0580f2f000-7f0580f31000 r--s 00006000 08:07 4329959                    /home/songlinyang/.m2/repository/commons-cli/commons-cli/1.0/commons-cli-1.0.jar
7f0580f31000-7f0580f32000 r--s 00001000 08:07 4329957                    /home/songlinyang/.m2/repository/org/apache/maven/doxia/doxia-sink-api/1.0-alpha-7/doxia-sink-api-1.0-alpha-7.jar
7f0580f32000-7f0580f33000 r--s 00002000 08:07 4329955                    /home/songlinyang/.m2/repository/org/apache/maven/reporting/maven-reporting-api/2.0.6/maven-reporting-api-2.0.6.jar
7f0580f33000-7f0580f35000 r--s 00006000 08:07 4329659                    /home/songlinyang/.m2/repository/org/apache/maven/plugins/maven-resources-plugin/2.6/maven-resources-plugin-2.6.jar
7f0580f35000-7f0580f39000 r--s 0008a000 08:07 4198459                    /usr/local/jdk1.7.0_71/jre/lib/jsse.jar
7f0580f39000-7f0580f3d000 r--s 000f7000 08:07 4197780                    /usr/local/jdk1.7.0_71/jre/lib/ext/localedata.jar
7f0580f3d000-7f0580f6e000 rw-p 00000000 00:00 0 
7f0580f6e000-7f0580f84000 r-xp 00000000 08:07 4198276                    /usr/local/jdk1.7.0_71/jre/lib/amd64/libnet.so
7f0580f84000-7f0581184000 ---p 00016000 08:07 4198276                    /usr/local/jdk1.7.0_71/jre/lib/amd64/libnet.so
7f0581184000-7f0581185000 rw-p 00016000 08:07 4198276                    /usr/local/jdk1.7.0_71/jre/lib/amd64/libnet.so
7f0581185000-7f0581195000 r-xp 00000000 08:07 4198316                    /usr/local/jdk1.7.0_71/jre/lib/amd64/libnio.so
7f0581195000-7f0581395000 ---p 00010000 08:07 4198316                    /usr/local/jdk1.7.0_71/jre/lib/amd64/libnio.so
7f0581395000-7f0581396000 rw-p 00010000 08:07 4198316                    /usr/local/jdk1.7.0_71/jre/lib/amd64/libnio.so
7f0581396000-7f0581398000 r--s 00009000 08:07 5508257                    /usr/local/apache-maven-3.2.5/lib/maven-settings-3.2.5.jar
7f0581398000-7f05813c6000 r--s 001fa000 08:07 5508287                    /usr/local/apache-maven-3.2.5/lib/wagon-http-2.8-shaded.jar
7f05813c6000-7f05813ca000 r--s 00020000 08:07 5508278                    /usr/local/apache-maven-3.2.5/lib/aether-util-1.0.0.v20140518.jar
7f05813ca000-7f05813cc000 r--s 00006000 08:07 5508277                    /usr/local/apache-maven-3.2.5/lib/aether-spi-1.0.0.v20140518.jar
7f05813cc000-7f05813ce000 r--s 0000c000 08:07 5508267                    /usr/local/apache-maven-3.2.5/lib/maven-artifact-3.2.5.jar
7f05813ce000-7f05813d3000 r--s 00041000 08:07 5508290                    /usr/local/apache-maven-3.2.5/lib/commons-lang-2.6.jar
7f05813d3000-7f05813d4000 r--s 00008000 08:07 5508293                    /usr/local/apache-maven-3.2.5/lib/aether-connector-basic-1.0.0.v20140518.jar
7f05813d4000-7f05813d7000 r--s 00008000 08:07 5508270                    /usr/local/apache-maven-3.2.5/lib/cdi-api-1.0.jar
7f05813d7000-7f05813da000 r--s 0000d000 08:07 5508262                    /usr/local/apache-maven-3.2.5/lib/plexus-interpolation-1.21.jar
7f05813da000-7f05813dc000 r--s 00009000 08:07 5508286                    /usr/local/apache-maven-3.2.5/lib/commons-cli-1.2.jar
7f05813dc000-7f05813de000 r--s 0000e000 08:07 5508256                    /usr/local/apache-maven-3.2.5/lib/maven-embedder-3.2.5.jar
7f05813de000-7f05813e4000 r--s 0002b000 08:07 5508269                    /usr/local/apache-maven-3.2.5/lib/org.eclipse.sisu.plexus-0.3.0.M1.jar
7f05813e4000-7f05813e6000 r--s 00000000 08:07 5508281                    /usr/local/apache-maven-3.2.5/lib/aopalliance-1.0.jar
7f05813e6000-7f05813e8000 r--s 00005000 08:07 5508266                    /usr/local/apache-maven-3.2.5/lib/maven-repository-metadata-3.2.5.jar
7f05813e8000-7f05813ec000 r--s 00027000 08:07 5508291                    /usr/local/apache-maven-3.2.5/lib/commons-io-2.2.jar
7f05813ec000-7f05813f5000 r--s 00059000 08:07 5508280                    /usr/local/apache-maven-3.2.5/lib/sisu-guice-3.2.3-no_aop.jar
7f05813f5000-7f05813f7000 r--s 0000a000 08:07 5508268                    /usr/local/apache-maven-3.2.5/lib/maven-plugin-api-3.2.5.jar
7f05813f7000-7f05813f9000 r--s 00002000 08:07 5508265                    /usr/local/apache-maven-3.2.5/lib/plexus-cipher-1.7.jar
7f05813f9000-7f05813fb000 r--s 0000b000 08:07 5508284                    /usr/local/apache-maven-3.2.5/lib/wagon-provider-api-2.8.jar
7f05813fb000-7f0581400000 r--s 00025000 08:07 5508274                    /usr/local/apache-maven-3.2.5/lib/maven-model-builder-3.2.5.jar
7f0581400000-7f0581403000 r--s 00025000 08:07 5508260                    /usr/local/apache-maven-3.2.5/lib/maven-model-3.2.5.jar
7f0581403000-7f0581405000 r--s 00005000 08:07 5508285                    /usr/local/apache-maven-3.2.5/lib/slf4j-api-1.7.5.jar
7f0581405000-7f0581407000 r--s 00000000 08:07 5508263                    /usr/local/apache-maven-3.2.5/lib/plexus-component-annotations-1.5.5.jar
7f0581407000-7f0581432000 r--s 001fc000 08:07 5508282                    /usr/local/apache-maven-3.2.5/lib/guava-18.0.jar
7f0581432000-7f058143e000 r--s 00089000 08:07 5508259                    /usr/local/apache-maven-3.2.5/lib/maven-core-3.2.5.jar
7f058143e000-7f058143f000 ---p 00000000 00:00 0 
7f058143f000-7f058153f000 rw-p 00000000 00:00 0                          [stack:14260]
7f058153f000-7f0581542000 ---p 00000000 00:00 0 
7f0581542000-7f0581640000 rw-p 00000000 00:00 0                          [stack:14259]
7f0581640000-7f0581643000 ---p 00000000 00:00 0 
7f0581643000-7f0581741000 rw-p 00000000 00:00 0                          [stack:14258]
7f0581741000-7f0581744000 ---p 00000000 00:00 0 
7f0581744000-7f0581842000 rw-p 00000000 00:00 0                          [stack:14257]
7f0581842000-7f0581845000 ---p 00000000 00:00 0 
7f0581845000-7f0581943000 rw-p 00000000 00:00 0                          [stack:14255]
7f0581943000-7f0581946000 ---p 00000000 00:00 0 
7f0581946000-7f0581a44000 rw-p 00000000 00:00 0                          [stack:14254]
7f0581a44000-7f0581a47000 ---p 00000000 00:00 0 
7f0581a47000-7f0581b45000 rw-p 00000000 00:00 0                          [stack:14252]
7f0581b45000-7f0581b49000 r-xp 00000000 08:07 4198323                    /usr/local/jdk1.7.0_71/jre/lib/amd64/libdt_socket.so
7f0581b49000-7f0581d48000 ---p 00004000 08:07 4198323                    /usr/local/jdk1.7.0_71/jre/lib/amd64/libdt_socket.so
7f0581d48000-7f0581d49000 rw-p 00003000 08:07 4198323                    /usr/local/jdk1.7.0_71/jre/lib/amd64/libdt_socket.so
7f0581d49000-7f0581d4c000 ---p 00000000 00:00 0 
7f0581d4c000-7f0581e4a000 rw-p 00000000 00:00 0                          [stack:14251]
7f0581e4a000-7f0581e4d000 ---p 00000000 00:00 0 
7f0581e4d000-7f0581f4b000 rw-p 00000000 00:00 0                          [stack:14250]
7f0581f4b000-7f0581f4e000 ---p 00000000 00:00 0 
7f0581f4e000-7f058204c000 rw-p 00000000 00:00 0                          [stack:14249]
7f058204c000-7f058204d000 ---p 00000000 00:00 0 
7f058204d000-7f0582ab9000 rw-p 00000000 00:00 0                          [stack:14248]
7f0582ab9000-7f0582c78000 r--s 039e9000 08:07 4198446                    /usr/local/jdk1.7.0_71/jre/lib/rt.jar
7f0582c78000-7f058314b000 rw-p 00000000 00:00 0 
7f058314b000-7f058314c000 ---p 00000000 00:00 0 
7f058314c000-7f05832bf000 rw-p 00000000 00:00 0                          [stack:14247]
7f05832bf000-7f05834dd000 rw-p 00000000 00:00 0 
7f05834dd000-7f0583500000 rw-p 00000000 00:00 0 
7f0583500000-7f0583506000 rw-p 00000000 00:00 0 
7f0583506000-7f0583579000 rw-p 00000000 00:00 0 
7f0583579000-7f0583796000 rw-p 00000000 00:00 0 
7f0583796000-7f05838df000 rw-p 00000000 00:00 0 
7f05838df000-7f05838e0000 rw-p 00000000 00:00 0 
7f05838e0000-7f0583e40000 rwxp 00000000 00:00 0 
7f0583e40000-7f05868e0000 rw-p 00000000 00:00 0 
7f05868e0000-7f05868fa000 r-xp 00000000 08:07 4198330                    /usr/local/jdk1.7.0_71/jre/lib/amd64/libzip.so
7f05868fa000-7f0586afa000 ---p 0001a000 08:07 4198330                    /usr/local/jdk1.7.0_71/jre/lib/amd64/libzip.so
7f0586afa000-7f0586afb000 rw-p 0001a000 08:07 4198330                    /usr/local/jdk1.7.0_71/jre/lib/amd64/libzip.so
7f0586afb000-7f0586b06000 r-xp 00000000 08:07 6686876                    /lib/x86_64-linux-gnu/libnss_files-2.19.so
7f0586b06000-7f0586d05000 ---p 0000b000 08:07 6686876                    /lib/x86_64-linux-gnu/libnss_files-2.19.so
7f0586d05000-7f0586d06000 r--p 0000a000 08:07 6686876                    /lib/x86_64-linux-gnu/libnss_files-2.19.so
7f0586d06000-7f0586d07000 rw-p 0000b000 08:07 6686876                    /lib/x86_64-linux-gnu/libnss_files-2.19.so
7f0586d07000-7f0586d12000 r-xp 00000000 08:07 6686964                    /lib/x86_64-linux-gnu/libnss_nis-2.19.so
7f0586d12000-7f0586f11000 ---p 0000b000 08:07 6686964                    /lib/x86_64-linux-gnu/libnss_nis-2.19.so
7f0586f11000-7f0586f12000 r--p 0000a000 08:07 6686964                    /lib/x86_64-linux-gnu/libnss_nis-2.19.so
7f0586f12000-7f0586f13000 rw-p 0000b000 08:07 6686964                    /lib/x86_64-linux-gnu/libnss_nis-2.19.so
7f0586f13000-7f0586f2a000 r-xp 00000000 08:07 6686944                    /lib/x86_64-linux-gnu/libnsl-2.19.so
7f0586f2a000-7f0587129000 ---p 00017000 08:07 6686944                    /lib/x86_64-linux-gnu/libnsl-2.19.so
7f0587129000-7f058712a000 r--p 00016000 08:07 6686944                    /lib/x86_64-linux-gnu/libnsl-2.19.so
7f058712a000-7f058712b000 rw-p 00017000 08:07 6686944                    /lib/x86_64-linux-gnu/libnsl-2.19.so
7f058712b000-7f058712d000 rw-p 00000000 00:00 0 
7f058712d000-7f0587136000 r-xp 00000000 08:07 6686942                    /lib/x86_64-linux-gnu/libnss_compat-2.19.so
7f0587136000-7f0587335000 ---p 00009000 08:07 6686942                    /lib/x86_64-linux-gnu/libnss_compat-2.19.so
7f0587335000-7f0587336000 r--p 00008000 08:07 6686942                    /lib/x86_64-linux-gnu/libnss_compat-2.19.so
7f0587336000-7f0587337000 rw-p 00009000 08:07 6686942                    /lib/x86_64-linux-gnu/libnss_compat-2.19.so
7f0587337000-7f0587bc2000 r--p 00000000 08:07 5381156                    /usr/lib/locale/locale-archive
7f0587bc2000-7f0587bc5000 r-xp 00000000 08:07 4198298                    /usr/local/jdk1.7.0_71/jre/lib/amd64/libnpt.so
7f0587bc5000-7f0587dc4000 ---p 00003000 08:07 4198298                    /usr/local/jdk1.7.0_71/jre/lib/amd64/libnpt.so
7f0587dc4000-7f0587dc5000 rw-p 00002000 08:07 4198298                    /usr/local/jdk1.7.0_71/jre/lib/amd64/libnpt.so
7f0587dc5000-7f0587dfe000 r-xp 00000000 08:07 4198284                    /usr/local/jdk1.7.0_71/jre/lib/amd64/libjdwp.so
7f0587dfe000-7f0587ffe000 ---p 00039000 08:07 4198284                    /usr/local/jdk1.7.0_71/jre/lib/amd64/libjdwp.so
7f0587ffe000-7f0587fff000 rw-p 00039000 08:07 4198284                    /usr/local/jdk1.7.0_71/jre/lib/amd64/libjdwp.so
7f0587fff000-7f0588000000 rw-p 00000000 00:00 0 
7f0588000000-7f058983e000 rw-p 00000000 00:00 0 
7f058983e000-7f058c000000 ---p 00000000 00:00 0 
7f058c000000-7f058c001000 r--s 00002000 08:07 5508295                    /usr/local/apache-maven-3.2.5/lib/slf4j-simple-1.7.5.jar
7f058c001000-7f058c09d000 rw-p 00000000 00:00 0 
7f058c09d000-7f058c09e000 ---p 00000000 00:00 0 
7f058c09e000-7f058c1c1000 rw-p 00000000 00:00 0                          [stack:14246]
7f058c1c1000-7f058c1c7000 rw-p 00000000 00:00 0 
7f058c1c7000-7f058c1f0000 r-xp 00000000 08:07 4198313                    /usr/local/jdk1.7.0_71/jre/lib/amd64/libjava.so
7f058c1f0000-7f058c3f0000 ---p 00029000 08:07 4198313                    /usr/local/jdk1.7.0_71/jre/lib/amd64/libjava.so
7f058c3f0000-7f058c3f2000 rw-p 00029000 08:07 4198313                    /usr/local/jdk1.7.0_71/jre/lib/amd64/libjava.so
7f058c3f2000-7f058c3ff000 r-xp 00000000 08:07 4198275                    /usr/local/jdk1.7.0_71/jre/lib/amd64/libverify.so
7f058c3ff000-7f058c5fe000 ---p 0000d000 08:07 4198275                    /usr/local/jdk1.7.0_71/jre/lib/amd64/libverify.so
7f058c5fe000-7f058c600000 rw-p 0000c000 08:07 4198275                    /usr/local/jdk1.7.0_71/jre/lib/amd64/libverify.so
7f058c600000-7f058c607000 r-xp 00000000 08:07 6686960                    /lib/x86_64-linux-gnu/librt-2.19.so
7f058c607000-7f058c806000 ---p 00007000 08:07 6686960                    /lib/x86_64-linux-gnu/librt-2.19.so
7f058c806000-7f058c807000 r--p 00006000 08:07 6686960                    /lib/x86_64-linux-gnu/librt-2.19.so
7f058c807000-7f058c808000 rw-p 00007000 08:07 6686960                    /lib/x86_64-linux-gnu/librt-2.19.so
7f058c808000-7f058c90d000 r-xp 00000000 08:07 6686874                    /lib/x86_64-linux-gnu/libm-2.19.so
7f058c90d000-7f058cb0c000 ---p 00105000 08:07 6686874                    /lib/x86_64-linux-gnu/libm-2.19.so
7f058cb0c000-7f058cb0d000 r--p 00104000 08:07 6686874                    /lib/x86_64-linux-gnu/libm-2.19.so
7f058cb0d000-7f058cb0e000 rw-p 00105000 08:07 6686874                    /lib/x86_64-linux-gnu/libm-2.19.so
7f058cb0e000-7f058d680000 r-xp 00000000 08:07 4198289                    /usr/local/jdk1.7.0_71/jre/lib/amd64/server/libjvm.so
7f058d680000-7f058d87f000 ---p 00b72000 08:07 4198289                    /usr/local/jdk1.7.0_71/jre/lib/amd64/server/libjvm.so
7f058d87f000-7f058d944000 rw-p 00b71000 08:07 4198289                    /usr/local/jdk1.7.0_71/jre/lib/amd64/server/libjvm.so
7f058d944000-7f058d984000 rw-p 00000000 00:00 0 
7f058d984000-7f058db3f000 r-xp 00000000 08:07 6686954                    /lib/x86_64-linux-gnu/libc-2.19.so
7f058db3f000-7f058dd3e000 ---p 001bb000 08:07 6686954                    /lib/x86_64-linux-gnu/libc-2.19.so
7f058dd3e000-7f058dd42000 r--p 001ba000 08:07 6686954                    /lib/x86_64-linux-gnu/libc-2.19.so
7f058dd42000-7f058dd44000 rw-p 001be000 08:07 6686954                    /lib/x86_64-linux-gnu/libc-2.19.so
7f058dd44000-7f058dd49000 rw-p 00000000 00:00 0 
7f058dd49000-7f058dd4c000 r-xp 00000000 08:07 6686882                    /lib/x86_64-linux-gnu/libdl-2.19.so
7f058dd4c000-7f058df4b000 ---p 00003000 08:07 6686882                    /lib/x86_64-linux-gnu/libdl-2.19.so
7f058df4b000-7f058df4c000 r--p 00002000 08:07 6686882                    /lib/x86_64-linux-gnu/libdl-2.19.so
7f058df4c000-7f058df4d000 rw-p 00003000 08:07 6686882                    /lib/x86_64-linux-gnu/libdl-2.19.so
7f058df4d000-7f058df63000 r-xp 00000000 08:07 4196463                    /usr/local/jdk1.7.0_71/lib/amd64/jli/libjli.so
7f058df63000-7f058e163000 ---p 00016000 08:07 4196463                    /usr/local/jdk1.7.0_71/lib/amd64/jli/libjli.so
7f058e163000-7f058e164000 rw-p 00016000 08:07 4196463                    /usr/local/jdk1.7.0_71/lib/amd64/jli/libjli.so
7f058e164000-7f058e17d000 r-xp 00000000 08:07 6686956                    /lib/x86_64-linux-gnu/libpthread-2.19.so
7f058e17d000-7f058e37c000 ---p 00019000 08:07 6686956                    /lib/x86_64-linux-gnu/libpthread-2.19.so
7f058e37c000-7f058e37d000 r--p 00018000 08:07 6686956                    /lib/x86_64-linux-gnu/libpthread-2.19.so
7f058e37d000-7f058e37e000 rw-p 00019000 08:07 6686956                    /lib/x86_64-linux-gnu/libpthread-2.19.so
7f058e37e000-7f058e382000 rw-p 00000000 00:00 0 
7f058e382000-7f058e3a5000 r-xp 00000000 08:07 6686948                    /lib/x86_64-linux-gnu/ld-2.19.so
7f058e3a5000-7f058e3a6000 r--s 00006000 08:07 5508264                    /usr/local/apache-maven-3.2.5/lib/plexus-sec-dispatcher-1.3.jar
7f058e3a6000-7f058e3ad000 r--s 0004d000 08:07 5508273                    /usr/local/apache-maven-3.2.5/lib/org.eclipse.sisu.inject-0.3.0.M1.jar
7f058e3ad000-7f058e3ae000 r--s 00002000 08:07 5508292                    /usr/local/apache-maven-3.2.5/lib/wagon-file-2.8.jar
7f058e3ae000-7f058e3b4000 r--s 00040000 08:07 5508283                    /usr/local/apache-maven-3.2.5/lib/maven-compat-3.2.5.jar
7f058e3b4000-7f058e3b6000 r--s 00005000 08:07 5508294                    /usr/local/apache-maven-3.2.5/lib/aether-transport-wagon-1.0.0.v20140518.jar
7f058e3b6000-7f058e3ba000 r--s 00038000 08:07 5508258                    /usr/local/apache-maven-3.2.5/lib/plexus-utils-3.0.20.jar
7f058e3ba000-7f058e3c0000 r--s 00042000 08:07 5508289                    /usr/local/apache-maven-3.2.5/lib/jsoup-1.7.2.jar
7f058e3c0000-7f058e3d6000 rw-p 00000000 00:00 0 
7f058e3d6000-7f058e480000 rw-p 00000000 00:00 0 
7f058e480000-7f058e483000 ---p 00000000 00:00 0 
7f058e483000-7f058e585000 rw-p 00000000 00:00 0                          [stack:14245]
7f058e585000-7f058e588000 r--s 00027000 08:07 5508279                    /usr/local/apache-maven-3.2.5/lib/aether-impl-1.0.0.v20140518.jar
7f058e588000-7f058e58a000 r--s 00009000 08:07 5508261                    /usr/local/apache-maven-3.2.5/lib/maven-settings-builder-3.2.5.jar
7f058e58a000-7f058e58c000 r--s 0000f000 08:07 5508275                    /usr/local/apache-maven-3.2.5/lib/maven-aether-provider-3.2.5.jar
7f058e58c000-7f058e58d000 r--s 00002000 08:07 5508288                    /usr/local/apache-maven-3.2.5/lib/wagon-http-shared-2.8.jar
7f058e58d000-7f058e58e000 r--s 00000000 08:07 5508272                    /usr/local/apache-maven-3.2.5/lib/javax.inject-1.jar
7f058e58e000-7f058e593000 r--s 0001d000 08:07 5508276                    /usr/local/apache-maven-3.2.5/lib/aether-api-1.0.0.v20140518.jar
7f058e593000-7f058e594000 r--s 00001000 08:07 5508271                    /usr/local/apache-maven-3.2.5/lib/jsr250-api-1.0.jar
7f058e594000-7f058e596000 r--s 00016000 08:07 5380016                    /usr/local/idea-IU-139.659.2/lib/idea_rt.jar
7f058e596000-7f058e598000 r--s 0000b000 08:07 5508255                    /usr/local/apache-maven-3.2.5/boot/plexus-classworlds-2.5.2.jar
7f058e598000-7f058e5a0000 rw-s 00000000 08:07 3276878                    /tmp/hsperfdata_songlinyang/14244
7f058e5a0000-7f058e5a1000 rw-p 00000000 00:00 0 
7f058e5a1000-7f058e5a2000 r--p 00000000 00:00 0 
7f058e5a2000-7f058e5a4000 rw-p 00000000 00:00 0 
7f058e5a4000-7f058e5a5000 r--p 00022000 08:07 6686948                    /lib/x86_64-linux-gnu/ld-2.19.so
7f058e5a5000-7f058e5a6000 rw-p 00023000 08:07 6686948                    /lib/x86_64-linux-gnu/ld-2.19.so
7f058e5a6000-7f058e5a7000 rw-p 00000000 00:00 0 
7fff0949d000-7fff094be000 rw-p 00000000 00:00 0                          [stack]
7fff094e5000-7fff094e7000 r-xp 00000000 00:00 0                          [vdso]
ffffffffff600000-ffffffffff601000 r-xp 00000000 00:00 0                  [vsyscall]

VM Arguments:
jvm_args: -agentlib:jdwp=transport=dt_socket,address=127.0.0.1:47812,suspend=y,server=n -Dmaven.home=/usr/local/apache-maven-3.2.5 -Dclassworlds.conf=/usr/local/apache-maven-3.2.5/bin/m2.conf -Dfile.encoding=UTF-8 
java_command: org.codehaus.classworlds.Launcher -Didea.version=14.0.2 jetty:run -DforkMode=never -P dev
Launcher Type: SUN_STANDARD

Environment Variables:
JAVA_HOME=/usr/local/jdk1.7.0_71
JRE_HOME=/usr/local/jdk1.7.0_71/jre
CLASSPATH=/usr/local/idea-IU-139.659.2/bin/../lib/bootstrap.jar:/usr/local/idea-IU-139.659.2/bin/../lib/extensions.jar:/usr/local/idea-IU-139.659.2/bin/../lib/util.jar:/usr/local/idea-IU-139.659.2/bin/../lib/jdom.jar:/usr/local/idea-IU-139.659.2/bin/../lib/log4j.jar:/usr/local/idea-IU-139.659.2/bin/../lib/trove4j.jar:/usr/local/idea-IU-139.659.2/bin/../lib/jna.jar:/usr/local/jdk1.7.0_71/lib/tools.jar
PATH=/usr/local/hive/bin:/usr/local/hbase-1.0.0/bin:/usr/local/findbugs-2.0.3/bin:/usr/local/apache-ant-1.9.4/bin:/usr/local/apache-maven-3.2.5/bin:/usr/local/zookeeper-3.4.6/bin:/usr/local/jdk1.7.0_71/bin:/usr/local/jdk1.7.0_71/jre/bin:/usr/local/sbin:/usr/local/bin:/usr/sbin:/usr/bin:/sbin:/bin:/usr/games:/usr/local/games:/usr/local/pig-0.14.0/bin
LD_LIBRARY_PATH=/usr/local/idea-IU-139.659.2/bin:
SHELL=/bin/bash
DISPLAY=:0

Signal Handlers:
SIGSEGV: [libjvm.so+0x9a1330], sa_mask[0]=0x7ffbfeff, sa_flags=0x10000004
SIGBUS: [libjvm.so+0x9a1330], sa_mask[0]=0x7ffbfeff, sa_flags=0x10000004
SIGFPE: [libjvm.so+0x81b390], sa_mask[0]=0x7ffbfeff, sa_flags=0x10000004
SIGPIPE: [libjvm.so+0x81b390], sa_mask[0]=0x7ffbfeff, sa_flags=0x10000004
SIGXFSZ: [libjvm.so+0x81b390], sa_mask[0]=0x7ffbfeff, sa_flags=0x10000004
SIGILL: [libjvm.so+0x81b390], sa_mask[0]=0x7ffbfeff, sa_flags=0x10000004
SIGUSR1: SIG_DFL, sa_mask[0]=0x00000000, sa_flags=0x00000000
SIGUSR2: [libjvm.so+0x81cb90], sa_mask[0]=0x00000004, sa_flags=0x10000004
SIGHUP: [libjvm.so+0x81dc90], sa_mask[0]=0x7ffbfeff, sa_flags=0x10000004
SIGINT: [libjvm.so+0x81dc90], sa_mask[0]=0x7ffbfeff, sa_flags=0x10000004
SIGTERM: [libjvm.so+0x81dc90], sa_mask[0]=0x7ffbfeff, sa_flags=0x10000004
SIGQUIT: [libjvm.so+0x81dc90], sa_mask[0]=0x7ffbfeff, sa_flags=0x10000004


---------------  S Y S T E M  ---------------

OS:jessie/sid

uname:Linux 3.13.0-48-generic #80-Ubuntu SMP Thu Mar 12 11:16:15 UTC 2015 x86_64
libc:glibc 2.19 NPTL 2.19 
rlimit: STACK 8192k, CORE 0k, NPROC 61333, NOFILE 4096, AS infinity
load average:2.09 0.85 0.62

/proc/meminfo:
MemTotal:        8068520 kB
MemFree:         1008040 kB
Buffers:          218256 kB
Cached:          1985996 kB
SwapCached:            0 kB
Active:          5187064 kB
Inactive:        1585200 kB
Active(anon):    4579216 kB
Inactive(anon):   456924 kB
Active(file):     607848 kB
Inactive(file):  1128276 kB
Unevictable:          56 kB
Mlocked:              56 kB
SwapTotal:       4567036 kB
SwapFree:        4567036 kB
Dirty:             34344 kB
Writeback:             0 kB
AnonPages:       4568212 kB
Mapped:           441172 kB
Shmem:            467908 kB
Slab:             160416 kB
SReclaimable:     126840 kB
SUnreclaim:        33576 kB
KernelStack:        6160 kB
PageTables:        45364 kB
NFS_Unstable:          0 kB
Bounce:                0 kB
WritebackTmp:          0 kB
CommitLimit:     8601296 kB
Committed_AS:   13419964 kB
VmallocTotal:   34359738367 kB
VmallocUsed:      359916 kB
VmallocChunk:   34359368948 kB
HardwareCorrupted:     0 kB
AnonHugePages:   3395584 kB
HugePages_Total:       0
HugePages_Free:        0
HugePages_Rsvd:        0
HugePages_Surp:        0
Hugepagesize:       2048 kB
DirectMap4k:       65572 kB
DirectMap2M:     8214528 kB


CPU:total 2 (2 cores per cpu, 1 threads per core) family 6 model 58 stepping 9, cmov, cx8, fxsr, mmx, sse, sse2, sse3, ssse3, sse4.1, sse4.2, popcnt, erms, tsc, tscinvbit, tscinv

/proc/cpuinfo:
processor	: 0
vendor_id	: GenuineIntel
cpu family	: 6
model		: 58
model name	: Intel(R) Pentium(R) CPU G2010 @ 2.80GHz
stepping	: 9
microcode	: 0x15
cpu MHz		: 2800.000
cache size	: 3072 KB
physical id	: 0
siblings	: 2
core id		: 0
cpu cores	: 2
apicid		: 0
initial apicid	: 0
fpu		: yes
fpu_exception	: yes
cpuid level	: 13
wp		: yes
flags		: fpu vme de pse tsc msr pae mce cx8 apic sep mtrr pge mca cmov pat pse36 clflush dts acpi mmx fxsr sse sse2 ss ht tm pbe syscall nx rdtscp lm constant_tsc arch_perfmon pebs bts rep_good nopl xtopology nonstop_tsc aperfmperf eagerfpu pni pclmulqdq dtes64 monitor ds_cpl vmx est tm2 ssse3 cx16 xtpr pdcm pcid sse4_1 sse4_2 popcnt tsc_deadline_timer xsave lahf_lm arat epb xsaveopt pln pts dtherm tpr_shadow vnmi flexpriority ept vpid fsgsbase smep erms
bogomips	: 5587.50
clflush size	: 64
cache_alignment	: 64
address sizes	: 36 bits physical, 48 bits virtual
power management:

processor	: 1
vendor_id	: GenuineIntel
cpu family	: 6
model		: 58
model name	: Intel(R) Pentium(R) CPU G2010 @ 2.80GHz
stepping	: 9
microcode	: 0x15
cpu MHz		: 2800.000
cache size	: 3072 KB
physical id	: 0
siblings	: 2
core id		: 1
cpu cores	: 2
apicid		: 2
initial apicid	: 2
fpu		: yes
fpu_exception	: yes
cpuid level	: 13
wp		: yes
flags		: fpu vme de pse tsc msr pae mce cx8 apic sep mtrr pge mca cmov pat pse36 clflush dts acpi mmx fxsr sse sse2 ss ht tm pbe syscall nx rdtscp lm constant_tsc arch_perfmon pebs bts rep_good nopl xtopology nonstop_tsc aperfmperf eagerfpu pni pclmulqdq dtes64 monitor ds_cpl vmx est tm2 ssse3 cx16 xtpr pdcm pcid sse4_1 sse4_2 popcnt tsc_deadline_timer xsave lahf_lm arat epb xsaveopt pln pts dtherm tpr_shadow vnmi flexpriority ept vpid fsgsbase smep erms
bogomips	: 5587.50
clflush size	: 64
cache_alignment	: 64
address sizes	: 36 bits physical, 48 bits virtual
power management:



Memory: 4k page, physical 8068520k(1008040k free), swap 4567036k(4567036k free)

vm_info: Java HotSpot(TM) 64-Bit Server VM (24.71-b01) for linux-amd64 JRE (1.7.0_71-b14), built on Sep 26 2014 16:41:40 by "java_re" with gcc 4.3.0 20080428 (Red Hat 4.3.0-8)

time: Thu Apr 23 11:57:24 2015
elapsed time: 1728 seconds

