#
# A fatal error has been detected by the Java Runtime Environment:
#
#  SIGSEGV (0xb) at pc=0x00007fde2b8245e7, pid=17883, tid=140591874770688
#
# JRE version: Java(TM) SE Runtime Environment (7.0_71-b14) (build 1.7.0_71-b14)
# Java VM: Java HotSpot(TM) 64-Bit Server VM (24.71-b01 mixed mode linux-amd64 compressed oops)
# Problematic frame:
# C  [libc.so.6+0x1495e7]  __nss_hosts_lookup+0x12367
#
# Failed to write core dump. Core dumps have been disabled. To enable core dumping, try "ulimit -c unlimited" before starting Java again
#
# If you would like to submit a bug report, please visit:
#   http://bugreport.sun.com/bugreport/crash.jsp
# The crash happened outside the Java Virtual Machine in native code.
# See problematic frame for where to report the bug.
#

---------------  T H R E A D  ---------------

Current thread (0x00007fde2588c000):  JavaThread "Scanner-0" daemon [_thread_in_native, id=17938, stack(0x00007fde18b10000,0x00007fde18c11000)]

siginfo:si_signo=SIGSEGV: si_errno=0, si_code=2 (SEGV_ACCERR), si_addr=0x00007fde1a118000

Registers:
RAX=0x00007fddf82254d2, RBX=0x00007fde1a114c80, RCX=0x0000000000004000, RDX=0x000000000000af95
RSP=0x00007fde18c0e518, RBP=0x00007fde18c0e570, RSI=0x00007fde1a117fce, RDI=0x00007fddf8228820
R8 =0x00007fddf82254d2, R9 =0x00007fde2b8245d0, R10=0x6c6d782f6e75732f, R11=0x00007fde2b861fb0
R12=0x00007fde1a10c50b, R13=0x00007fddf8012e10, R14=0x000000000000e363, R15=0x00007fde24ab3340
RIP=0x00007fde2b8245e7, EFLAGS=0x0000000000010206, CSGSFS=0x0000000000000033, ERR=0x0000000000000004
  TRAPNO=0x000000000000000e

Top of Stack: (sp=0x00007fde18c0e518)
0x00007fde18c0e518:   00007fde28802b58 000000077fc00c90
0x00007fde18c0e528:   111863de00000000 0000000000008747
0x00007fde18c0e538:   000000003c14aa1b 00007fddf8012e10
0x00007fde18c0e548:   00007fde24aaf930 00007fde24ab3340
0x00007fde18c0e558:   00007fde25a0cac0 000000005bbd78a2
0x00007fde18c0e568:   00007fde18c0e5d0 00007fde18c0e5b0
0x00007fde18c0e578:   00007fde288030b0 0000001418c0e5b0
0x00007fde18c0e588:   00007fde18c0e5d0 0000000000000014
0x00007fde18c0e598:   00007fde2588c1e8 00007fde18c0e5d0
0x00007fde18c0e5a8:   00007fde18c0ea28 00007fde18c0ea10
0x00007fde18c0e5b8:   00007fde28801eed 01007fde18c0e670
0x00007fde18c0e5c8:   00007fde24ab3340 464e492d4154454d
0x00007fde18c0e5d8:   534546494e414d2f 00007f00464d2e54
0x00007fde18c0e5e8:   00000000000001e0 00007fde18c0e670
0x00007fde18c0e5f8:   00007fde2b1889e4 00007fde18c0e720
0x00007fde18c0e608:   00007fde2b1805bf 00007fde2588c000
0x00007fde18c0e618:   0000000000000091 0000000000000091
0x00007fde18c0e628:   00002744e8330de8 00007fde2588c000
0x00007fde18c0e638:   00007fde20a7e160 0000000000000002
0x00007fde18c0e648:   000000005e5f33b8 0000000000000000
0x00007fde18c0e658:   00000000000003f1 00007fde240082b0
0x00007fde18c0e668:   00007fde20ac34d0 00007fde18c0e6e0
0x00007fde18c0e678:   00007fde2b1857f3 000003822588c000
0x00007fde18c0e688:   00007fde2588c000 0000000000000000
0x00007fde18c0e698:   00007fdde8330e30 00007fde258b2e00
0x00007fde18c0e6a8:   0000000000000000 00007fde18c0e6e0
0x00007fde18c0e6b8:   00007fde20ac34d0 00007fde2588c000
0x00007fde18c0e6c8:   00007fde18c0e720 00007fde258b2e00
0x00007fde18c0e6d8:   0000000000000000 00007fde18c0e770
0x00007fde18c0e6e8:   00007fde2b185a5a 00007fde20ac37c0
0x00007fde18c0e6f8:   00007fdde8330e30 00007fddec5acd70
0x00007fde18c0e708:   00007fddec5acd80 00007fddec5ad158 

Instructions: (pc=0x00007fde2b8245e7)
0x00007fde2b8245c7:   48 8d 52 c0 41 ff e1 0f 0b 0f 18 86 c0 01 00 00
0x00007fde2b8245d7:   48 83 ea 40 0f 28 56 02 0f 28 5e 12 0f 28 66 22
0x00007fde2b8245e7:   0f 28 6e 32 66 0f 6f f5 66 0f 3a 0f ec 0e 48 8d
0x00007fde2b8245f7:   76 40 66 0f 3a 0f e3 0e 66 0f 3a 0f da 0e 48 8d 

Register to memory mapping:

RAX=0x00007fddf82254d2 is an unknown value
RBX=0x00007fde1a114c80 is an unknown value
RCX=0x0000000000004000 is an unknown value
RDX=0x000000000000af95 is an unknown value
RSP=0x00007fde18c0e518 is pointing into the stack for thread: 0x00007fde2588c000
RBP=0x00007fde18c0e570 is pointing into the stack for thread: 0x00007fde2588c000
RSI=0x00007fde1a117fce is an unknown value
RDI=0x00007fddf8228820 is an unknown value
R8 =0x00007fddf82254d2 is an unknown value
R9 =0x00007fde2b8245d0: <offset 0x1495d0> in /lib/x86_64-linux-gnu/libc.so.6 at 0x00007fde2b6db000
R10=0x6c6d782f6e75732f is an unknown value
R11=0x00007fde2b861fb0: <offset 0x186fb0> in /lib/x86_64-linux-gnu/libc.so.6 at 0x00007fde2b6db000
R12=0x00007fde1a10c50b is an unknown value
R13=0x00007fddf8012e10 is an unknown value
R14=0x000000000000e363 is an unknown value
R15=0x00007fde24ab3340 is an unknown value


Stack: [0x00007fde18b10000,0x00007fde18c11000],  sp=0x00007fde18c0e518,  free space=1017k
Native frames: (J=compiled Java code, j=interpreted, Vv=VM code, C=native code)
C  [libc.so.6+0x1495e7]  __nss_hosts_lookup+0x12367
C  [libzip.so+0x50b0]  ZIP_GetEntry+0xd0
C  [libzip.so+0x3eed]  Java_java_util_zip_ZipFile_getEntry+0xad
J 34  java.util.zip.ZipFile.getEntry(J[BZ)J (0 bytes) @ 0x00007fde2106f22e [0x00007fde2106f160+0xce]

Java frames: (J=compiled Java code, j=interpreted, Vv=VM code)
J 34  java.util.zip.ZipFile.getEntry(J[BZ)J (0 bytes) @ 0x00007fde2106f1b8 [0x00007fde2106f160+0x58]
J 37 C2 java.util.jar.JarFile.getEntry(Ljava/lang/String;)Ljava/util/zip/ZipEntry; (22 bytes) @ 0x00007fde21076e24 [0x00007fde21076d40+0xe4]
J 1205 C2 java.util.jar.JarFile.getJarEntry(Ljava/lang/String;)Ljava/util/jar/JarEntry; (9 bytes) @ 0x00007fde213ddfc4 [0x00007fde213ddf20+0xa4]
j  java.util.jar.JarFile.getManEntry()Ljava/util/jar/JarEntry;+11
j  java.util.jar.JarFile.getManifestFromReference()Ljava/util/jar/Manifest;+27
j  java.util.jar.JarFile.getManifest()Ljava/util/jar/Manifest;+1
j  sun.net.www.protocol.jar.URLJarFile.isSuperMan()Z+9
J 1006 C2 sun.net.www.protocol.jar.URLJarFile.getManifest()Ljava/util/jar/Manifest; (124 bytes) @ 0x00007fde213260f8 [0x00007fde213260c0+0x38]
j  java.net.JarURLConnection.getManifest()Ljava/util/jar/Manifest;+4
j  org.apache.jasper.runtime.TldScanner.addManifestClassPath(Ljava/util/List;Ljava/util/List;Ljava/net/JarURLConnection;)Z+1
j  org.apache.jasper.runtime.TldScanner.scanJars()V+218
j  org.apache.jasper.runtime.TldScanner.scanTlds()V+28
j  org.apache.jasper.runtime.TldScanner.onStartup(Ljava/util/Set;Ljavax/servlet/ServletContext;)V+73
j  org.eclipse.jetty.plus.annotation.ContainerInitializer.callStartup(Lorg/eclipse/jetty/webapp/WebAppContext;)V+182
j  org.eclipse.jetty.annotations.ServletContainerInitializersStarter.doStart()V+100
j  org.eclipse.jetty.util.component.AbstractLifeCycle.start()V+31
j  org.eclipse.jetty.servlet.ServletContextHandler.startContext()V+16
j  org.eclipse.jetty.webapp.WebAppContext.startContext()V+13
j  org.eclipse.jetty.server.handler.ContextHandler.doStart()V+134
j  org.eclipse.jetty.webapp.WebAppContext.doStart()V+16
j  org.eclipse.jetty.maven.plugin.JettyWebAppContext.doStart()V+240
j  org.eclipse.jetty.util.component.AbstractLifeCycle.start()V+31
j  org.eclipse.jetty.maven.plugin.JettyRunMojo.restartWebApp(Z)V+272
j  org.eclipse.jetty.maven.plugin.JettyRunMojo$1.filesChanged(Ljava/util/List;)V+25
j  org.eclipse.jetty.util.Scanner.reportBulkChanges(Ljava/util/List;)V+41
j  org.eclipse.jetty.util.Scanner.reportDifferences(Ljava/util/Map;Ljava/util/Map;)V+632
j  org.eclipse.jetty.util.Scanner.scan()V+28
j  org.eclipse.jetty.util.Scanner$1.run()V+4
j  java.util.TimerThread.mainLoop()V+221
j  java.util.TimerThread.run()V+1
v  ~StubRoutines::call_stub

---------------  P R O C E S S  ---------------

Java Threads: ( => current thread )
  0x00007fdde410a000 JavaThread "qtp1300391884-46" [_thread_blocked, id=20944, stack(0x00007fde18a0f000,0x00007fde18b10000)]
  0x0000000000ae9000 JavaThread "qtp1300391884-45" [_thread_blocked, id=20943, stack(0x00007fde19db2000,0x00007fde19eb3000)]
  0x00007fde1c034800 JavaThread "DubboSharedHandler-thread-1" daemon [_thread_blocked, id=20942, stack(0x00007fde19015000,0x00007fde19116000)]
  0x00007fdde8846800 JavaThread "DubboResponseTimeoutScanTimer" daemon [_thread_blocked, id=18080, stack(0x00007fde18d12000,0x00007fde18e13000)]
=>0x00007fde2588c000 JavaThread "Scanner-0" daemon [_thread_in_native, id=17938, stack(0x00007fde18b10000,0x00007fde18c11000)]
  0x00007fde259f9000 JavaThread "dubbo-remoting-client-heartbeat-thread-2" daemon [_thread_blocked, id=17937, stack(0x00007fde18c11000,0x00007fde18d12000)]
  0x00007fde259f5000 JavaThread "DubboClientReconnectTimer-thread-2" daemon [_thread_blocked, id=17933, stack(0x00007fde18e13000,0x00007fde18f14000)]
  0x00007fde259b8000 JavaThread "dubbo-remoting-client-heartbeat-thread-1" daemon [_thread_blocked, id=17931, stack(0x00007fde18f14000,0x00007fde19015000)]
  0x00007fddd8233000 JavaThread "Hashed wheel timer #1" [_thread_blocked, id=17929, stack(0x00007fde19116000,0x00007fde19217000)]
  0x00007fde259b1000 JavaThread "DubboClientReconnectTimer-thread-1" daemon [_thread_blocked, id=17926, stack(0x00007fde19217000,0x00007fde19318000)]
  0x00007fde25997800 JavaThread "New I/O boss #4" daemon [_thread_in_native, id=17925, stack(0x00007fde19318000,0x00007fde19419000)]
  0x00007fde25939000 JavaThread "New I/O worker #3" daemon [_thread_in_native, id=17924, stack(0x00007fde19419000,0x00007fde1951a000)]
  0x00007fde25931000 JavaThread "New I/O worker #2" daemon [_thread_in_native, id=17923, stack(0x00007fde1951a000,0x00007fde1961b000)]
  0x00007fde2592d000 JavaThread "New I/O worker #1" daemon [_thread_in_native, id=17922, stack(0x00007fde197ac000,0x00007fde198ad000)]
  0x00007fde25878800 JavaThread "DubboSaveRegistryCache-thread-1" daemon [_thread_blocked, id=17921, stack(0x00007fde198ad000,0x00007fde199ae000)]
  0x00007fde25903800 JavaThread "main-EventThread" daemon [_thread_blocked, id=17920, stack(0x00007fde199ae000,0x00007fde19aaf000)]
  0x00007fde2587a000 JavaThread "main-SendThread(localhost:2181)" daemon [_thread_in_native, id=17919, stack(0x00007fde19aaf000,0x00007fde19bb0000)]
  0x00007fde258a8000 JavaThread "ZkClient-EventThread-26-127.0.0.1:2181" daemon [_thread_blocked, id=17918, stack(0x00007fde19bb0000,0x00007fde19cb1000)]
  0x00007fde258b8800 JavaThread "DubboRegistryFailedRetryTimer-thread-1" daemon [_thread_blocked, id=17917, stack(0x00007fde19cb1000,0x00007fde19db2000)]
  0x00007fde25813000 JavaThread "MongoCleaner631291208" daemon [_thread_blocked, id=17916, stack(0x00007fde1961b000,0x00007fde1971c000)]
  0x00007fde24a92800 JavaThread "qtp1300391884-21" [_thread_blocked, id=17912, stack(0x00007fde1a118000,0x00007fde1a219000)]
  0x00007fde24a90800 JavaThread "qtp1300391884-20-selector-ServerConnectorManager@56e919e6/1" [_thread_in_native, id=17911, stack(0x00007fde1a219000,0x00007fde1a31a000)]
  0x00007fde24a8e000 JavaThread "qtp1300391884-19-acceptor-0-ServerConnector@5812912f{HTTP/1.1}{0.0.0.0:8080}" [_thread_in_native, id=17910, stack(0x00007fde1a31a000,0x00007fde1a41b000)]
  0x00007fde24a8c000 JavaThread "qtp1300391884-18-selector-ServerConnectorManager@56e919e6/0" [_thread_in_native, id=17909, stack(0x00007fde1a41b000,0x00007fde1a51c000)]
  0x00007fde24a88800 JavaThread "qtp1300391884-16" [_thread_blocked, id=17907, stack(0x00007fde1a61d000,0x00007fde1a71e000)]
  0x00007fde24a83000 JavaThread "qtp1300391884-15" [_thread_blocked, id=17906, stack(0x00007fde1a71e000,0x00007fde1a81f000)]
  0x00007fde24a87800 JavaThread "qtp1300391884-14" [_thread_blocked, id=17905, stack(0x00007fde1a81f000,0x00007fde1a920000)]
  0x00007fde240a6000 JavaThread "Service Thread" daemon [_thread_blocked, id=17899, stack(0x00007fde1b1f0000,0x00007fde1b2f1000)]
  0x00007fde240a3800 JavaThread "C2 CompilerThread1" daemon [_thread_blocked, id=17898, stack(0x00007fde1b2f1000,0x00007fde1b3f2000)]
  0x00007fde240a0800 JavaThread "C2 CompilerThread0" daemon [_thread_blocked, id=17897, stack(0x00007fde1b3f2000,0x00007fde1b4f3000)]
  0x00007fddfc001000 JavaThread "JDWP Command Reader" daemon [_thread_in_native, id=17895, stack(0x00007fde1b4f3000,0x00007fde1b5f4000)]
  0x00007fde2409e800 JavaThread "JDWP Event Helper Thread" daemon [_thread_blocked, id=17894, stack(0x00007fde1b5f4000,0x00007fde1b6f5000)]
  0x00007fde2409a800 JavaThread "JDWP Transport Listener: dt_socket" daemon [_thread_blocked, id=17892, stack(0x00007fde1b6f5000,0x00007fde1b7f6000)]
  0x00007fde2408d800 JavaThread "Signal Dispatcher" daemon [_thread_blocked, id=17891, stack(0x00007fde1b9fa000,0x00007fde1bafb000)]
  0x00007fde2406e000 JavaThread "Finalizer" daemon [_thread_blocked, id=17890, stack(0x00007fde1bafb000,0x00007fde1bbfc000)]
  0x00007fde2406c000 JavaThread "Reference Handler" daemon [_thread_blocked, id=17889, stack(0x00007fde1bbfc000,0x00007fde1bcfd000)]
  0x00007fde2400c800 JavaThread "main" [_thread_blocked, id=17885, stack(0x00007fde2c1d7000,0x00007fde2c2d8000)]

Other Threads:
  0x00007fde24067800 VMThread [stack: 0x00007fde1bcfd000,0x00007fde1bdfe000] [id=17888]
  0x00007fde240b0800 WatcherThread [stack: 0x00007fde1b0ef000,0x00007fde1b1f0000] [id=17900]

VM state:not at safepoint (normal execution)

VM Mutex/Monitor currently owned by a thread: None

Heap
 PSYoungGen      total 571392K, used 332959K [0x00000007d6f00000, 0x0000000800000000, 0x0000000800000000)
  eden space 470016K, 49% used [0x00000007d6f00000,0x00000007e5129520,0x00000007f3a00000)
  from space 101376K, 99% used [0x00000007f3a00000,0x00000007f9cfe770,0x00000007f9d00000)
  to   space 101376K, 0% used [0x00000007f9d00000,0x00000007f9d00000,0x0000000800000000)
 ParOldGen       total 206336K, used 127558K [0x0000000784e00000, 0x0000000791780000, 0x00000007d6f00000)
  object space 206336K, 61% used [0x0000000784e00000,0x000000078ca919b8,0x0000000791780000)
 PSPermGen       total 68608K, used 42991K [0x000000077fc00000, 0x0000000783f00000, 0x0000000784e00000)
  object space 68608K, 62% used [0x000000077fc00000,0x00000007825fbed8,0x0000000783f00000)

Card table byte_map: [0x00007fde283fb000,0x00007fde287fe000] byte_map_base: 0x00007fde247fd000

Polling page: 0x00007fde2c2f8000

Code Cache  [0x00007fde21000000, 0x00007fde215d0000, 0x00007fde24000000)
 total_blobs=1926 nmethods=1535 adapters=352 free_code_cache=43303Kb largest_free_block=44244928

Compilation events (10 events):
Event: 4834.882 Thread 0x00007fde240a3800 nmethod 1680 0x00007fde215b1950 code [0x00007fde215b1aa0, 0x00007fde215b1bf8]
Event: 4834.882 Thread 0x00007fde240a3800 1681             java.util.WeakHashMap$Entry::getValue (5 bytes)
Event: 4834.882 Thread 0x00007fde240a3800 nmethod 1681 0x00007fde215b31d0 code [0x00007fde215b3300, 0x00007fde215b3378]
Event: 4834.939 Thread 0x00007fde240a0800 nmethod 1677 0x00007fde215bc310 code [0x00007fde215bc560, 0x00007fde215bd580]
Event: 4834.977 Thread 0x00007fde240a3800 1682  s          java.util.jar.JarFile::getInputStream (89 bytes)
Event: 4835.025 Thread 0x00007fde240a0800 1683   !         java.lang.StringCoding::encode (120 bytes)
Event: 4835.029 Thread 0x00007fde240a0800 nmethod 1683 0x00007fde215be450 code [0x00007fde215be600, 0x00007fde215beb30]
Event: 4835.029 Thread 0x00007fde240a0800 1684             java.lang.String::getBytes (27 bytes)
Event: 4835.030 Thread 0x00007fde240a0800 nmethod 1684 0x00007fde215bf050 code [0x00007fde215bf1a0, 0x00007fde215bf2a8]
Event: 4835.159 Thread 0x00007fde240a3800 nmethod 1682 0x00007fde215c9a50 code [0x00007fde215c9e80, 0x00007fde215cc250]

GC Heap History (10 events):
Event: 17.608 GC heap before
{Heap before GC invocations=13 (full 1):
 PSYoungGen      total 416256K, used 416249K [0x00000007d6f00000, 0x00000007fc680000, 0x0000000800000000)
  eden space 351232K, 100% used [0x00000007d6f00000,0x00000007ec600000,0x00000007ec600000)
  from space 65024K, 99% used [0x00000007ec600000,0x00000007f057e6c8,0x00000007f0580000)
  to   space 83456K, 0% used [0x00000007f7500000,0x00000007f7500000,0x00000007fc680000)
 ParOldGen       total 152576K, used 100826K [0x0000000784e00000, 0x000000078e300000, 0x00000007d6f00000)
  object space 152576K, 66% used [0x0000000784e00000,0x000000078b076998,0x000000078e300000)
 PSPermGen       total 48640K, used 40952K [0x000000077fc00000, 0x0000000782b80000, 0x0000000784e00000)
  object space 48640K, 84% used [0x000000077fc00000,0x00000007823fe208,0x0000000782b80000)
Event: 17.657 GC heap after
Heap after GC invocations=13 (full 1):
 PSYoungGen      total 531456K, used 41878K [0x00000007d6f00000, 0x00000007fe280000, 0x0000000800000000)
  eden space 448000K, 0% used [0x00000007d6f00000,0x00000007d6f00000,0x00000007f2480000)
  from space 83456K, 50% used [0x00000007f7500000,0x00000007f9de5828,0x00000007fc680000)
  to   space 82432K, 0% used [0x00000007f2480000,0x00000007f2480000,0x00000007f7500000)
 ParOldGen       total 152576K, used 104145K [0x0000000784e00000, 0x000000078e300000, 0x00000007d6f00000)
  object space 152576K, 68% used [0x0000000784e00000,0x000000078b3b44c8,0x000000078e300000)
 PSPermGen       total 48640K, used 40952K [0x000000077fc00000, 0x0000000782b80000, 0x0000000784e00000)
  object space 48640K, 84% used [0x000000077fc00000,0x00000007823fe208,0x0000000782b80000)
}
Event: 3863.625 GC heap before
{Heap before GC invocations=14 (full 1):
 PSYoungGen      total 531456K, used 489878K [0x00000007d6f00000, 0x00000007fe280000, 0x0000000800000000)
  eden space 448000K, 100% used [0x00000007d6f00000,0x00000007f2480000,0x00000007f2480000)
  from space 83456K, 50% used [0x00000007f7500000,0x00000007f9de5828,0x00000007fc680000)
  to   space 82432K, 0% used [0x00000007f2480000,0x00000007f2480000,0x00000007f7500000)
 ParOldGen       total 152576K, used 104145K [0x0000000784e00000, 0x000000078e300000, 0x00000007d6f00000)
  object space 152576K, 68% used [0x0000000784e00000,0x000000078b3b44c8,0x000000078e300000)
 PSPermGen       total 48640K, used 42881K [0x000000077fc00000, 0x0000000782b80000, 0x0000000784e00000)
  object space 48640K, 88% used [0x000000077fc00000,0x00000007825e07c0,0x0000000782b80000)
Event: 3863.652 GC heap after
Heap after GC invocations=14 (full 1):
 PSYoungGen      total 530432K, used 8308K [0x00000007d6f00000, 0x00000007ffd00000, 0x0000000800000000)
  eden space 448000K, 0% used [0x00000007d6f00000,0x00000007d6f00000,0x00000007f2480000)
  from space 82432K, 10% used [0x00000007f2480000,0x00000007f2c9d198,0x00000007f7500000)
  to   space 81408K, 0% used [0x00000007fad80000,0x00000007fad80000,0x00000007ffd00000)
 ParOldGen       total 152576K, used 112422K [0x0000000784e00000, 0x000000078e300000, 0x00000007d6f00000)
  object space 152576K, 73% used [0x0000000784e00000,0x000000078bbc9a58,0x000000078e300000)
 PSPermGen       total 48640K, used 42881K [0x000000077fc00000, 0x0000000782b80000, 0x0000000784e00000)
  object space 48640K, 88% used [0x000000077fc00000,0x00000007825e07c0,0x0000000782b80000)
}
Event: 4831.463 GC heap before
{Heap before GC invocations=15 (full 1):
 PSYoungGen      total 530432K, used 456308K [0x00000007d6f00000, 0x00000007ffd00000, 0x0000000800000000)
  eden space 448000K, 100% used [0x00000007d6f00000,0x00000007f2480000,0x00000007f2480000)
  from space 82432K, 10% used [0x00000007f2480000,0x00000007f2c9d198,0x00000007f7500000)
  to   space 81408K, 0% used [0x00000007fad80000,0x00000007fad80000,0x00000007ffd00000)
 ParOldGen       total 152576K, used 112422K [0x0000000784e00000, 0x000000078e300000, 0x00000007d6f00000)
  object space 152576K, 73% used [0x0000000784e00000,0x000000078bbc9a58,0x000000078e300000)
 PSPermGen       total 48640K, used 43000K [0x000000077fc00000, 0x0000000782b80000, 0x0000000784e00000)
  object space 48640K, 88% used [0x000000077fc00000,0x00000007825fe238,0x0000000782b80000)
Event: 4831.666 GC heap after
Heap after GC invocations=15 (full 1):
 PSYoungGen      total 551424K, used 81403K [0x00000007d6f00000, 0x0000000800000000, 0x0000000800000000)
  eden space 470016K, 0% used [0x00000007d6f00000,0x00000007d6f00000,0x00000007f3a00000)
  from space 81408K, 99% used [0x00000007fad80000,0x00000007ffcfef68,0x00000007ffd00000)
  to   space 101376K, 0% used [0x00000007f3a00000,0x00000007f3a00000,0x00000007f9d00000)
 ParOldGen       total 152576K, used 128682K [0x0000000784e00000, 0x000000078e300000, 0x00000007d6f00000)
  object space 152576K, 84% used [0x0000000784e00000,0x000000078cbaa9a0,0x000000078e300000)
 PSPermGen       total 48640K, used 43000K [0x000000077fc00000, 0x0000000782b80000, 0x0000000784e00000)
  object space 48640K, 88% used [0x000000077fc00000,0x00000007825fe238,0x0000000782b80000)
}
Event: 4831.666 GC heap before
{Heap before GC invocations=16 (full 2):
 PSYoungGen      total 551424K, used 81403K [0x00000007d6f00000, 0x0000000800000000, 0x0000000800000000)
  eden space 470016K, 0% used [0x00000007d6f00000,0x00000007d6f00000,0x00000007f3a00000)
  from space 81408K, 99% used [0x00000007fad80000,0x00000007ffcfef68,0x00000007ffd00000)
  to   space 101376K, 0% used [0x00000007f3a00000,0x00000007f3a00000,0x00000007f9d00000)
 ParOldGen       total 152576K, used 128682K [0x0000000784e00000, 0x000000078e300000, 0x00000007d6f00000)
  object space 152576K, 84% used [0x0000000784e00000,0x000000078cbaa9a0,0x000000078e300000)
 PSPermGen       total 48640K, used 43000K [0x000000077fc00000, 0x0000000782b80000, 0x0000000784e00000)
  object space 48640K, 88% used [0x000000077fc00000,0x00000007825fe238,0x0000000782b80000)
Event: 4832.361 GC heap after
Heap after GC invocations=16 (full 2):
 PSYoungGen      total 551424K, used 0K [0x00000007d6f00000, 0x0000000800000000, 0x0000000800000000)
  eden space 470016K, 0% used [0x00000007d6f00000,0x00000007d6f00000,0x00000007f3a00000)
  from space 81408K, 0% used [0x00000007fad80000,0x00000007fad80000,0x00000007ffd00000)
  to   space 101376K, 0% used [0x00000007f3a00000,0x00000007f3a00000,0x00000007f9d00000)
 ParOldGen       total 206336K, used 117038K [0x0000000784e00000, 0x0000000791780000, 0x00000007d6f00000)
  object space 206336K, 56% used [0x0000000784e00000,0x000000078c04b890,0x0000000791780000)
 PSPermGen       total 68608K, used 42812K [0x000000077fc00000, 0x0000000783f00000, 0x0000000784e00000)
  object space 68608K, 62% used [0x000000077fc00000,0x00000007825cf0a0,0x0000000783f00000)
}
Event: 4834.629 GC heap before
{Heap before GC invocations=17 (full 2):
 PSYoungGen      total 551424K, used 470016K [0x00000007d6f00000, 0x0000000800000000, 0x0000000800000000)
  eden space 470016K, 100% used [0x00000007d6f00000,0x00000007f3a00000,0x00000007f3a00000)
  from space 81408K, 0% used [0x00000007fad80000,0x00000007fad80000,0x00000007ffd00000)
  to   space 101376K, 0% used [0x00000007f3a00000,0x00000007f3a00000,0x00000007f9d00000)
 ParOldGen       total 206336K, used 117047K [0x0000000784e00000, 0x0000000791780000, 0x00000007d6f00000)
  object space 206336K, 56% used [0x0000000784e00000,0x000000078c04dd00,0x0000000791780000)
 PSPermGen       total 68608K, used 42842K [0x000000077fc00000, 0x0000000783f00000, 0x0000000784e00000)
  object space 68608K, 62% used [0x000000077fc00000,0x00000007825d6880,0x0000000783f00000)
Event: 4834.854 GC heap after
Heap after GC invocations=17 (full 2):
 PSYoungGen      total 571392K, used 101369K [0x00000007d6f00000, 0x0000000800000000, 0x0000000800000000)
  eden space 470016K, 0% used [0x00000007d6f00000,0x00000007d6f00000,0x00000007f3a00000)
  from space 101376K, 99% used [0x00000007f3a00000,0x00000007f9cfe770,0x00000007f9d00000)
  to   space 101376K, 0% used [0x00000007f9d00000,0x00000007f9d00000,0x0000000800000000)
 ParOldGen       total 206336K, used 127558K [0x0000000784e00000, 0x0000000791780000, 0x00000007d6f00000)
  object space 206336K, 61% used [0x0000000784e00000,0x000000078ca919b8,0x0000000791780000)
 PSPermGen       total 68608K, used 42842K [0x000000077fc00000, 0x0000000783f00000, 0x0000000784e00000)
  object space 68608K, 62% used [0x000000077fc00000,0x00000007825d6880,0x0000000783f00000)
}

Deoptimization events (10 events):
Event: 4829.314 Thread 0x00007fde24a92800 Uncommon trap: reason=class_check action=maybe_recompile pc=0x00007fde212f80f8 method=org.objectweb.asm.ClassReader.a(Ljava/io/InputStream;Z)[B @ 16
Event: 4829.314 Thread 0x00007fde24a92800 Uncommon trap: reason=class_check action=maybe_recompile pc=0x00007fde212f80f8 method=org.objectweb.asm.ClassReader.a(Ljava/io/InputStream;Z)[B @ 16
Event: 4829.314 Thread 0x00007fde24a92800 Uncommon trap: reason=class_check action=maybe_recompile pc=0x00007fde212f80f8 method=org.objectweb.asm.ClassReader.a(Ljava/io/InputStream;Z)[B @ 16
Event: 4832.363 Thread 0x00007fde2406e000 Uncommon trap: reason=unreached action=reinterpret pc=0x00007fde213d23e8 method=org.eclipse.jetty.util.resource.JarFileResource.close()V @ 26
Event: 4832.385 Thread 0x00007fde2406e000 Uncommon trap: reason=unreached action=reinterpret pc=0x00007fde213aaadc method=org.eclipse.jetty.util.resource.URLResource.close()V @ 36
Event: 4832.385 Thread 0x00007fde2406e000 Uncommon trap: reason=unreached action=reinterpret pc=0x00007fde213d17e0 method=org.eclipse.jetty.util.resource.URLResource.close()V @ 36
Event: 4833.120 Thread 0x00007fde2587a000 Uncommon trap: reason=unreached action=reinterpret pc=0x00007fde2120469c method=java.lang.ref.SoftReference.get()Ljava/lang/Object; @ 6
Event: 4833.120 Thread 0x00007fde2587a000 Uncommon trap: reason=unreached action=reinterpret pc=0x00007fde211776b4 method=java.lang.ref.SoftReference.get()Ljava/lang/Object; @ 6
Event: 4833.120 Thread 0x00007fde2587a000 Uncommon trap: reason=unreached action=reinterpret pc=0x00007fde2107c510 method=java.lang.ref.SoftReference.get()Ljava/lang/Object; @ 6
Event: 4833.169 Thread 0x00007fde25878800 Uncommon trap: reason=unreached action=reinterpret pc=0x00007fde21316808 method=java.lang.ref.SoftReference.get()Ljava/lang/Object; @ 6

Internal exceptions (10 events):
Event: 4829.223 Thread 0x00007fde2588c000 Threw 0x00000007ddf844e0 at /HUDSON/workspace/7u-2-build-linux-amd64/jdk7u71/1605/hotspot/src/share/vm/prims/jvm.cpp:1281
Event: 4829.224 Thread 0x00007fde2588c000 Threw 0x00000007ddf84708 at /HUDSON/workspace/7u-2-build-linux-amd64/jdk7u71/1605/hotspot/src/share/vm/prims/jvm.cpp:1281
Event: 4829.224 Thread 0x00007fde2588c000 Threw 0x00000007ddf85438 at /HUDSON/workspace/7u-2-build-linux-amd64/jdk7u71/1605/hotspot/src/share/vm/prims/jvm.cpp:1281
Event: 4829.224 Thread 0x00007fde2588c000 Threw 0x00000007ddf85660 at /HUDSON/workspace/7u-2-build-linux-amd64/jdk7u71/1605/hotspot/src/share/vm/prims/jvm.cpp:1281
Event: 4829.224 Thread 0x00007fde2588c000 Threw 0x00000007ddf86330 at /HUDSON/workspace/7u-2-build-linux-amd64/jdk7u71/1605/hotspot/src/share/vm/prims/jvm.cpp:1281
Event: 4829.224 Thread 0x00007fde2588c000 Threw 0x00000007ddf86558 at /HUDSON/workspace/7u-2-build-linux-amd64/jdk7u71/1605/hotspot/src/share/vm/prims/jvm.cpp:1281
Event: 4833.120 Thread 0x00007fde2587a000 Implicit null exception at 0x00007fde212040ee to 0x00007fde21204685
Event: 4833.120 Thread 0x00007fde2587a000 Implicit null exception at 0x00007fde2107bef5 to 0x00007fde2107c4f5
Event: 4836.269 Thread 0x00007fde2588c000 Threw 0x00000007e4e19d58 at /HUDSON/workspace/7u-2-build-linux-amd64/jdk7u71/1605/hotspot/src/share/vm/prims/jvm.cpp:1281
Event: 4836.269 Thread 0x00007fde2588c000 Threw 0x00000007e4e25278 at /HUDSON/workspace/7u-2-build-linux-amd64/jdk7u71/1605/hotspot/src/share/vm/prims/jvm.cpp:1281

Events (10 events):
Event: 4834.283 Thread 0x00007fde24a87800 DEOPT PACKING pc=0x00007fde21353500 sp=0x00007fde1a91e0e0
Event: 4834.283 Thread 0x00007fde24a87800 DEOPT UNPACKING pc=0x00007fde21038e0f sp=0x00007fde1a91de28 mode 1
Event: 4834.294 Thread 0x00007fde24a87800 DEOPT PACKING pc=0x00007fde21353500 sp=0x00007fde1a91e1f0
Event: 4834.294 Thread 0x00007fde24a87800 DEOPT UNPACKING pc=0x00007fde21038e0f sp=0x00007fde1a91df38 mode 1
Event: 4834.628 Executing VM operation: ParallelGCFailedAllocation
Event: 4834.629 Executing VM operation: ParallelGCFailedAllocation done
Event: 4834.629 Executing VM operation: ParallelGCSystemGC
Event: 4834.854 Executing VM operation: ParallelGCSystemGC done
Event: 4836.270 Thread 0x00007fde2588c000 DEOPT PACKING pc=0x00007fde21353500 sp=0x00007fde18c0d7b0
Event: 4836.270 Thread 0x00007fde2588c000 DEOPT UNPACKING pc=0x00007fde21038e0f sp=0x00007fde18c0d4f8 mode 1


Dynamic libraries:
00400000-00401000 r-xp 00000000 08:07 4197626                            /usr/local/jdk1.7.0_71/bin/java
00600000-00601000 rw-p 00000000 08:07 4197626                            /usr/local/jdk1.7.0_71/bin/java
00a22000-0184c000 rw-p 00000000 00:00 0                                  [heap]
77fc00000-783f00000 rw-p 00000000 00:00 0 
783f00000-784e00000 rw-p 00000000 00:00 0 
784e00000-791780000 rw-p 00000000 00:00 0 
791780000-7d6f00000 rw-p 00000000 00:00 0 
7d6f00000-800000000 rw-p 00000000 00:00 0 
7fddd8000000-7fddda4ee000 rw-p 00000000 00:00 0 
7fddda4ee000-7fdddc000000 ---p 00000000 00:00 0 
7fdddc000000-7fdddd2b3000 rw-p 00000000 00:00 0 
7fdddd2b3000-7fdde0000000 ---p 00000000 00:00 0 
7fdde0000000-7fdde0852000 rw-p 00000000 00:00 0 
7fdde0852000-7fdde4000000 ---p 00000000 00:00 0 
7fdde4000000-7fdde4397000 rw-p 00000000 00:00 0 
7fdde4397000-7fdde8000000 ---p 00000000 00:00 0 
7fdde8000000-7fddebffb000 rw-p 00000000 00:00 0 
7fddebffb000-7fddec000000 ---p 00000000 00:00 0 
7fddec000000-7fddee02a000 rw-p 00000000 00:00 0 
7fddee02a000-7fddf0000000 ---p 00000000 00:00 0 
7fddf0000000-7fddf18db000 rw-p 00000000 00:00 0 
7fddf18db000-7fddf4000000 ---p 00000000 00:00 0 
7fddf4000000-7fddf4b9a000 rw-p 00000000 00:00 0 
7fddf4b9a000-7fddf8000000 ---p 00000000 00:00 0 
7fddf8000000-7fddf8254000 rw-p 00000000 00:00 0 
7fddf8254000-7fddfc000000 ---p 00000000 00:00 0 
7fddfc000000-7fddfc021000 rw-p 00000000 00:00 0 
7fddfc021000-7fde00000000 ---p 00000000 00:00 0 
7fde00000000-7fde00047000 rw-p 00000000 00:00 0 
7fde00047000-7fde04000000 ---p 00000000 00:00 0 
7fde04000000-7fde04ccb000 rw-p 00000000 00:00 0 
7fde04ccb000-7fde08000000 ---p 00000000 00:00 0 
7fde08000000-7fde0805a000 rw-p 00000000 00:00 0 
7fde0805a000-7fde0c000000 ---p 00000000 00:00 0 
7fde0ffe0000-7fde14000000 rw-p 00000000 00:00 0 
7fde14000000-7fde14039000 rw-p 00000000 00:00 0 
7fde14039000-7fde18000000 ---p 00000000 00:00 0 
7fde18a0f000-7fde18a12000 ---p 00000000 00:00 0 
7fde18a12000-7fde18b10000 rw-p 00000000 00:00 0                          [stack:20944]
7fde18b10000-7fde18b13000 ---p 00000000 00:00 0 
7fde18b13000-7fde18c11000 rw-p 00000000 00:00 0                          [stack:17938]
7fde18c11000-7fde18c14000 ---p 00000000 00:00 0 
7fde18c14000-7fde18d12000 rw-p 00000000 00:00 0                          [stack:17937]
7fde18d12000-7fde18d15000 ---p 00000000 00:00 0 
7fde18d15000-7fde18e13000 rw-p 00000000 00:00 0                          [stack:18080]
7fde18e13000-7fde18e16000 ---p 00000000 00:00 0 
7fde18e16000-7fde18f14000 rw-p 00000000 00:00 0                          [stack:17933]
7fde18f14000-7fde18f17000 ---p 00000000 00:00 0 
7fde18f17000-7fde19015000 rw-p 00000000 00:00 0                          [stack:17931]
7fde19015000-7fde19018000 ---p 00000000 00:00 0 
7fde19018000-7fde19116000 rw-p 00000000 00:00 0                          [stack:20942]
7fde19116000-7fde19119000 ---p 00000000 00:00 0 
7fde19119000-7fde19217000 rw-p 00000000 00:00 0                          [stack:17929]
7fde19217000-7fde1921a000 ---p 00000000 00:00 0 
7fde1921a000-7fde19318000 rw-p 00000000 00:00 0                          [stack:17926]
7fde19318000-7fde1931b000 ---p 00000000 00:00 0 
7fde1931b000-7fde19419000 rw-p 00000000 00:00 0                          [stack:17925]
7fde19419000-7fde1941c000 ---p 00000000 00:00 0 
7fde1941c000-7fde1951a000 rw-p 00000000 00:00 0                          [stack:17924]
7fde1951a000-7fde1951d000 ---p 00000000 00:00 0 
7fde1951d000-7fde1961b000 rw-p 00000000 00:00 0                          [stack:17923]
7fde1961b000-7fde1961e000 ---p 00000000 00:00 0 
7fde1961e000-7fde1971c000 rw-p 00000000 00:00 0                          [stack:17916]
7fde1971c000-7fde19727000 r--s 0037c000 08:07 4197790                    /usr/local/jdk1.7.0_71/jre/lib/charsets.jar
7fde197a3000-7fde197a4000 rw-p 00000000 00:00 0 
7fde197a4000-7fde197a9000 r--s 00036000 08:07 5123784                    /home/songlinyang/.m2/repository/com/lezhai365/pms-model/1.2.4-SNAPSHOT/pms-model-1.2.4-SNAPSHOT.jar
7fde197a9000-7fde197ac000 r--s 00007000 08:07 5123791                    /home/songlinyang/.m2/repository/com/lezhai365/pms-spi/1.2.4-SNAPSHOT/pms-spi-1.2.4-SNAPSHOT.jar
7fde197ac000-7fde197af000 ---p 00000000 00:00 0 
7fde197af000-7fde198ad000 rw-p 00000000 00:00 0                          [stack:17922]
7fde198ad000-7fde198b0000 ---p 00000000 00:00 0 
7fde198b0000-7fde199ae000 rw-p 00000000 00:00 0                          [stack:17921]
7fde199ae000-7fde199b1000 ---p 00000000 00:00 0 
7fde199b1000-7fde19aaf000 rw-p 00000000 00:00 0                          [stack:17920]
7fde19aaf000-7fde19ab2000 ---p 00000000 00:00 0 
7fde19ab2000-7fde19bb0000 rw-p 00000000 00:00 0                          [stack:17919]
7fde19bb0000-7fde19bb3000 ---p 00000000 00:00 0 
7fde19bb3000-7fde19cb1000 rw-p 00000000 00:00 0                          [stack:17918]
7fde19cb1000-7fde19cb4000 ---p 00000000 00:00 0 
7fde19cb4000-7fde19db2000 rw-p 00000000 00:00 0                          [stack:17917]
7fde19db2000-7fde19db5000 ---p 00000000 00:00 0 
7fde19db5000-7fde19eb3000 rw-p 00000000 00:00 0                          [stack:20943]
7fde19eb3000-7fde19eb6000 r--s 00019000 08:07 4197792                    /usr/local/jdk1.7.0_71/jre/lib/jce.jar
7fde19eb6000-7fde19ed1000 r--s 00132000 08:07 4458044                    /home/songlinyang/.m2/repository/com/alibaba/dubbo/2.5.3/dubbo-2.5.3.jar
7fde19ed1000-7fde19ed3000 r--s 00007000 08:07 4458671                    /home/songlinyang/.m2/repository/javax/cache/cache-api/0.4/cache-api-0.4.jar
7fde19ed3000-7fde19edc000 r--s 00051000 08:07 4325672                    /home/songlinyang/.m2/repository/org/hibernate/hibernate-validator/4.2.0.Final/hibernate-validator-4.2.0.Final.jar
7fde19edc000-7fde19edf000 r--s 00009000 08:07 4458708                    /home/songlinyang/.m2/repository/javax/validation/validation-api/1.0.0.GA/validation-api-1.0.0.GA.jar
7fde19edf000-7fde19ee2000 r--s 00018000 08:07 4457466                    /home/songlinyang/.m2/repository/org/apache/commons/commons-pool2/2.0/commons-pool2-2.0.jar
7fde19ee2000-7fde19ee9000 r--s 00044000 08:07 4457464                    /home/songlinyang/.m2/repository/redis/clients/jedis/2.4.0/jedis-2.4.0.jar
7fde19ee9000-7fde19eeb000 r--s 00005000 08:07 4458669                    /home/songlinyang/.m2/repository/org/slf4j/slf4j-api/1.6.2/slf4j-api-1.6.2.jar
7fde19eeb000-7fde19eed000 r--s 00018000 08:07 4458629                    /home/songlinyang/.m2/repository/javax/servlet/servlet-api/2.5/servlet-api-2.5.jar
7fde19eed000-7fde19ef5000 r--s 00056000 08:07 4458477                    /home/songlinyang/.m2/repository/com/caucho/hessian/4.0.7/hessian-4.0.7.jar
7fde19ef5000-7fde19efa000 r--s 00041000 08:07 4458356                    /home/songlinyang/.m2/repository/commons-lang/commons-lang/2.6/commons-lang-2.6.jar
7fde19efa000-7fde19f01000 r--s 0004c000 08:07 4458400                    /home/songlinyang/.m2/repository/org/apache/thrift/libthrift/0.8.0/libthrift-0.8.0.jar
7fde19f01000-7fde19f06000 r--s 00030000 08:07 4458399                    /home/songlinyang/.m2/repository/org/apache/cxf/cxf-rt-transports-http/2.6.1/cxf-rt-transports-http-2.6.1.jar
7fde19f06000-7fde19f08000 r--s 00019000 08:07 4458398                    /home/songlinyang/.m2/repository/org/apache/cxf/cxf-rt-databinding-jaxb/2.6.1/cxf-rt-databinding-jaxb-2.6.1.jar
7fde19f08000-7fde19f0c000 r--s 0002a000 08:07 4458396                    /home/songlinyang/.m2/repository/org/apache/cxf/cxf-rt-bindings-soap/2.6.1/cxf-rt-bindings-soap-2.6.1.jar
7fde19f0c000-7fde19f21000 r--s 000f9000 08:07 4458395                    /home/songlinyang/.m2/repository/com/sun/xml/bind/jaxb-impl/2.2.5/jaxb-impl-2.2.5.jar
7fde19f21000-7fde19f28000 r--s 00050000 08:07 4458393                    /home/songlinyang/.m2/repository/org/apache/cxf/cxf-rt-core/2.6.1/cxf-rt-core-2.6.1.jar
7fde19f28000-7fde19f2d000 r--s 00020000 08:07 4458392                    /home/songlinyang/.m2/repository/wsdl4j/wsdl4j/1.6.2/wsdl4j-1.6.2.jar
7fde19f2d000-7fde19f32000 r--s 00032000 08:07 4458390                    /home/songlinyang/.m2/repository/org/apache/geronimo/specs/geronimo-javamail_1.4_spec/1.7.1/geronimo-javamail_1.4_spec-1.7.1.jar
7fde19f32000-7fde19f36000 r--s 00024000 08:07 4458388                    /home/songlinyang/.m2/repository/org/apache/ws/xmlschema/xmlschema-core/2.0.2/xmlschema-core-2.0.2.jar
7fde19f36000-7fde19f3a000 r--s 00029000 08:07 4458386                    /home/songlinyang/.m2/repository/org/codehaus/woodstox/stax2-api/3.1.1/stax2-api-3.1.1.jar
7fde19f3a000-7fde19f3f000 r--s 00070000 08:07 4458382                    /home/songlinyang/.m2/repository/org/codehaus/woodstox/woodstox-core-asl/4.1.2/woodstox-core-asl-4.1.2.jar
7fde19f3f000-7fde19f52000 r--s 000de000 08:07 4458379                    /home/songlinyang/.m2/repository/org/apache/cxf/cxf-api/2.6.1/cxf-api-2.6.1.jar
7fde19f52000-7fde19f54000 r--s 0000e000 08:07 4458377                    /home/songlinyang/.m2/repository/org/apache/cxf/cxf-rt-frontend-simple/2.6.1/cxf-rt-frontend-simple-2.6.1.jar
7fde19f54000-7fde19f5d000 r--s 0005f000 08:07 4458375                    /home/songlinyang/.m2/repository/com/googlecode/xmemcached/xmemcached/1.3.6/xmemcached-1.3.6.jar
7fde19f5d000-7fde19f60000 r--s 00006000 08:07 4458373                    /home/songlinyang/.m2/repository/com/google/code/findbugs/jsr305/1.3.9/jsr305-1.3.9.jar
7fde19f60000-7fde19f80000 r--s 00173000 08:07 4458372                    /home/songlinyang/.m2/repository/com/google/guava/guava/11.0.1/guava-11.0.1.jar
7fde19f80000-7fde19f82000 r--s 00009000 08:07 4458353                    /home/songlinyang/.m2/repository/com/netflix/curator/curator-client/1.1.16/curator-client-1.1.16.jar
7fde19f82000-7fde19f86000 r--s 0001c000 08:07 4458286                    /home/songlinyang/.m2/repository/com/netflix/curator/curator-framework/1.1.16/curator-framework-1.1.16.jar
7fde19f86000-7fde19f88000 r--s 0000e000 08:07 4458082                    /home/songlinyang/.m2/repository/com/github/sgroschupf/zkclient/0.1/zkclient-0.1.jar
7fde19f88000-7fde19f8a000 r--s 00014000 08:07 4458078                    /home/songlinyang/.m2/repository/jline/jline/0.9.94/jline-0.9.94.jar
7fde19f8a000-7fde19f93000 r--s 0006d000 08:07 4458358                    /home/songlinyang/.m2/repository/log4j/log4j/1.2.16/log4j-1.2.16.jar
7fde19f93000-7fde19f94000 r--s 00002000 08:07 4457467                    /home/songlinyang/.m2/repository/org/slf4j/slf4j-log4j12/1.6.2/slf4j-log4j12-1.6.2.jar
7fde19f94000-7fde19fa0000 r--s 000b3000 08:07 4458076                    /home/songlinyang/.m2/repository/org/apache/zookeeper/zookeeper/3.4.5/zookeeper-3.4.5.jar
7fde19fa0000-7fde19fa1000 r--s 00004000 08:07 4458074                    /home/songlinyang/.m2/repository/org/apache/bsf/bsf-api/3.1/bsf-api-3.1.jar
7fde19fa1000-7fde19fa7000 r--s 00052000 08:07 4458360                    /home/songlinyang/.m2/repository/com/alibaba/fastjson/1.1.37/fastjson-1.1.37.jar
7fde19fa7000-7fde19fad000 r--s 0003f000 08:07 4457453                    /home/songlinyang/.m2/repository/org/apache/httpcomponents/httpcore/4.3/httpcore-4.3.jar
7fde19fad000-7fde19fb8000 r--s 00084000 08:07 4458062                    /home/songlinyang/.m2/repository/org/apache/httpcomponents/httpclient/4.3.1/httpclient-4.3.1.jar
7fde19fb8000-7fde19fb9000 r--s 00001000 08:07 4458061                    /home/songlinyang/.m2/repository/org/glassfish/grizzly/grizzly-rcm/2.1.4/grizzly-rcm-2.1.4.jar
7fde19fb9000-7fde19fbb000 r--s 00003000 08:07 4458060                    /home/songlinyang/.m2/repository/org/glassfish/grizzly/grizzly-portunif/2.1.4/grizzly-portunif-2.1.4.jar
7fde19fbb000-7fde19fbd000 r--s 00009000 08:07 4458058                    /home/songlinyang/.m2/repository/org/glassfish/external/management-api/3.0.0-b012/management-api-3.0.0-b012.jar
7fde19fbd000-7fde19fbf000 r--s 00004000 08:07 4458056                    /home/songlinyang/.m2/repository/org/glassfish/gmbal/gmbal-api-only/3.0.0-b023/gmbal-api-only-3.0.0-b023.jar
7fde19fbf000-7fde19fcc000 r--s 0009c000 08:07 4458054                    /home/songlinyang/.m2/repository/org/glassfish/grizzly/grizzly-framework/2.1.4/grizzly-framework-2.1.4.jar
7fde19fcc000-7fde19fda000 r--s 0009f000 08:07 4458052                    /home/songlinyang/.m2/repository/org/glassfish/grizzly/grizzly-core/2.1.4/grizzly-core-2.1.4.jar
7fde19fda000-7fde19fe2000 r--s 00046000 08:07 4458050                    /home/songlinyang/.m2/repository/org/apache/mina/mina-core/1.1.7/mina-core-1.1.7.jar
7fde19fe2000-7fde19ff2000 r--s 000b2000 08:07 4458047                    /home/songlinyang/.m2/repository/org/jboss/netty/netty/3.2.5.Final/netty-3.2.5.Final.jar
7fde19ff2000-7fde19ffb000 r--s 00096000 08:07 4458045                    /home/songlinyang/.m2/repository/org/javassist/javassist/3.15.0-GA/javassist-3.15.0-GA.jar
7fde19ffb000-7fde19ffe000 r--s 00013000 08:07 4457460                    /home/songlinyang/.m2/repository/commons-io/commons-io/1.3.2/commons-io-1.3.2.jar
7fde19ffe000-7fde1a000000 r--s 0000d000 08:07 4457406                    /home/songlinyang/.m2/repository/commons-fileupload/commons-fileupload/1.2.2/commons-fileupload-1.2.2.jar
7fde1a000000-7fde1a00e000 r--s 000b2000 08:07 4590969                    /home/songlinyang/.m2/repository/org/codehaus/jackson/jackson-mapper-lgpl/1.9.10/jackson-mapper-lgpl-1.9.10.jar
7fde1a00e000-7fde1a012000 r--s 00036000 08:07 4590967                    /home/songlinyang/.m2/repository/org/codehaus/jackson/jackson-core-lgpl/1.9.10/jackson-core-lgpl-1.9.10.jar
7fde1a012000-7fde1a016000 r--s 0002f000 08:07 4588522                    /home/songlinyang/.m2/repository/commons-beanutils/commons-beanutils-core/1.8.3/commons-beanutils-core-1.8.3.jar
7fde1a016000-7fde1a018000 r--s 00018000 08:07 4590965                    /home/songlinyang/.m2/repository/org/eclipse/jetty/orbit/javax.servlet.jsp/2.2.0.v201112011158/javax.servlet.jsp-2.2.0.v201112011158.jar
7fde1a018000-7fde1a01b000 r--s 0002e000 08:07 4457443                    /home/songlinyang/.m2/repository/org/eclipse/jetty/orbit/javax.servlet/3.0.0.v201112011016/javax.servlet-3.0.0.v201112011016.jar
7fde1a01b000-7fde1a022000 r--s 0008a000 08:07 4590963                    /home/songlinyang/.m2/repository/org/eclipse/jetty/orbit/org.apache.jasper.glassfish/2.2.2.v201112011158/org.apache.jasper.glassfish-2.2.2.v201112011158.jar
7fde1a022000-7fde1a02a000 r--s 00061000 08:07 4590959                    /home/songlinyang/.m2/repository/org/eclipse/jetty/orbit/org.apache.taglibs.standard.glassfish/1.2.0.v201112081803/org.apache.taglibs.standard.glassfish-1.2.0.v201112081803.jar
7fde1a02a000-7fde1a034000 r--s 0005c000 08:07 4590957                    /home/songlinyang/.m2/repository/javax/servlet/jstl/1.2/jstl-1.2.jar
7fde1a034000-7fde1a04a000 r--s 00181000 08:07 4458041                    /home/songlinyang/.m2/repository/org/aspectj/aspectjweaver/1.6.9/aspectjweaver-1.6.9.jar
7fde1a04a000-7fde1a04f000 r--s 00018000 08:07 4458038                    /home/songlinyang/.m2/repository/org/aspectj/aspectjrt/1.6.9/aspectjrt-1.6.9.jar
7fde1a04f000-7fde1a054000 r--s 0002c000 08:07 4458036                    /home/songlinyang/.m2/repository/org/springframework/spring-expression/3.2.4.RELEASE/spring-expression-3.2.4.RELEASE.jar
7fde1a054000-7fde1a060000 r--s 00090000 08:07 4590955                    /home/songlinyang/.m2/repository/org/springframework/spring-webmvc/3.2.4.RELEASE/spring-webmvc-3.2.4.RELEASE.jar
7fde1a060000-7fde1a074000 r--s 000bf000 08:07 4458032                    /home/songlinyang/.m2/repository/org/springframework/spring-context/3.2.4.RELEASE/spring-context-3.2.4.RELEASE.jar
7fde1a074000-7fde1a080000 r--s 00089000 08:07 4457482                    /home/songlinyang/.m2/repository/org/springframework/spring-beans/3.2.4.RELEASE/spring-beans-3.2.4.RELEASE.jar
7fde1a080000-7fde1a088000 r--s 0004a000 08:07 4458034                    /home/songlinyang/.m2/repository/org/springframework/spring-aop/3.2.4.RELEASE/spring-aop-3.2.4.RELEASE.jar
7fde1a088000-7fde1a08a000 r--s 00000000 08:07 4457480                    /home/songlinyang/.m2/repository/aopalliance/aopalliance/1.0/aopalliance-1.0.jar
7fde1a08a000-7fde1a098000 r--s 0008b000 08:07 4590953                    /home/songlinyang/.m2/repository/org/springframework/spring-web/3.2.4.RELEASE/spring-web-3.2.4.RELEASE.jar
7fde1a098000-7fde1a09a000 r--s 0000d000 08:07 4329818                    /home/songlinyang/.m2/repository/commons-logging/commons-logging/1.1.1/commons-logging-1.1.1.jar
7fde1a09a000-7fde1a0ac000 r--s 000c3000 08:07 4329817                    /home/songlinyang/.m2/repository/org/springframework/spring-core/3.2.4.RELEASE/spring-core-3.2.4.RELEASE.jar
7fde1a0ac000-7fde1a0b1000 r--s 0003c000 08:07 4458030                    /home/songlinyang/.m2/repository/com/mongodb/mongo-java-driver/2.7.1/mongo-java-driver-2.7.1.jar
7fde1a0b1000-7fde1a0b3000 r--s 00001000 08:07 5123803                    /home/songlinyang/.m2/repository/com/lezhai365/lezhai365-nosql/1.2.1/lezhai365-nosql-1.2.1.jar
7fde1a0b3000-7fde1a0b8000 r--s 00038000 08:07 4457470                    /home/songlinyang/.m2/repository/de/ruedigermoeller/fst/1.35/fst-1.35.jar
7fde1a0b8000-7fde1a0b9000 r--s 00002000 08:07 5123758                    /home/songlinyang/.m2/repository/com/lezhai365/lezhai365-cache/1.2.1/lezhai365-cache-1.2.1.jar
7fde1a0b9000-7fde1a0ba000 r--s 00002000 08:07 5123762                    /home/songlinyang/.m2/repository/com/lezhai365/common-config/1.2.2/common-config-1.2.2.jar
7fde1a0ba000-7fde1a0bc000 r--s 0000d000 08:07 4590951                    /home/songlinyang/.m2/repository/org/csource/fastdfs-client/1.2.4/fastdfs-client-1.2.4.jar
7fde1a0bc000-7fde1a0be000 r--s 00004000 08:07 4590949                    /home/songlinyang/.m2/repository/org/csource/fastdht-client/1.03/fastdht-client-1.03.jar
7fde1a0be000-7fde1a0bf000 r--s 00001000 08:07 4590947                    /home/songlinyang/.m2/repository/org/csource/myfastdfs/1.0.1/myfastdfs-1.0.1.jar
7fde1a0bf000-7fde1a0c0000 r--s 00004000 08:07 5123868                    /home/songlinyang/.m2/repository/com/lezhai365/common-web/1.2.2/common-web-1.2.2.jar
7fde1a0c0000-7fde1a0c2000 r--s 00005000 08:07 4458072                    /home/songlinyang/.m2/repository/xpp3/xpp3_min/1.1.4c/xpp3_min-1.1.4c.jar
7fde1a0c2000-7fde1a0c3000 r--s 00001000 08:07 4458071                    /home/songlinyang/.m2/repository/xmlpull/xmlpull/1.1.3.1/xmlpull-1.1.3.1.jar
7fde1a0c3000-7fde1a0d0000 r--s 00070000 08:07 4461913                    /home/songlinyang/.m2/repository/com/thoughtworks/xstream/xstream/1.4.5/xstream-1.4.5.jar
7fde1a0d0000-7fde1a0d7000 r--s 0003a000 08:07 4461690                    /home/songlinyang/.m2/repository/commons-codec/commons-codec/1.9/commons-codec-1.9.jar
7fde1a0d7000-7fde1a0ef000 r--s 00115000 08:07 5123893                    /home/songlinyang/.m2/repository/io/netty/netty/3.9.0.Final/netty-3.9.0.Final.jar
7fde1a0ef000-7fde1a0f9000 r--s 00076000 08:07 4986120                    /home/songlinyang/.m2/repository/com/ning/async-http-client/1.8.3/async-http-client-1.8.3.jar
7fde1a0f9000-7fde1a0fb000 r--s 0000d000 08:07 5123820                    /home/songlinyang/.m2/repository/com/lezhai365/sns-model/1.2.4-SNAPSHOT/sns-model-1.2.4-SNAPSHOT.jar
7fde1a0fb000-7fde1a0fd000 r--s 00005000 08:07 5123760                    /home/songlinyang/.m2/repository/com/lezhai365/common-utils/1.2.2/common-utils-1.2.2.jar
7fde1a0fd000-7fde1a0ff000 r--s 00002000 08:07 5123827                    /home/songlinyang/.m2/repository/com/lezhai365/sns-spi/1.2.4-SNAPSHOT/sns-spi-1.2.4-SNAPSHOT.jar
7fde1a0ff000-7fde1a100000 r--s 00002000 08:07 5123713                    /home/songlinyang/.m2/repository/com/lezhai365/base-spi/1.2.4-SNAPSHOT/base-spi-1.2.4-SNAPSHOT.jar
7fde1a100000-7fde1a102000 r--s 0000c000 08:07 5123706                    /home/songlinyang/.m2/repository/com/lezhai365/base-model/1.2.4-SNAPSHOT/base-model-1.2.4-SNAPSHOT.jar
7fde1a102000-7fde1a104000 r--s 00002000 08:07 5123703                    /home/songlinyang/.m2/repository/com/lezhai365/common-model/1.2.2/common-model-1.2.2.jar
7fde1a104000-7fde1a107000 r--s 0000b000 08:07 4329796                    /home/songlinyang/.m2/repository/javax/persistence/persistence-api/1.0.2/persistence-api-1.0.2.jar
7fde1a107000-7fde1a10c000 r--s 00035000 08:07 5123784                    /home/songlinyang/.m2/repository/com/lezhai365/pms-model/1.2.4-SNAPSHOT/pms-model-1.2.4-SNAPSHOT.jar
7fde1a10c000-7fde1a10e000 r--s 00007000 08:07 5123791                    /home/songlinyang/.m2/repository/com/lezhai365/pms-spi/1.2.4-SNAPSHOT/pms-spi-1.2.4-SNAPSHOT.jar
7fde1a10e000-7fde1a118000 r--s 00251000 08:07 4198388                    /usr/local/jdk1.7.0_71/jre/lib/resources.jar
7fde1a118000-7fde1a11b000 ---p 00000000 00:00 0 
7fde1a11b000-7fde1a219000 rw-p 00000000 00:00 0                          [stack:17912]
7fde1a219000-7fde1a21c000 ---p 00000000 00:00 0 
7fde1a21c000-7fde1a31a000 rw-p 00000000 00:00 0                          [stack:17911]
7fde1a31a000-7fde1a31d000 ---p 00000000 00:00 0 
7fde1a31d000-7fde1a41b000 rw-p 00000000 00:00 0                          [stack:17910]
7fde1a41b000-7fde1a41e000 ---p 00000000 00:00 0 
7fde1a41e000-7fde1a51c000 rw-p 00000000 00:00 0                          [stack:17909]
7fde1a51c000-7fde1a51f000 ---p 00000000 00:00 0 
7fde1a51f000-7fde1a61d000 rw-p 00000000 00:00 0 
7fde1a61d000-7fde1a620000 ---p 00000000 00:00 0 
7fde1a620000-7fde1a71e000 rw-p 00000000 00:00 0                          [stack:17907]
7fde1a71e000-7fde1a721000 ---p 00000000 00:00 0 
7fde1a721000-7fde1a81f000 rw-p 00000000 00:00 0                          [stack:17906]
7fde1a81f000-7fde1a822000 ---p 00000000 00:00 0 
7fde1a822000-7fde1a920000 rw-p 00000000 00:00 0                          [stack:17905]
7fde1a920000-7fde1a928000 r-xp 00000000 08:07 4198329                    /usr/local/jdk1.7.0_71/jre/lib/amd64/libmanagement.so
7fde1a928000-7fde1ab27000 ---p 00008000 08:07 4198329                    /usr/local/jdk1.7.0_71/jre/lib/amd64/libmanagement.so
7fde1ab27000-7fde1ab28000 rw-p 00007000 08:07 4198329                    /usr/local/jdk1.7.0_71/jre/lib/amd64/libmanagement.so
7fde1ab28000-7fde1ab2a000 r--s 00006000 08:07 4718854                    /home/songlinyang/.m2/repository/javax/transaction/javax.transaction-api/1.2/javax.transaction-api-1.2.jar
7fde1ab2a000-7fde1ab39000 r--s 001a0000 08:07 4718852                    /home/songlinyang/.m2/repository/org/eclipse/jetty/orbit/org.eclipse.jdt.core/3.8.2.v20130121/org.eclipse.jdt.core-3.8.2.v20130121.jar
7fde1ab39000-7fde1ab3d000 r--s 00033000 08:07 4718850                    /home/songlinyang/.m2/repository/org/glassfish/javax.el/3.0.0/javax.el-3.0.0.jar
7fde1ab3d000-7fde1ab46000 r--s 0005b000 08:07 4718848                    /home/songlinyang/.m2/repository/org/glassfish/web/javax.servlet.jsp.jstl/1.2.2/javax.servlet.jsp.jstl-1.2.2.jar
7fde1ab46000-7fde1ab48000 r--s 0000b000 08:07 4590961                    /home/songlinyang/.m2/repository/org/eclipse/jetty/orbit/javax.servlet.jsp.jstl/1.2.0.v201105211821/javax.servlet.jsp.jstl-1.2.0.v201105211821.jar
7fde1ab48000-7fde1ab4f000 r--s 0007f000 08:07 4718846                    /home/songlinyang/.m2/repository/org/glassfish/web/javax.servlet.jsp/2.3.2/javax.servlet.jsp-2.3.2.jar
7fde1ab4f000-7fde1ab51000 r--s 0000b000 08:07 4458362                    /home/songlinyang/.m2/repository/javax/servlet/jsp/javax.servlet.jsp-api/2.3.1/javax.servlet.jsp-api-2.3.1.jar
7fde1ab51000-7fde1ab53000 r--s 0002c000 08:07 4718844                    /home/songlinyang/.m2/repository/org/eclipse/jetty/toolchain/jetty-schemas/3.1.M0/jetty-schemas-3.1.M0.jar
7fde1ab53000-7fde1ab54000 r--s 00000000 08:07 4718842                    /home/songlinyang/.m2/repository/org/eclipse/jetty/jetty-jsp/9.1.3.v20140225/jetty-jsp-9.1.3.v20140225.jar
7fde1ab54000-7fde1ab56000 r--s 00003000 08:07 4718840                    /home/songlinyang/.m2/repository/org/eclipse/jetty/websocket/websocket-servlet/9.1.3.v20140225/websocket-servlet-9.1.3.v20140225.jar
7fde1ab56000-7fde1ab58000 r--s 00007000 08:07 4718839                    /home/songlinyang/.m2/repository/org/eclipse/jetty/websocket/websocket-client/9.1.3.v20140225/websocket-client-9.1.3.v20140225.jar
7fde1ab58000-7fde1ab5a000 r--s 00009000 08:07 4718836                    /home/songlinyang/.m2/repository/org/eclipse/jetty/websocket/websocket-api/9.1.3.v20140225/websocket-api-9.1.3.v20140225.jar
7fde1ab5a000-7fde1ab5f000 r--s 00025000 08:07 4718834                    /home/songlinyang/.m2/repository/org/eclipse/jetty/websocket/websocket-common/9.1.3.v20140225/websocket-common-9.1.3.v20140225.jar
7fde1ab5f000-7fde1ab61000 r--s 00007000 08:07 4718832                    /home/songlinyang/.m2/repository/org/eclipse/jetty/websocket/websocket-server/9.1.3.v20140225/websocket-server-9.1.3.v20140225.jar
7fde1ab61000-7fde1ab63000 r--s 00007000 08:07 4718831                    /home/songlinyang/.m2/repository/javax/websocket/javax.websocket-api/1.0/javax.websocket-api-1.0.jar
7fde1ab63000-7fde1ab68000 r--s 00022000 08:07 4718828                    /home/songlinyang/.m2/repository/org/eclipse/jetty/websocket/javax-websocket-client-impl/9.1.3.v20140225/javax-websocket-client-impl-9.1.3.v20140225.jar
7fde1ab68000-7fde1ab69000 r--s 00008000 08:07 4718826                    /home/songlinyang/.m2/repository/org/eclipse/jetty/websocket/javax-websocket-server-impl/9.1.3.v20140225/javax-websocket-server-impl-9.1.3.v20140225.jar
7fde1ab69000-7fde1ab6b000 r--s 00004000 08:07 4718824                    /home/songlinyang/.m2/repository/org/ow2/asm/asm-tree/4.1/asm-tree-4.1.jar
7fde1ab6b000-7fde1ab6d000 r--s 00008000 08:07 4457447                    /home/songlinyang/.m2/repository/org/ow2/asm/asm-commons/4.1/asm-commons-4.1.jar
7fde1ab6d000-7fde1ab6e000 r--s 0000b000 08:07 4457445                    /home/songlinyang/.m2/repository/org/ow2/asm/asm/4.1/asm-4.1.jar
7fde1ab6e000-7fde1ab70000 r--s 00005000 08:07 4718822                    /home/songlinyang/.m2/repository/javax/annotation/javax.annotation-api/1.2/javax.annotation-api-1.2.jar
7fde1ab70000-7fde1ab73000 r--s 00011000 08:07 4718820                    /home/songlinyang/.m2/repository/org/eclipse/jetty/jetty-annotations/9.1.3.v20140225/jetty-annotations-9.1.3.v20140225.jar
7fde1ab73000-7fde1ab74000 r--s 00005000 08:07 4718818                    /home/songlinyang/.m2/repository/org/eclipse/jetty/jetty-jmx/9.1.3.v20140225/jetty-jmx-9.1.3.v20140225.jar
7fde1ab74000-7fde1ab77000 r--s 00016000 08:07 4718816                    /home/songlinyang/.m2/repository/org/eclipse/jetty/jetty-io/9.1.3.v20140225/jetty-io-9.1.3.v20140225.jar
7fde1ab77000-7fde1ab7a000 r--s 00017000 08:07 4718814                    /home/songlinyang/.m2/repository/org/eclipse/jetty/jetty-http/9.1.3.v20140225/jetty-http-9.1.3.v20140225.jar
7fde1ab7a000-7fde1ab7d000 r--s 00015000 08:07 4718801                    /home/songlinyang/.m2/repository/javax/servlet/javax.servlet-api/3.1.0/javax.servlet-api-3.1.0.jar
7fde1ab7d000-7fde1ab83000 r--s 0005d000 08:07 4591119                    /home/songlinyang/.m2/repository/org/eclipse/jetty/jetty-server/9.1.3.v20140225/jetty-server-9.1.3.v20140225.jar
7fde1ab83000-7fde1ab85000 r--s 00009000 08:07 4718810                    /home/songlinyang/.m2/repository/org/eclipse/jetty/jetty-jndi/9.1.3.v20140225/jetty-jndi-9.1.3.v20140225.jar
7fde1ab85000-7fde1ab87000 r--s 0000c000 08:07 4718808                    /home/songlinyang/.m2/repository/org/eclipse/jetty/jetty-plus/9.1.3.v20140225/jetty-plus-9.1.3.v20140225.jar
7fde1ab87000-7fde1ab8a000 r--s 00015000 08:07 4459603                    /home/songlinyang/.m2/repository/org/eclipse/jetty/jetty-security/9.1.3.v20140225/jetty-security-9.1.3.v20140225.jar
7fde1ab8a000-7fde1ab8c000 r--s 00008000 08:07 4718806                    /home/songlinyang/.m2/repository/org/eclipse/jetty/jetty-jaas/9.1.3.v20140225/jetty-jaas-9.1.3.v20140225.jar
7fde1ab8c000-7fde1ab8f000 r--s 00019000 08:07 4718804                    /home/songlinyang/.m2/repository/org/eclipse/jetty/jetty-servlet/9.1.3.v20140225/jetty-servlet-9.1.3.v20140225.jar
7fde1ab8f000-7fde1ab90000 r--s 0000a000 08:07 4718802                    /home/songlinyang/.m2/repository/org/eclipse/jetty/jetty-xml/9.1.3.v20140225/jetty-xml-9.1.3.v20140225.jar
7fde1ab90000-7fde1ab92000 r--s 0001a000 08:07 4718800                    /home/songlinyang/.m2/repository/org/eclipse/jetty/jetty-webapp/9.1.3.v20140225/jetty-webapp-9.1.3.v20140225.jar
7fde1ab92000-7fde1ab97000 r--s 0004d000 08:07 4718798                    /home/songlinyang/.m2/repository/org/eclipse/jetty/jetty-util/9.1.3.v20140225/jetty-util-9.1.3.v20140225.jar
7fde1ab97000-7fde1ab9f000 r--s 00049000 08:07 4459403                    /home/songlinyang/.m2/repository/backport-util-concurrent/backport-util-concurrent/3.1/backport-util-concurrent-3.1.jar
7fde1ab9f000-7fde1aba0000 r--s 00005000 08:07 4718796                    /home/songlinyang/.m2/repository/org/apache/maven/plugin-tools/maven-plugin-tools-api/3.1/maven-plugin-tools-api-3.1.jar
7fde1aba0000-7fde1aba2000 r--s 00002000 08:07 4459400                    /home/songlinyang/.m2/repository/org/sonatype/plexus/plexus-cipher/1.4/plexus-cipher-1.4.jar
7fde1aba2000-7fde1aba3000 r--s 00006000 08:07 4459398                    /home/songlinyang/.m2/repository/org/sonatype/plexus/plexus-sec-dispatcher/1.3/plexus-sec-dispatcher-1.3.jar
7fde1aba3000-7fde1aba5000 r--s 0000d000 08:07 4459396                    /home/songlinyang/.m2/repository/org/codehaus/plexus/plexus-interpolation/1.14/plexus-interpolation-1.14.jar
7fde1aba5000-7fde1aba9000 r--s 0001a000 08:07 4718794                    /home/songlinyang/.m2/repository/org/sonatype/aether/aether-util/1.11/aether-util-1.11.jar
7fde1aba9000-7fde1abad000 r--s 00033000 08:07 4591113                    /home/songlinyang/.m2/repository/org/codehaus/plexus/plexus-utils/2.0.6/plexus-utils-2.0.6.jar
7fde1abad000-7fde1abb9000 r--s 0006b000 08:07 4591115                    /home/songlinyang/.m2/repository/org/sonatype/sisu/sisu-guice/2.9.4/sisu-guice-2.9.4-no_aop.jar
7fde1abb9000-7fde1abbf000 r--s 00033000 08:07 4591117                    /home/songlinyang/.m2/repository/org/sonatype/sisu/sisu-inject-bean/2.1.1/sisu-inject-bean-2.1.1.jar
7fde1abbf000-7fde1abc1000 r--s 00014000 08:07 4457909                    /home/songlinyang/.m2/repository/org/eclipse/jetty/jetty-maven-plugin/9.1.3.v20140225/jetty-maven-plugin-9.1.3.v20140225.jar
7fde1abc1000-7fde1abc8000 r--s 00000000 08:07 5638600                    /usr/lib/x86_64-linux-gnu/gconv/gconv-modules.cache
7fde1abc8000-7fde1abdc000 r--p 00000000 08:07 6299176                    /usr/share/locale-langpack/zh_CN/LC_MESSAGES/libc.mo
7fde1abdc000-7fde1ac47000 r--s 00e22000 08:07 4196469                    /usr/local/jdk1.7.0_71/lib/tools.jar
7fde1ac47000-7fde1ac4a000 r--s 0001b000 08:07 4457995                    /home/songlinyang/.m2/repository/junit/junit/3.8.2/junit-3.8.2.jar
7fde1ac4a000-7fde1ac58000 r--s 0008f000 08:07 4457994                    /home/songlinyang/.m2/repository/com/google/collections/google-collections/1.0/google-collections-1.0.jar
7fde1ac58000-7fde1ac59000 r--s 0000a000 08:07 4457980                    /home/songlinyang/.m2/repository/commons-logging/commons-logging-api/1.1/commons-logging-api-1.1.jar
7fde1ac59000-7fde1ac60000 r--s 00051000 08:07 4457972                    /home/songlinyang/.m2/repository/log4j/log4j/1.2.12/log4j-1.2.12.jar
7fde1ac60000-7fde1ac64000 r--s 0001d000 08:07 4457970                    /home/songlinyang/.m2/repository/org/apache/xbean/xbean-reflect/3.4/xbean-reflect-3.4.jar
7fde1ac64000-7fde1ac65000 r--s 00004000 08:07 4457959                    /home/songlinyang/.m2/repository/org/codehaus/plexus/plexus-compiler-javac/2.2/plexus-compiler-javac-2.2.jar
7fde1ac65000-7fde1ac67000 r--s 00000000 08:07 4457958                    /home/songlinyang/.m2/repository/org/codehaus/plexus/plexus-compiler-manager/2.2/plexus-compiler-manager-2.2.jar
7fde1ac67000-7fde1ac69000 r--s 00005000 08:07 4457957                    /home/songlinyang/.m2/repository/org/codehaus/plexus/plexus-compiler-api/2.2/plexus-compiler-api-2.2.jar
7fde1ac69000-7fde1ac6b000 r--s 00000000 08:07 4457952                    /home/songlinyang/.m2/repository/org/codehaus/plexus/plexus-component-annotations/1.5.5/plexus-component-annotations-1.5.5.jar
7fde1ac6b000-7fde1ac6d000 r--s 00002000 08:07 4457948                    /home/songlinyang/.m2/repository/org/apache/maven/shared/maven-shared-incremental/1.1/maven-shared-incremental-1.1.jar
7fde1ac6d000-7fde1ac6f000 r--s 00006000 08:07 4457950                    /home/songlinyang/.m2/repository/com/google/code/findbugs/jsr305/2.0.1/jsr305-2.0.1.jar
7fde1ac6f000-7fde1ac72000 r--s 00023000 08:07 4457946                    /home/songlinyang/.m2/repository/org/apache/maven/shared/maven-shared-utils/0.1/maven-shared-utils-0.1.jar
7fde1ac72000-7fde1ac76000 r--s 00030000 08:07 4457944                    /home/songlinyang/.m2/repository/org/codehaus/plexus/plexus-utils/1.5.1/plexus-utils-1.5.1.jar
7fde1ac76000-7fde1ac78000 r--s 00009000 08:07 4329678                    /home/songlinyang/.m2/repository/org/apache/maven/plugins/maven-compiler-plugin/3.1/maven-compiler-plugin-3.1.jar
7fde1ac78000-7fde1ac7a000 r--s 0000d000 08:07 4329977                    /home/songlinyang/.m2/repository/org/codehaus/plexus/plexus-interpolation/1.13/plexus-interpolation-1.13.jar
7fde1ac7a000-7fde1ac7b000 r--s 00001000 08:07 4329971                    /home/songlinyang/.m2/repository/org/sonatype/plexus/plexus-build-api/0.0.4/plexus-build-api-0.0.4.jar
7fde1ac7b000-7fde1ac7d000 r--s 00009000 08:07 4329967                    /home/songlinyang/.m2/repository/org/apache/maven/shared/maven-filtering/1.1/maven-filtering-1.1.jar
7fde1ac7d000-7fde1ac81000 r--s 00033000 08:07 4329961                    /home/songlinyang/.m2/repository/org/codehaus/plexus/plexus-utils/2.0.5/plexus-utils-2.0.5.jar
7fde1ac81000-7fde1ac84000 r--s 0001b000 08:07 4329565                    /home/songlinyang/.m2/repository/junit/junit/3.8.1/junit-3.8.1.jar
7fde1ac84000-7fde1ac86000 r--s 00002000 08:07 4329963                    /home/songlinyang/.m2/repository/org/codehaus/plexus/plexus-interactivity-api/1.0-alpha-4/plexus-interactivity-api-1.0-alpha-4.jar
7fde1ac86000-7fde1ac88000 r--s 00006000 08:07 4329959                    /home/songlinyang/.m2/repository/commons-cli/commons-cli/1.0/commons-cli-1.0.jar
7fde1ac88000-7fde1ac89000 r--s 00001000 08:07 4329957                    /home/songlinyang/.m2/repository/org/apache/maven/doxia/doxia-sink-api/1.0-alpha-7/doxia-sink-api-1.0-alpha-7.jar
7fde1ac89000-7fde1ac8a000 r--s 00002000 08:07 4329955                    /home/songlinyang/.m2/repository/org/apache/maven/reporting/maven-reporting-api/2.0.6/maven-reporting-api-2.0.6.jar
7fde1ac8a000-7fde1ac8c000 r--s 00006000 08:07 4329659                    /home/songlinyang/.m2/repository/org/apache/maven/plugins/maven-resources-plugin/2.6/maven-resources-plugin-2.6.jar
7fde1ac8c000-7fde1ac90000 r--s 0008a000 08:07 4198459                    /usr/local/jdk1.7.0_71/jre/lib/jsse.jar
7fde1ac90000-7fde1ac94000 r--s 000f7000 08:07 4197780                    /usr/local/jdk1.7.0_71/jre/lib/ext/localedata.jar
7fde1ac94000-7fde1acc5000 rw-p 00000000 00:00 0 
7fde1acc5000-7fde1acdb000 r-xp 00000000 08:07 4198276                    /usr/local/jdk1.7.0_71/jre/lib/amd64/libnet.so
7fde1acdb000-7fde1aedb000 ---p 00016000 08:07 4198276                    /usr/local/jdk1.7.0_71/jre/lib/amd64/libnet.so
7fde1aedb000-7fde1aedc000 rw-p 00016000 08:07 4198276                    /usr/local/jdk1.7.0_71/jre/lib/amd64/libnet.so
7fde1aedc000-7fde1aeec000 r-xp 00000000 08:07 4198316                    /usr/local/jdk1.7.0_71/jre/lib/amd64/libnio.so
7fde1aeec000-7fde1b0ec000 ---p 00010000 08:07 4198316                    /usr/local/jdk1.7.0_71/jre/lib/amd64/libnio.so
7fde1b0ec000-7fde1b0ed000 rw-p 00010000 08:07 4198316                    /usr/local/jdk1.7.0_71/jre/lib/amd64/libnio.so
7fde1b0ed000-7fde1b0ef000 r--s 00009000 08:07 5508257                    /usr/local/apache-maven-3.2.5/lib/maven-settings-3.2.5.jar
7fde1b0ef000-7fde1b0f0000 ---p 00000000 00:00 0 
7fde1b0f0000-7fde1b1f0000 rw-p 00000000 00:00 0                          [stack:17900]
7fde1b1f0000-7fde1b1f3000 ---p 00000000 00:00 0 
7fde1b1f3000-7fde1b2f1000 rw-p 00000000 00:00 0                          [stack:17899]
7fde1b2f1000-7fde1b2f4000 ---p 00000000 00:00 0 
7fde1b2f4000-7fde1b3f2000 rw-p 00000000 00:00 0                          [stack:17898]
7fde1b3f2000-7fde1b3f5000 ---p 00000000 00:00 0 
7fde1b3f5000-7fde1b4f3000 rw-p 00000000 00:00 0                          [stack:17897]
7fde1b4f3000-7fde1b4f6000 ---p 00000000 00:00 0 
7fde1b4f6000-7fde1b5f4000 rw-p 00000000 00:00 0                          [stack:17895]
7fde1b5f4000-7fde1b5f7000 ---p 00000000 00:00 0 
7fde1b5f7000-7fde1b6f5000 rw-p 00000000 00:00 0                          [stack:17894]
7fde1b6f5000-7fde1b6f8000 ---p 00000000 00:00 0 
7fde1b6f8000-7fde1b7f6000 rw-p 00000000 00:00 0                          [stack:17892]
7fde1b7f6000-7fde1b7fa000 r-xp 00000000 08:07 4198323                    /usr/local/jdk1.7.0_71/jre/lib/amd64/libdt_socket.so
7fde1b7fa000-7fde1b9f9000 ---p 00004000 08:07 4198323                    /usr/local/jdk1.7.0_71/jre/lib/amd64/libdt_socket.so
7fde1b9f9000-7fde1b9fa000 rw-p 00003000 08:07 4198323                    /usr/local/jdk1.7.0_71/jre/lib/amd64/libdt_socket.so
7fde1b9fa000-7fde1b9fd000 ---p 00000000 00:00 0 
7fde1b9fd000-7fde1bafb000 rw-p 00000000 00:00 0                          [stack:17891]
7fde1bafb000-7fde1bafe000 ---p 00000000 00:00 0 
7fde1bafe000-7fde1bbfc000 rw-p 00000000 00:00 0                          [stack:17890]
7fde1bbfc000-7fde1bbff000 ---p 00000000 00:00 0 
7fde1bbff000-7fde1bcfd000 rw-p 00000000 00:00 0                          [stack:17889]
7fde1bcfd000-7fde1bcfe000 ---p 00000000 00:00 0 
7fde1bcfe000-7fde1c000000 rw-p 00000000 00:00 0                          [stack:17888]
7fde1c000000-7fde1c042000 rw-p 00000000 00:00 0 
7fde1c042000-7fde20000000 ---p 00000000 00:00 0 
7fde20000000-7fde2002e000 r--s 001fa000 08:07 5508287                    /usr/local/apache-maven-3.2.5/lib/wagon-http-2.8-shaded.jar
7fde2002e000-7fde20032000 r--s 00020000 08:07 5508278                    /usr/local/apache-maven-3.2.5/lib/aether-util-1.0.0.v20140518.jar
7fde20032000-7fde20034000 r--s 00006000 08:07 5508277                    /usr/local/apache-maven-3.2.5/lib/aether-spi-1.0.0.v20140518.jar
7fde20034000-7fde20036000 r--s 0000c000 08:07 5508267                    /usr/local/apache-maven-3.2.5/lib/maven-artifact-3.2.5.jar
7fde20036000-7fde2003b000 r--s 00041000 08:07 5508290                    /usr/local/apache-maven-3.2.5/lib/commons-lang-2.6.jar
7fde2003b000-7fde2003c000 r--s 00008000 08:07 5508293                    /usr/local/apache-maven-3.2.5/lib/aether-connector-basic-1.0.0.v20140518.jar
7fde2003c000-7fde2003f000 r--s 00008000 08:07 5508270                    /usr/local/apache-maven-3.2.5/lib/cdi-api-1.0.jar
7fde2003f000-7fde20042000 r--s 0000d000 08:07 5508262                    /usr/local/apache-maven-3.2.5/lib/plexus-interpolation-1.21.jar
7fde20042000-7fde20044000 r--s 00009000 08:07 5508286                    /usr/local/apache-maven-3.2.5/lib/commons-cli-1.2.jar
7fde20044000-7fde20046000 r--s 0000e000 08:07 5508256                    /usr/local/apache-maven-3.2.5/lib/maven-embedder-3.2.5.jar
7fde20046000-7fde2004c000 r--s 0002b000 08:07 5508269                    /usr/local/apache-maven-3.2.5/lib/org.eclipse.sisu.plexus-0.3.0.M1.jar
7fde2004c000-7fde2004d000 r--s 00002000 08:07 5508295                    /usr/local/apache-maven-3.2.5/lib/slf4j-simple-1.7.5.jar
7fde2004d000-7fde2004f000 r--s 00000000 08:07 5508281                    /usr/local/apache-maven-3.2.5/lib/aopalliance-1.0.jar
7fde2004f000-7fde20051000 r--s 00005000 08:07 5508266                    /usr/local/apache-maven-3.2.5/lib/maven-repository-metadata-3.2.5.jar
7fde20051000-7fde20055000 r--s 00027000 08:07 5508291                    /usr/local/apache-maven-3.2.5/lib/commons-io-2.2.jar
7fde20055000-7fde2005e000 r--s 00059000 08:07 5508280                    /usr/local/apache-maven-3.2.5/lib/sisu-guice-3.2.3-no_aop.jar
7fde2005e000-7fde20060000 r--s 0000a000 08:07 5508268                    /usr/local/apache-maven-3.2.5/lib/maven-plugin-api-3.2.5.jar
7fde20060000-7fde20065000 r--s 00025000 08:07 5508274                    /usr/local/apache-maven-3.2.5/lib/maven-model-builder-3.2.5.jar
7fde20065000-7fde20090000 r--s 001fc000 08:07 5508282                    /usr/local/apache-maven-3.2.5/lib/guava-18.0.jar
7fde20090000-7fde20845000 rw-p 00000000 00:00 0 
7fde20845000-7fde20a04000 r--s 039e9000 08:07 4198446                    /usr/local/jdk1.7.0_71/jre/lib/rt.jar
7fde20a04000-7fde20eff000 rw-p 00000000 00:00 0 
7fde20eff000-7fde20f00000 ---p 00000000 00:00 0 
7fde20f00000-7fde21000000 rw-p 00000000 00:00 0                          [stack:17887]
7fde21000000-7fde215d0000 rwxp 00000000 00:00 0 
7fde215d0000-7fde25a2f000 rw-p 00000000 00:00 0 
7fde25a2f000-7fde28000000 ---p 00000000 00:00 0 
7fde28000000-7fde28002000 r--s 00002000 08:07 5508265                    /usr/local/apache-maven-3.2.5/lib/plexus-cipher-1.7.jar
7fde28002000-7fde28004000 r--s 0000b000 08:07 5508284                    /usr/local/apache-maven-3.2.5/lib/wagon-provider-api-2.8.jar
7fde28004000-7fde28007000 r--s 00025000 08:07 5508260                    /usr/local/apache-maven-3.2.5/lib/maven-model-3.2.5.jar
7fde28007000-7fde28009000 r--s 00005000 08:07 5508285                    /usr/local/apache-maven-3.2.5/lib/slf4j-api-1.7.5.jar
7fde28009000-7fde2800b000 r--s 00000000 08:07 5508263                    /usr/local/apache-maven-3.2.5/lib/plexus-component-annotations-1.5.5.jar
7fde2800b000-7fde28017000 r--s 00089000 08:07 5508259                    /usr/local/apache-maven-3.2.5/lib/maven-core-3.2.5.jar
7fde28017000-7fde28040000 rw-p 00000000 00:00 0 
7fde28040000-7fde28041000 ---p 00000000 00:00 0 
7fde28041000-7fde28163000 rw-p 00000000 00:00 0                          [stack:17886]
7fde28163000-7fde2816a000 rw-p 00000000 00:00 0 
7fde2816a000-7fde281cf000 rw-p 00000000 00:00 0 
7fde281cf000-7fde283fb000 rw-p 00000000 00:00 0 
7fde283fb000-7fde2841d000 rw-p 00000000 00:00 0 
7fde2841d000-7fde28424000 rw-p 00000000 00:00 0 
7fde28424000-7fde28489000 rw-p 00000000 00:00 0 
7fde28489000-7fde286b4000 rw-p 00000000 00:00 0 
7fde286b4000-7fde287fd000 rw-p 00000000 00:00 0 
7fde287fd000-7fde287fe000 rw-p 00000000 00:00 0 
7fde287fe000-7fde28818000 r-xp 00000000 08:07 4198330                    /usr/local/jdk1.7.0_71/jre/lib/amd64/libzip.so
7fde28818000-7fde28a18000 ---p 0001a000 08:07 4198330                    /usr/local/jdk1.7.0_71/jre/lib/amd64/libzip.so
7fde28a18000-7fde28a19000 rw-p 0001a000 08:07 4198330                    /usr/local/jdk1.7.0_71/jre/lib/amd64/libzip.so
7fde28a19000-7fde28a24000 r-xp 00000000 08:07 6686876                    /lib/x86_64-linux-gnu/libnss_files-2.19.so
7fde28a24000-7fde28c23000 ---p 0000b000 08:07 6686876                    /lib/x86_64-linux-gnu/libnss_files-2.19.so
7fde28c23000-7fde28c24000 r--p 0000a000 08:07 6686876                    /lib/x86_64-linux-gnu/libnss_files-2.19.so
7fde28c24000-7fde28c25000 rw-p 0000b000 08:07 6686876                    /lib/x86_64-linux-gnu/libnss_files-2.19.so
7fde28c25000-7fde28c30000 r-xp 00000000 08:07 6686964                    /lib/x86_64-linux-gnu/libnss_nis-2.19.so
7fde28c30000-7fde28e2f000 ---p 0000b000 08:07 6686964                    /lib/x86_64-linux-gnu/libnss_nis-2.19.so
7fde28e2f000-7fde28e30000 r--p 0000a000 08:07 6686964                    /lib/x86_64-linux-gnu/libnss_nis-2.19.so
7fde28e30000-7fde28e31000 rw-p 0000b000 08:07 6686964                    /lib/x86_64-linux-gnu/libnss_nis-2.19.so
7fde28e31000-7fde28e48000 r-xp 00000000 08:07 6686944                    /lib/x86_64-linux-gnu/libnsl-2.19.so
7fde28e48000-7fde29047000 ---p 00017000 08:07 6686944                    /lib/x86_64-linux-gnu/libnsl-2.19.so
7fde29047000-7fde29048000 r--p 00016000 08:07 6686944                    /lib/x86_64-linux-gnu/libnsl-2.19.so
7fde29048000-7fde29049000 rw-p 00017000 08:07 6686944                    /lib/x86_64-linux-gnu/libnsl-2.19.so
7fde29049000-7fde2904b000 rw-p 00000000 00:00 0 
7fde2904b000-7fde29054000 r-xp 00000000 08:07 6686942                    /lib/x86_64-linux-gnu/libnss_compat-2.19.so
7fde29054000-7fde29253000 ---p 00009000 08:07 6686942                    /lib/x86_64-linux-gnu/libnss_compat-2.19.so
7fde29253000-7fde29254000 r--p 00008000 08:07 6686942                    /lib/x86_64-linux-gnu/libnss_compat-2.19.so
7fde29254000-7fde29255000 rw-p 00009000 08:07 6686942                    /lib/x86_64-linux-gnu/libnss_compat-2.19.so
7fde29255000-7fde29ae0000 r--p 00000000 08:07 5381156                    /usr/lib/locale/locale-archive
7fde29ae0000-7fde29ae3000 r-xp 00000000 08:07 4198298                    /usr/local/jdk1.7.0_71/jre/lib/amd64/libnpt.so
7fde29ae3000-7fde29ce2000 ---p 00003000 08:07 4198298                    /usr/local/jdk1.7.0_71/jre/lib/amd64/libnpt.so
7fde29ce2000-7fde29ce3000 rw-p 00002000 08:07 4198298                    /usr/local/jdk1.7.0_71/jre/lib/amd64/libnpt.so
7fde29ce3000-7fde29d1c000 r-xp 00000000 08:07 4198284                    /usr/local/jdk1.7.0_71/jre/lib/amd64/libjdwp.so
7fde29d1c000-7fde29f1c000 ---p 00039000 08:07 4198284                    /usr/local/jdk1.7.0_71/jre/lib/amd64/libjdwp.so
7fde29f1c000-7fde29f1d000 rw-p 00039000 08:07 4198284                    /usr/local/jdk1.7.0_71/jre/lib/amd64/libjdwp.so
7fde29f1d000-7fde29f1e000 rw-p 00000000 00:00 0 
7fde29f1e000-7fde29f47000 r-xp 00000000 08:07 4198313                    /usr/local/jdk1.7.0_71/jre/lib/amd64/libjava.so
7fde29f47000-7fde2a147000 ---p 00029000 08:07 4198313                    /usr/local/jdk1.7.0_71/jre/lib/amd64/libjava.so
7fde2a147000-7fde2a149000 rw-p 00029000 08:07 4198313                    /usr/local/jdk1.7.0_71/jre/lib/amd64/libjava.so
7fde2a149000-7fde2a156000 r-xp 00000000 08:07 4198275                    /usr/local/jdk1.7.0_71/jre/lib/amd64/libverify.so
7fde2a156000-7fde2a355000 ---p 0000d000 08:07 4198275                    /usr/local/jdk1.7.0_71/jre/lib/amd64/libverify.so
7fde2a355000-7fde2a357000 rw-p 0000c000 08:07 4198275                    /usr/local/jdk1.7.0_71/jre/lib/amd64/libverify.so
7fde2a357000-7fde2a35e000 r-xp 00000000 08:07 6686960                    /lib/x86_64-linux-gnu/librt-2.19.so
7fde2a35e000-7fde2a55d000 ---p 00007000 08:07 6686960                    /lib/x86_64-linux-gnu/librt-2.19.so
7fde2a55d000-7fde2a55e000 r--p 00006000 08:07 6686960                    /lib/x86_64-linux-gnu/librt-2.19.so
7fde2a55e000-7fde2a55f000 rw-p 00007000 08:07 6686960                    /lib/x86_64-linux-gnu/librt-2.19.so
7fde2a55f000-7fde2a664000 r-xp 00000000 08:07 6686874                    /lib/x86_64-linux-gnu/libm-2.19.so
7fde2a664000-7fde2a863000 ---p 00105000 08:07 6686874                    /lib/x86_64-linux-gnu/libm-2.19.so
7fde2a863000-7fde2a864000 r--p 00104000 08:07 6686874                    /lib/x86_64-linux-gnu/libm-2.19.so
7fde2a864000-7fde2a865000 rw-p 00105000 08:07 6686874                    /lib/x86_64-linux-gnu/libm-2.19.so
7fde2a865000-7fde2b3d7000 r-xp 00000000 08:07 4198289                    /usr/local/jdk1.7.0_71/jre/lib/amd64/server/libjvm.so
7fde2b3d7000-7fde2b5d6000 ---p 00b72000 08:07 4198289                    /usr/local/jdk1.7.0_71/jre/lib/amd64/server/libjvm.so
7fde2b5d6000-7fde2b69b000 rw-p 00b71000 08:07 4198289                    /usr/local/jdk1.7.0_71/jre/lib/amd64/server/libjvm.so
7fde2b69b000-7fde2b6db000 rw-p 00000000 00:00 0 
7fde2b6db000-7fde2b896000 r-xp 00000000 08:07 6686954                    /lib/x86_64-linux-gnu/libc-2.19.so
7fde2b896000-7fde2ba95000 ---p 001bb000 08:07 6686954                    /lib/x86_64-linux-gnu/libc-2.19.so
7fde2ba95000-7fde2ba99000 r--p 001ba000 08:07 6686954                    /lib/x86_64-linux-gnu/libc-2.19.so
7fde2ba99000-7fde2ba9b000 rw-p 001be000 08:07 6686954                    /lib/x86_64-linux-gnu/libc-2.19.so
7fde2ba9b000-7fde2baa0000 rw-p 00000000 00:00 0 
7fde2baa0000-7fde2baa3000 r-xp 00000000 08:07 6686882                    /lib/x86_64-linux-gnu/libdl-2.19.so
7fde2baa3000-7fde2bca2000 ---p 00003000 08:07 6686882                    /lib/x86_64-linux-gnu/libdl-2.19.so
7fde2bca2000-7fde2bca3000 r--p 00002000 08:07 6686882                    /lib/x86_64-linux-gnu/libdl-2.19.so
7fde2bca3000-7fde2bca4000 rw-p 00003000 08:07 6686882                    /lib/x86_64-linux-gnu/libdl-2.19.so
7fde2bca4000-7fde2bcba000 r-xp 00000000 08:07 4196463                    /usr/local/jdk1.7.0_71/lib/amd64/jli/libjli.so
7fde2bcba000-7fde2beba000 ---p 00016000 08:07 4196463                    /usr/local/jdk1.7.0_71/lib/amd64/jli/libjli.so
7fde2beba000-7fde2bebb000 rw-p 00016000 08:07 4196463                    /usr/local/jdk1.7.0_71/lib/amd64/jli/libjli.so
7fde2bebb000-7fde2bed4000 r-xp 00000000 08:07 6686956                    /lib/x86_64-linux-gnu/libpthread-2.19.so
7fde2bed4000-7fde2c0d3000 ---p 00019000 08:07 6686956                    /lib/x86_64-linux-gnu/libpthread-2.19.so
7fde2c0d3000-7fde2c0d4000 r--p 00018000 08:07 6686956                    /lib/x86_64-linux-gnu/libpthread-2.19.so
7fde2c0d4000-7fde2c0d5000 rw-p 00019000 08:07 6686956                    /lib/x86_64-linux-gnu/libpthread-2.19.so
7fde2c0d5000-7fde2c0d9000 rw-p 00000000 00:00 0 
7fde2c0d9000-7fde2c0fc000 r-xp 00000000 08:07 6686948                    /lib/x86_64-linux-gnu/ld-2.19.so
7fde2c0fc000-7fde2c0fd000 r--s 00006000 08:07 5508264                    /usr/local/apache-maven-3.2.5/lib/plexus-sec-dispatcher-1.3.jar
7fde2c0fd000-7fde2c104000 r--s 0004d000 08:07 5508273                    /usr/local/apache-maven-3.2.5/lib/org.eclipse.sisu.inject-0.3.0.M1.jar
7fde2c104000-7fde2c105000 r--s 00002000 08:07 5508292                    /usr/local/apache-maven-3.2.5/lib/wagon-file-2.8.jar
7fde2c105000-7fde2c10b000 r--s 00040000 08:07 5508283                    /usr/local/apache-maven-3.2.5/lib/maven-compat-3.2.5.jar
7fde2c10b000-7fde2c10d000 r--s 00005000 08:07 5508294                    /usr/local/apache-maven-3.2.5/lib/aether-transport-wagon-1.0.0.v20140518.jar
7fde2c10d000-7fde2c111000 r--s 00038000 08:07 5508258                    /usr/local/apache-maven-3.2.5/lib/plexus-utils-3.0.20.jar
7fde2c111000-7fde2c117000 r--s 00042000 08:07 5508289                    /usr/local/apache-maven-3.2.5/lib/jsoup-1.7.2.jar
7fde2c117000-7fde2c12f000 rw-p 00000000 00:00 0 
7fde2c12f000-7fde2c1d7000 rw-p 00000000 00:00 0 
7fde2c1d7000-7fde2c1da000 ---p 00000000 00:00 0 
7fde2c1da000-7fde2c2dc000 rw-p 00000000 00:00 0                          [stack:17885]
7fde2c2dc000-7fde2c2df000 r--s 00027000 08:07 5508279                    /usr/local/apache-maven-3.2.5/lib/aether-impl-1.0.0.v20140518.jar
7fde2c2df000-7fde2c2e1000 r--s 00009000 08:07 5508261                    /usr/local/apache-maven-3.2.5/lib/maven-settings-builder-3.2.5.jar
7fde2c2e1000-7fde2c2e3000 r--s 0000f000 08:07 5508275                    /usr/local/apache-maven-3.2.5/lib/maven-aether-provider-3.2.5.jar
7fde2c2e3000-7fde2c2e4000 r--s 00002000 08:07 5508288                    /usr/local/apache-maven-3.2.5/lib/wagon-http-shared-2.8.jar
7fde2c2e4000-7fde2c2e5000 r--s 00000000 08:07 5508272                    /usr/local/apache-maven-3.2.5/lib/javax.inject-1.jar
7fde2c2e5000-7fde2c2ea000 r--s 0001d000 08:07 5508276                    /usr/local/apache-maven-3.2.5/lib/aether-api-1.0.0.v20140518.jar
7fde2c2ea000-7fde2c2eb000 r--s 00001000 08:07 5508271                    /usr/local/apache-maven-3.2.5/lib/jsr250-api-1.0.jar
7fde2c2eb000-7fde2c2ed000 r--s 00016000 08:07 5380016                    /usr/local/idea-IU-139.659.2/lib/idea_rt.jar
7fde2c2ed000-7fde2c2ef000 r--s 0000b000 08:07 5508255                    /usr/local/apache-maven-3.2.5/boot/plexus-classworlds-2.5.2.jar
7fde2c2ef000-7fde2c2f7000 rw-s 00000000 08:07 3276869                    /tmp/hsperfdata_songlinyang/17883
7fde2c2f7000-7fde2c2f8000 rw-p 00000000 00:00 0 
7fde2c2f8000-7fde2c2f9000 r--p 00000000 00:00 0 
7fde2c2f9000-7fde2c2fb000 rw-p 00000000 00:00 0 
7fde2c2fb000-7fde2c2fc000 r--p 00022000 08:07 6686948                    /lib/x86_64-linux-gnu/ld-2.19.so
7fde2c2fc000-7fde2c2fd000 rw-p 00023000 08:07 6686948                    /lib/x86_64-linux-gnu/ld-2.19.so
7fde2c2fd000-7fde2c2fe000 rw-p 00000000 00:00 0 
7fff1132d000-7fff1134e000 rw-p 00000000 00:00 0                          [stack]
7fff1136e000-7fff11370000 r-xp 00000000 00:00 0                          [vdso]
ffffffffff600000-ffffffffff601000 r-xp 00000000 00:00 0                  [vsyscall]

VM Arguments:
jvm_args: -agentlib:jdwp=transport=dt_socket,address=127.0.0.1:51991,suspend=y,server=n -Dmaven.home=/usr/local/apache-maven-3.2.5 -Dclassworlds.conf=/usr/local/apache-maven-3.2.5/bin/m2.conf -Dfile.encoding=UTF-8 
java_command: org.codehaus.classworlds.Launcher -Didea.version=14.0.2 jetty:run -DforkMode=never -P dev
Launcher Type: SUN_STANDARD

Environment Variables:
JAVA_HOME=/usr/local/jdk1.7.0_71
JRE_HOME=/usr/local/jdk1.7.0_71/jre
CLASSPATH=/usr/local/idea-IU-139.659.2/bin/../lib/bootstrap.jar:/usr/local/idea-IU-139.659.2/bin/../lib/extensions.jar:/usr/local/idea-IU-139.659.2/bin/../lib/util.jar:/usr/local/idea-IU-139.659.2/bin/../lib/jdom.jar:/usr/local/idea-IU-139.659.2/bin/../lib/log4j.jar:/usr/local/idea-IU-139.659.2/bin/../lib/trove4j.jar:/usr/local/idea-IU-139.659.2/bin/../lib/jna.jar:/usr/local/jdk1.7.0_71/lib/tools.jar
PATH=/usr/local/hive/bin:/usr/local/hbase-1.0.0/bin:/usr/local/findbugs-2.0.3/bin:/usr/local/apache-ant-1.9.4/bin:/usr/local/apache-maven-3.2.5/bin:/usr/local/zookeeper-3.4.6/bin:/usr/local/jdk1.7.0_71/bin:/usr/local/jdk1.7.0_71/jre/bin:/usr/local/sbin:/usr/local/bin:/usr/sbin:/usr/bin:/sbin:/bin:/usr/games:/usr/local/games:/usr/local/pig-0.14.0/bin
LD_LIBRARY_PATH=/usr/local/idea-IU-139.659.2/bin:
SHELL=/bin/bash
DISPLAY=:0

Signal Handlers:
SIGSEGV: [libjvm.so+0x9a1330], sa_mask[0]=0x7ffbfeff, sa_flags=0x10000004
SIGBUS: [libjvm.so+0x9a1330], sa_mask[0]=0x7ffbfeff, sa_flags=0x10000004
SIGFPE: [libjvm.so+0x81b390], sa_mask[0]=0x7ffbfeff, sa_flags=0x10000004
SIGPIPE: [libjvm.so+0x81b390], sa_mask[0]=0x7ffbfeff, sa_flags=0x10000004
SIGXFSZ: [libjvm.so+0x81b390], sa_mask[0]=0x7ffbfeff, sa_flags=0x10000004
SIGILL: [libjvm.so+0x81b390], sa_mask[0]=0x7ffbfeff, sa_flags=0x10000004
SIGUSR1: SIG_DFL, sa_mask[0]=0x00000000, sa_flags=0x00000000
SIGUSR2: [libjvm.so+0x81cb90], sa_mask[0]=0x00000004, sa_flags=0x10000004
SIGHUP: [libjvm.so+0x81dc90], sa_mask[0]=0x7ffbfeff, sa_flags=0x10000004
SIGINT: [libjvm.so+0x81dc90], sa_mask[0]=0x7ffbfeff, sa_flags=0x10000004
SIGTERM: [libjvm.so+0x81dc90], sa_mask[0]=0x7ffbfeff, sa_flags=0x10000004
SIGQUIT: [libjvm.so+0x81dc90], sa_mask[0]=0x7ffbfeff, sa_flags=0x10000004


---------------  S Y S T E M  ---------------

OS:jessie/sid

uname:Linux 3.13.0-48-generic #80-Ubuntu SMP Thu Mar 12 11:16:15 UTC 2015 x86_64
libc:glibc 2.19 NPTL 2.19 
rlimit: STACK 8192k, CORE 0k, NPROC 61333, NOFILE 4096, AS infinity
load average:1.38 0.50 0.33

/proc/meminfo:
MemTotal:        8068520 kB
MemFree:          787364 kB
Buffers:           55540 kB
Cached:          1321344 kB
SwapCached:         5280 kB
Active:          5301788 kB
Inactive:        1635988 kB
Active(anon):    4840528 kB
Inactive(anon):  1273184 kB
Active(file):     461260 kB
Inactive(file):   362804 kB
Unevictable:          72 kB
Mlocked:              72 kB
SwapTotal:       4567036 kB
SwapFree:        4505824 kB
Dirty:             15784 kB
Writeback:             0 kB
AnonPages:       5555788 kB
Mapped:           406100 kB
Shmem:            552820 kB
Slab:             205648 kB
SReclaimable:     166132 kB
SUnreclaim:        39516 kB
KernelStack:        6664 kB
PageTables:        53444 kB
NFS_Unstable:          0 kB
Bounce:                0 kB
WritebackTmp:          0 kB
CommitLimit:     8601296 kB
Committed_AS:   15440932 kB
VmallocTotal:   34359738367 kB
VmallocUsed:      359980 kB
VmallocChunk:   34359365844 kB
HardwareCorrupted:     0 kB
AnonHugePages:   2674688 kB
HugePages_Total:       0
HugePages_Free:        0
HugePages_Rsvd:        0
HugePages_Surp:        0
Hugepagesize:       2048 kB
DirectMap4k:       61476 kB
DirectMap2M:     8218624 kB


CPU:total 2 (2 cores per cpu, 1 threads per core) family 6 model 58 stepping 9, cmov, cx8, fxsr, mmx, sse, sse2, sse3, ssse3, sse4.1, sse4.2, popcnt, erms, tsc, tscinvbit, tscinv

/proc/cpuinfo:
processor	: 0
vendor_id	: GenuineIntel
cpu family	: 6
model		: 58
model name	: Intel(R) Pentium(R) CPU G2010 @ 2.80GHz
stepping	: 9
microcode	: 0x15
cpu MHz		: 2800.000
cache size	: 3072 KB
physical id	: 0
siblings	: 2
core id		: 0
cpu cores	: 2
apicid		: 0
initial apicid	: 0
fpu		: yes
fpu_exception	: yes
cpuid level	: 13
wp		: yes
flags		: fpu vme de pse tsc msr pae mce cx8 apic sep mtrr pge mca cmov pat pse36 clflush dts acpi mmx fxsr sse sse2 ss ht tm pbe syscall nx rdtscp lm constant_tsc arch_perfmon pebs bts rep_good nopl xtopology nonstop_tsc aperfmperf eagerfpu pni pclmulqdq dtes64 monitor ds_cpl vmx est tm2 ssse3 cx16 xtpr pdcm pcid sse4_1 sse4_2 popcnt tsc_deadline_timer xsave lahf_lm arat epb xsaveopt pln pts dtherm tpr_shadow vnmi flexpriority ept vpid fsgsbase smep erms
bogomips	: 5587.19
clflush size	: 64
cache_alignment	: 64
address sizes	: 36 bits physical, 48 bits virtual
power management:

processor	: 1
vendor_id	: GenuineIntel
cpu family	: 6
model		: 58
model name	: Intel(R) Pentium(R) CPU G2010 @ 2.80GHz
stepping	: 9
microcode	: 0x15
cpu MHz		: 2800.000
cache size	: 3072 KB
physical id	: 0
siblings	: 2
core id		: 1
cpu cores	: 2
apicid		: 2
initial apicid	: 2
fpu		: yes
fpu_exception	: yes
cpuid level	: 13
wp		: yes
flags		: fpu vme de pse tsc msr pae mce cx8 apic sep mtrr pge mca cmov pat pse36 clflush dts acpi mmx fxsr sse sse2 ss ht tm pbe syscall nx rdtscp lm constant_tsc arch_perfmon pebs bts rep_good nopl xtopology nonstop_tsc aperfmperf eagerfpu pni pclmulqdq dtes64 monitor ds_cpl vmx est tm2 ssse3 cx16 xtpr pdcm pcid sse4_1 sse4_2 popcnt tsc_deadline_timer xsave lahf_lm arat epb xsaveopt pln pts dtherm tpr_shadow vnmi flexpriority ept vpid fsgsbase smep erms
bogomips	: 5587.19
clflush size	: 64
cache_alignment	: 64
address sizes	: 36 bits physical, 48 bits virtual
power management:



Memory: 4k page, physical 8068520k(787364k free), swap 4567036k(4505824k free)

vm_info: Java HotSpot(TM) 64-Bit Server VM (24.71-b01) for linux-amd64 JRE (1.7.0_71-b14), built on Sep 26 2014 16:41:40 by "java_re" with gcc 4.3.0 20080428 (Red Hat 4.3.0-8)

time: Tue Apr 28 10:44:17 2015
elapsed time: 4836 seconds

